=== Training started for CLIPClassifier with strategy: partial ===
Device: cuda, LR: 0.0001, Batch size: 50, Epochs: 20
[Strategy 2] Training last 30.0% of layers (120/402): 50,469,378 / 149,818,115 (33.69%)
[CLIPClassifier] Train Epoch 1: Loss=0.53788, Acc=0.71476
[CLIPClassifier] Val Epoch 1: Loss=0.30918, Acc=0.90667
[CLIPClassifier] Train Epoch 2: Loss=0.23781, Acc=0.91190
[CLIPClassifier] Val Epoch 2: Loss=0.18311, Acc=0.92222
[CLIPClassifier] Warning: very low grad mean (8.28e-05)
[CLIPClassifier] Train Epoch 3: Loss=0.09612, Acc=0.96381
[CLIPClassifier] Val Epoch 3: Loss=0.09209, Acc=0.95778
[CLIPClassifier] Warning: very low grad mean (9.90e-05)
[CLIPClassifier] Warning: very low grad mean (6.32e-05)
[CLIPClassifier] Warning: very low grad mean (9.60e-05)
[CLIPClassifier] Warning: very low grad mean (8.00e-05)
[CLIPClassifier] Warning: very low grad mean (8.36e-05)
[CLIPClassifier] Warning: very low grad mean (7.25e-05)
[CLIPClassifier] Warning: very low grad mean (8.97e-05)
[CLIPClassifier] Warning: very low grad mean (2.55e-05)
[CLIPClassifier] Warning: very low grad mean (1.33e-05)
[CLIPClassifier] Train Epoch 4: Loss=0.04162, Acc=0.98857
[CLIPClassifier] Val Epoch 4: Loss=0.11448, Acc=0.95556
[CLIPClassifier] Warning: very low grad mean (6.44e-05)
[CLIPClassifier] Warning: very low grad mean (7.31e-05)
[CLIPClassifier] Warning: very low grad mean (3.80e-05)
[CLIPClassifier] Warning: very low grad mean (6.74e-05)
[CLIPClassifier] Warning: very low grad mean (3.00e-05)
[CLIPClassifier] Warning: very low grad mean (5.25e-05)
[CLIPClassifier] Warning: very low grad mean (9.81e-05)
[CLIPClassifier] Warning: very low grad mean (9.88e-05)
[CLIPClassifier] Warning: very low grad mean (2.29e-05)
[CLIPClassifier] Train Epoch 5: Loss=0.04439, Acc=0.98286
[CLIPClassifier] Val Epoch 5: Loss=0.08991, Acc=0.96222
[CLIPClassifier] Warning: very low grad mean (8.96e-05)
[CLIPClassifier] Warning: very low grad mean (5.89e-05)
[CLIPClassifier] Warning: very low grad mean (8.32e-05)
[CLIPClassifier] Warning: very low grad mean (6.46e-05)
[CLIPClassifier] Warning: very low grad mean (5.52e-05)
[CLIPClassifier] Warning: very low grad mean (2.34e-05)
[CLIPClassifier] Warning: very low grad mean (1.04e-05)
[CLIPClassifier] Warning: very low grad mean (3.99e-05)
[CLIPClassifier] Warning: very low grad mean (1.74e-05)
[CLIPClassifier] Warning: very low grad mean (1.56e-05)
[CLIPClassifier] Warning: very low grad mean (5.17e-05)
[CLIPClassifier] Warning: very low grad mean (7.42e-05)
[CLIPClassifier] Warning: very low grad mean (7.31e-05)
[CLIPClassifier] Train Epoch 6: Loss=0.03240, Acc=0.99095
[CLIPClassifier] Val Epoch 6: Loss=0.11889, Acc=0.95111
[CLIPClassifier] Warning: very low grad mean (3.82e-05)
[CLIPClassifier] Warning: very low grad mean (1.42e-05)
[CLIPClassifier] Warning: very low grad mean (6.67e-05)
[CLIPClassifier] Warning: very low grad mean (7.35e-05)
[CLIPClassifier] Warning: very low grad mean (2.52e-05)
[CLIPClassifier] Warning: very low grad mean (4.58e-05)
[CLIPClassifier] Warning: very low grad mean (3.58e-05)
[CLIPClassifier] Warning: very low grad mean (2.28e-05)
[CLIPClassifier] Warning: very low grad mean (5.06e-05)
[CLIPClassifier] Warning: very low grad mean (3.78e-05)
[CLIPClassifier] Warning: very low grad mean (2.62e-05)
[CLIPClassifier] Warning: very low grad mean (3.76e-05)
[CLIPClassifier] Warning: very low grad mean (1.71e-05)
[CLIPClassifier] Warning: very low grad mean (1.28e-05)
[CLIPClassifier] Warning: very low grad mean (2.34e-05)
[CLIPClassifier] Warning: very low grad mean (9.68e-06)
[CLIPClassifier] Warning: very low grad mean (3.41e-05)
[CLIPClassifier] Warning: very low grad mean (4.09e-05)
[CLIPClassifier] Train Epoch 7: Loss=0.02698, Acc=0.99190
[CLIPClassifier] Val Epoch 7: Loss=0.08717, Acc=0.96667
[CLIPClassifier] Warning: very low grad mean (6.32e-05)
[CLIPClassifier] Warning: very low grad mean (2.79e-05)
[CLIPClassifier] Warning: very low grad mean (2.80e-05)
[CLIPClassifier] Warning: very low grad mean (9.72e-05)
[CLIPClassifier] Warning: very low grad mean (5.89e-05)
[CLIPClassifier] Warning: very low grad mean (2.23e-05)
[CLIPClassifier] Warning: very low grad mean (4.22e-05)
[CLIPClassifier] Warning: very low grad mean (1.24e-05)
[CLIPClassifier] Warning: very low grad mean (1.45e-05)
[CLIPClassifier] Warning: very low grad mean (1.43e-05)
[CLIPClassifier] Warning: very low grad mean (4.87e-05)
[CLIPClassifier] Warning: very low grad mean (5.27e-05)
[CLIPClassifier] Warning: very low grad mean (1.05e-05)
[CLIPClassifier] Warning: very low grad mean (1.50e-05)
[CLIPClassifier] Warning: very low grad mean (2.35e-05)
[CLIPClassifier] Warning: very low grad mean (9.17e-05)
[CLIPClassifier] Warning: very low grad mean (1.92e-05)
[CLIPClassifier] Warning: very low grad mean (4.81e-05)
[CLIPClassifier] Warning: very low grad mean (5.56e-05)
[CLIPClassifier] Warning: very low grad mean (2.38e-05)
[CLIPClassifier] Warning: very low grad mean (1.10e-05)
[CLIPClassifier] Warning: very low grad mean (2.18e-05)
[CLIPClassifier] Train Epoch 8: Loss=0.01217, Acc=0.99810
[CLIPClassifier] Val Epoch 8: Loss=0.11720, Acc=0.96444
[CLIPClassifier] Warning: very low grad mean (6.95e-06)
[CLIPClassifier] Warning: very low grad mean (5.29e-06)
[CLIPClassifier] Warning: very low grad mean (4.83e-06)
[CLIPClassifier] Warning: very low grad mean (6.91e-06)
[CLIPClassifier] Warning: very low grad mean (3.46e-05)
[CLIPClassifier] Warning: very low grad mean (7.19e-06)
[CLIPClassifier] Warning: very low grad mean (5.49e-06)
[CLIPClassifier] Warning: very low grad mean (8.59e-05)
[CLIPClassifier] Warning: very low grad mean (3.31e-05)
[CLIPClassifier] Warning: very low grad mean (1.86e-05)
[CLIPClassifier] Warning: very low grad mean (5.10e-06)
[CLIPClassifier] Warning: very low grad mean (2.38e-05)
[CLIPClassifier] Warning: very low grad mean (6.90e-06)
[CLIPClassifier] Warning: very low grad mean (6.49e-06)
[CLIPClassifier] Warning: very low grad mean (5.33e-05)
[CLIPClassifier] Warning: very low grad mean (5.55e-05)
[CLIPClassifier] Warning: very low grad mean (3.89e-05)
[CLIPClassifier] Train Epoch 9: Loss=0.02881, Acc=0.99190
[CLIPClassifier] Val Epoch 9: Loss=0.10742, Acc=0.96222
[CLIPClassifier] Warning: very low grad mean (2.51e-05)
[CLIPClassifier] Warning: very low grad mean (7.55e-05)
[CLIPClassifier] Warning: very low grad mean (5.22e-05)
[CLIPClassifier] Warning: very low grad mean (1.09e-05)
[CLIPClassifier] Warning: very low grad mean (8.53e-05)
[CLIPClassifier] Warning: very low grad mean (3.95e-05)
[CLIPClassifier] Warning: very low grad mean (7.19e-05)
[CLIPClassifier] Warning: very low grad mean (6.34e-06)
[CLIPClassifier] Warning: very low grad mean (5.96e-06)
[CLIPClassifier] Warning: very low grad mean (4.13e-05)
[CLIPClassifier] Warning: very low grad mean (1.94e-05)
[CLIPClassifier] Warning: very low grad mean (1.21e-05)
[CLIPClassifier] Warning: very low grad mean (7.84e-06)
[CLIPClassifier] Warning: very low grad mean (6.38e-06)
[CLIPClassifier] Warning: very low grad mean (8.61e-05)
[CLIPClassifier] Warning: very low grad mean (3.58e-05)
[CLIPClassifier] Warning: very low grad mean (2.70e-06)
[CLIPClassifier] Warning: very low grad mean (1.70e-05)
[CLIPClassifier] Warning: very low grad mean (7.30e-05)
[CLIPClassifier] Train Epoch 10: Loss=0.02247, Acc=0.99238
[CLIPClassifier] Val Epoch 10: Loss=0.13888, Acc=0.94667
[CLIPClassifier] Warning: very low grad mean (8.11e-05)
[CLIPClassifier] Warning: very low grad mean (6.99e-05)
[CLIPClassifier] Warning: very low grad mean (5.81e-05)
[CLIPClassifier] Warning: very low grad mean (3.88e-05)
[CLIPClassifier] Warning: very low grad mean (1.05e-05)
[CLIPClassifier] Warning: very low grad mean (4.95e-05)
[CLIPClassifier] Warning: very low grad mean (1.07e-05)
[CLIPClassifier] Warning: very low grad mean (6.12e-05)
[CLIPClassifier] Warning: very low grad mean (2.87e-05)
[CLIPClassifier] Warning: very low grad mean (4.41e-05)
[CLIPClassifier] Warning: very low grad mean (2.97e-05)
[CLIPClassifier] Warning: very low grad mean (7.67e-06)
[CLIPClassifier] Warning: very low grad mean (1.01e-05)
[CLIPClassifier] Warning: very low grad mean (8.86e-05)
[CLIPClassifier] Warning: very low grad mean (4.38e-05)
[CLIPClassifier] Warning: very low grad mean (6.83e-06)
[CLIPClassifier] Warning: very low grad mean (5.28e-05)
[CLIPClassifier] Warning: very low grad mean (2.52e-05)
[CLIPClassifier] Train Epoch 11: Loss=0.02779, Acc=0.99000
[CLIPClassifier] Val Epoch 11: Loss=0.27178, Acc=0.94889
[CLIPClassifier] Warning: very low grad mean (3.14e-05)
[CLIPClassifier] Warning: very low grad mean (1.45e-05)
[CLIPClassifier] Warning: very low grad mean (3.06e-05)
[CLIPClassifier] Warning: very low grad mean (3.02e-05)
[CLIPClassifier] Warning: very low grad mean (6.85e-05)
[CLIPClassifier] Warning: very low grad mean (4.06e-05)
[CLIPClassifier] Warning: very low grad mean (3.97e-05)
[CLIPClassifier] Warning: very low grad mean (1.60e-05)
[CLIPClassifier] Warning: very low grad mean (6.61e-05)
[CLIPClassifier] Warning: very low grad mean (5.22e-05)
[CLIPClassifier] Warning: very low grad mean (5.67e-05)
[CLIPClassifier] Warning: very low grad mean (6.31e-05)
[CLIPClassifier] Warning: very low grad mean (4.89e-05)
[CLIPClassifier] Warning: very low grad mean (1.76e-05)
[CLIPClassifier] Warning: very low grad mean (2.53e-05)
[CLIPClassifier] Warning: very low grad mean (2.17e-05)
[CLIPClassifier] Warning: very low grad mean (1.69e-05)
[CLIPClassifier] Warning: very low grad mean (2.34e-05)
[CLIPClassifier] Warning: very low grad mean (9.12e-05)
[CLIPClassifier] Warning: very low grad mean (1.07e-05)
[CLIPClassifier] Warning: very low grad mean (6.94e-06)
[CLIPClassifier] Warning: very low grad mean (6.10e-05)
[CLIPClassifier] Warning: very low grad mean (2.41e-05)
[CLIPClassifier] Warning: very low grad mean (8.21e-06)
[CLIPClassifier] Train Epoch 12: Loss=0.01605, Acc=0.99476
[CLIPClassifier] Val Epoch 12: Loss=0.12838, Acc=0.96444
[CLIPClassifier] Warning: very low grad mean (8.29e-06)
[CLIPClassifier] Warning: very low grad mean (5.00e-06)
[CLIPClassifier] Warning: very low grad mean (5.83e-05)
[CLIPClassifier] Warning: very low grad mean (7.60e-06)
[CLIPClassifier] Warning: very low grad mean (6.62e-06)
[CLIPClassifier] Warning: very low grad mean (5.62e-05)
[CLIPClassifier] Warning: very low grad mean (7.23e-06)
[CLIPClassifier] Warning: very low grad mean (7.95e-06)
[CLIPClassifier] Warning: very low grad mean (1.90e-05)
[CLIPClassifier] Warning: very low grad mean (3.38e-05)
[CLIPClassifier] Warning: very low grad mean (6.08e-05)
[CLIPClassifier] Warning: very low grad mean (4.95e-05)
[CLIPClassifier] Warning: very low grad mean (8.59e-05)
[CLIPClassifier] Warning: very low grad mean (2.80e-05)
[CLIPClassifier] Warning: very low grad mean (7.10e-05)
[CLIPClassifier] Warning: very low grad mean (7.34e-05)
[CLIPClassifier] Warning: very low grad mean (2.02e-05)
[CLIPClassifier] Train Epoch 13: Loss=0.02737, Acc=0.99143
[CLIPClassifier] Val Epoch 13: Loss=0.22308, Acc=0.93111
[CLIPClassifier] Warning: very low grad mean (2.97e-06)
[CLIPClassifier] Warning: very low grad mean (7.96e-05)
[CLIPClassifier] Warning: very low grad mean (7.37e-06)
[CLIPClassifier] Warning: very low grad mean (1.82e-05)
[CLIPClassifier] Warning: very low grad mean (4.59e-06)
[CLIPClassifier] Warning: very low grad mean (1.48e-05)
[CLIPClassifier] Warning: very low grad mean (4.47e-05)
[CLIPClassifier] Warning: very low grad mean (9.87e-06)
[CLIPClassifier] Warning: very low grad mean (2.89e-06)
[CLIPClassifier] Warning: very low grad mean (2.68e-05)
[CLIPClassifier] Warning: very low grad mean (1.19e-05)
[CLIPClassifier] Warning: very low grad mean (7.31e-05)
[CLIPClassifier] Warning: very low grad mean (1.29e-06)
[CLIPClassifier] Warning: very low grad mean (5.27e-06)
[CLIPClassifier] Warning: very low grad mean (1.38e-05)
[CLIPClassifier] Warning: very low grad mean (2.62e-05)
[CLIPClassifier] Warning: very low grad mean (1.50e-05)
[CLIPClassifier] Warning: very low grad mean (1.32e-05)
[CLIPClassifier] Warning: very low grad mean (8.39e-06)
[CLIPClassifier] Warning: very low grad mean (6.83e-05)
[CLIPClassifier] Warning: very low grad mean (1.58e-05)
[CLIPClassifier] Train Epoch 14: Loss=0.02010, Acc=0.99333
[CLIPClassifier] Val Epoch 14: Loss=0.06350, Acc=0.96667
[CLIPClassifier] Warning: very low grad mean (1.54e-05)
[CLIPClassifier] Warning: very low grad mean (4.95e-05)
[CLIPClassifier] Warning: very low grad mean (2.06e-05)
[CLIPClassifier] Warning: very low grad mean (5.82e-06)
[CLIPClassifier] Warning: very low grad mean (1.45e-05)
[CLIPClassifier] Warning: very low grad mean (4.42e-05)
[CLIPClassifier] Warning: very low grad mean (1.28e-05)
[CLIPClassifier] Warning: very low grad mean (2.60e-05)
[CLIPClassifier] Warning: very low grad mean (7.33e-06)
[CLIPClassifier] Warning: very low grad mean (2.17e-05)
[CLIPClassifier] Warning: very low grad mean (2.99e-05)
[CLIPClassifier] Warning: very low grad mean (1.88e-05)
[CLIPClassifier] Warning: very low grad mean (3.67e-06)
[CLIPClassifier] Warning: very low grad mean (4.99e-05)
[CLIPClassifier] Warning: very low grad mean (3.42e-06)
[CLIPClassifier] Warning: very low grad mean (5.93e-06)
[CLIPClassifier] Warning: very low grad mean (4.21e-05)
[CLIPClassifier] Warning: very low grad mean (4.87e-05)
[CLIPClassifier] Warning: very low grad mean (3.31e-05)
[CLIPClassifier] Warning: very low grad mean (6.51e-06)
[CLIPClassifier] Warning: very low grad mean (1.03e-05)
[CLIPClassifier] Warning: very low grad mean (3.71e-05)
[CLIPClassifier] Warning: very low grad mean (2.45e-06)
[CLIPClassifier] Warning: very low grad mean (4.20e-05)
[CLIPClassifier] Warning: very low grad mean (2.44e-06)
[CLIPClassifier] Warning: very low grad mean (2.72e-05)
[CLIPClassifier] Warning: very low grad mean (2.64e-06)
[CLIPClassifier] Warning: very low grad mean (3.07e-06)
[CLIPClassifier] Warning: very low grad mean (3.67e-06)
[CLIPClassifier] Warning: very low grad mean (3.27e-05)
[CLIPClassifier] Warning: very low grad mean (2.20e-06)
[CLIPClassifier] Warning: very low grad mean (2.67e-06)
[CLIPClassifier] Warning: very low grad mean (3.82e-06)
[CLIPClassifier] Warning: very low grad mean (1.29e-05)
[CLIPClassifier] Warning: very low grad mean (2.21e-06)
[CLIPClassifier] Warning: very low grad mean (1.43e-05)
[CLIPClassifier] Warning: very low grad mean (2.71e-06)
[CLIPClassifier] Warning: very low grad mean (3.10e-06)
[CLIPClassifier] Warning: very low grad mean (1.85e-06)
[CLIPClassifier] Warning: very low grad mean (1.93e-06)
[CLIPClassifier] Train Epoch 15: Loss=0.00158, Acc=1.00000
[CLIPClassifier] Val Epoch 15: Loss=0.16246, Acc=0.96667
[CLIPClassifier] Warning: very low grad mean (3.04e-06)
[CLIPClassifier] Warning: very low grad mean (2.57e-06)
[CLIPClassifier] Warning: very low grad mean (1.44e-06)
[CLIPClassifier] Warning: very low grad mean (1.47e-06)
[CLIPClassifier] Warning: very low grad mean (1.90e-06)
[CLIPClassifier] Warning: very low grad mean (1.87e-06)
[CLIPClassifier] Warning: very low grad mean (4.29e-06)
[CLIPClassifier] Warning: very low grad mean (2.41e-06)
[CLIPClassifier] Warning: very low grad mean (9.56e-07)
[CLIPClassifier] Warning: very low grad mean (1.67e-06)
[CLIPClassifier] Warning: very low grad mean (2.61e-06)
[CLIPClassifier] Warning: very low grad mean (3.22e-06)
[CLIPClassifier] Warning: very low grad mean (2.66e-06)
[CLIPClassifier] Warning: very low grad mean (2.25e-06)
[CLIPClassifier] Warning: very low grad mean (2.46e-06)
[CLIPClassifier] Warning: very low grad mean (1.89e-06)
[CLIPClassifier] Warning: very low grad mean (1.43e-06)
[CLIPClassifier] Warning: very low grad mean (2.16e-06)
[CLIPClassifier] Warning: very low grad mean (2.86e-06)
[CLIPClassifier] Warning: very low grad mean (1.24e-06)
[CLIPClassifier] Warning: very low grad mean (2.43e-06)
[CLIPClassifier] Warning: very low grad mean (1.47e-06)
[CLIPClassifier] Warning: very low grad mean (1.79e-06)
[CLIPClassifier] Warning: very low grad mean (9.44e-07)
[CLIPClassifier] Warning: very low grad mean (3.31e-06)
[CLIPClassifier] Warning: very low grad mean (2.91e-05)
[CLIPClassifier] Warning: very low grad mean (5.62e-06)
[CLIPClassifier] Warning: very low grad mean (3.26e-06)
[CLIPClassifier] Warning: very low grad mean (2.92e-06)
[CLIPClassifier] Warning: very low grad mean (2.15e-06)
[CLIPClassifier] Warning: very low grad mean (1.79e-06)
[CLIPClassifier] Warning: very low grad mean (3.65e-06)
[CLIPClassifier] Warning: very low grad mean (1.35e-06)
[CLIPClassifier] Warning: very low grad mean (2.40e-06)
[CLIPClassifier] Warning: very low grad mean (5.09e-05)
[CLIPClassifier] Warning: very low grad mean (2.07e-06)
[CLIPClassifier] Warning: very low grad mean (1.18e-06)
[CLIPClassifier] Warning: very low grad mean (1.46e-05)
[CLIPClassifier] Warning: very low grad mean (1.39e-06)
[CLIPClassifier] Warning: very low grad mean (1.99e-06)
[CLIPClassifier] Warning: very low grad mean (1.46e-06)
[CLIPClassifier] Train Epoch 16: Loss=0.00040, Acc=1.00000
[CLIPClassifier] Val Epoch 16: Loss=0.13275, Acc=0.96889
[CLIPClassifier] Warning: very low grad mean (1.82e-06)
[CLIPClassifier] Warning: very low grad mean (1.12e-06)
[CLIPClassifier] Warning: very low grad mean (1.67e-06)
[CLIPClassifier] Warning: very low grad mean (3.01e-06)
[CLIPClassifier] Warning: very low grad mean (2.23e-06)
[CLIPClassifier] Warning: very low grad mean (1.16e-06)
[CLIPClassifier] Warning: very low grad mean (1.08e-06)
[CLIPClassifier] Warning: very low grad mean (1.52e-06)
[CLIPClassifier] Warning: very low grad mean (1.08e-06)
[CLIPClassifier] Warning: very low grad mean (1.58e-06)
[CLIPClassifier] Warning: very low grad mean (2.07e-06)
[CLIPClassifier] Warning: very low grad mean (1.10e-06)
[CLIPClassifier] Warning: very low grad mean (1.54e-06)
[CLIPClassifier] Warning: very low grad mean (1.13e-06)
[CLIPClassifier] Warning: very low grad mean (1.09e-06)
[CLIPClassifier] Warning: very low grad mean (6.19e-05)
[CLIPClassifier] Warning: very low grad mean (1.53e-06)
[CLIPClassifier] Warning: very low grad mean (1.44e-06)
[CLIPClassifier] Warning: very low grad mean (1.58e-06)
[CLIPClassifier] Warning: very low grad mean (1.31e-06)
[CLIPClassifier] Warning: very low grad mean (9.56e-07)
[CLIPClassifier] Warning: very low grad mean (1.06e-06)
[CLIPClassifier] Warning: very low grad mean (1.01e-06)
[CLIPClassifier] Warning: very low grad mean (1.99e-06)
[CLIPClassifier] Warning: very low grad mean (1.13e-06)
[CLIPClassifier] Warning: very low grad mean (9.47e-07)
[CLIPClassifier] Warning: very low grad mean (1.23e-06)
[CLIPClassifier] Warning: very low grad mean (6.12e-05)
[CLIPClassifier] Warning: very low grad mean (9.65e-07)
[CLIPClassifier] Warning: very low grad mean (8.12e-07)
[CLIPClassifier] Warning: very low grad mean (6.65e-07)
[CLIPClassifier] Warning: very low grad mean (1.50e-06)
[CLIPClassifier] Warning: very low grad mean (1.01e-06)
[CLIPClassifier] Warning: very low grad mean (8.43e-06)
[CLIPClassifier] Warning: very low grad mean (1.57e-06)
[CLIPClassifier] Warning: very low grad mean (1.06e-06)
[CLIPClassifier] Warning: very low grad mean (1.17e-06)
[CLIPClassifier] Warning: very low grad mean (1.13e-06)
[CLIPClassifier] Warning: very low grad mean (1.60e-06)
[CLIPClassifier] Warning: very low grad mean (1.07e-06)
[CLIPClassifier] Warning: very low grad mean (1.44e-06)
[CLIPClassifier] Warning: very low grad mean (9.71e-07)
[CLIPClassifier] Train Epoch 17: Loss=0.00022, Acc=1.00000
[CLIPClassifier] Val Epoch 17: Loss=0.20236, Acc=0.96222
[CLIPClassifier] Warning: very low grad mean (1.22e-06)
[CLIPClassifier] Warning: very low grad mean (1.04e-06)
[CLIPClassifier] Warning: very low grad mean (5.14e-06)
[CLIPClassifier] Warning: very low grad mean (1.81e-06)
[CLIPClassifier] Warning: very low grad mean (1.55e-06)
[CLIPClassifier] Warning: very low grad mean (1.11e-06)
[CLIPClassifier] Warning: very low grad mean (1.64e-06)
[CLIPClassifier] Warning: very low grad mean (1.46e-06)
[CLIPClassifier] Warning: very low grad mean (1.04e-06)
[CLIPClassifier] Warning: very low grad mean (9.78e-07)
[CLIPClassifier] Warning: very low grad mean (8.80e-07)
[CLIPClassifier] Warning: very low grad mean (1.38e-06)
[CLIPClassifier] Warning: very low grad mean (1.26e-06)
[CLIPClassifier] Warning: very low grad mean (1.21e-06)
[CLIPClassifier] Warning: very low grad mean (1.23e-06)
[CLIPClassifier] Warning: very low grad mean (1.00e-06)
[CLIPClassifier] Warning: very low grad mean (7.45e-07)
[CLIPClassifier] Warning: very low grad mean (1.17e-06)
[CLIPClassifier] Warning: very low grad mean (1.01e-06)
[CLIPClassifier] Warning: very low grad mean (1.10e-06)
[CLIPClassifier] Warning: very low grad mean (6.01e-06)
[CLIPClassifier] Warning: very low grad mean (9.95e-07)
[CLIPClassifier] Warning: very low grad mean (5.92e-07)
[CLIPClassifier] Warning: very low grad mean (5.60e-07)
[CLIPClassifier] Warning: very low grad mean (1.08e-06)
[CLIPClassifier] Warning: very low grad mean (1.74e-06)
[CLIPClassifier] Warning: very low grad mean (1.47e-06)
[CLIPClassifier] Warning: very low grad mean (7.20e-07)
[CLIPClassifier] Warning: very low grad mean (1.12e-06)
[CLIPClassifier] Warning: very low grad mean (1.08e-06)
[CLIPClassifier] Warning: very low grad mean (1.25e-06)
[CLIPClassifier] Warning: very low grad mean (1.05e-06)
[CLIPClassifier] Warning: very low grad mean (2.23e-06)
[CLIPClassifier] Warning: very low grad mean (7.15e-07)
[CLIPClassifier] Warning: very low grad mean (7.16e-07)
[CLIPClassifier] Warning: very low grad mean (8.10e-07)
[CLIPClassifier] Warning: very low grad mean (8.12e-07)
[CLIPClassifier] Warning: very low grad mean (1.00e-06)
[CLIPClassifier] Warning: very low grad mean (7.07e-07)
[CLIPClassifier] Warning: very low grad mean (6.76e-07)
[CLIPClassifier] Warning: very low grad mean (1.12e-06)
[CLIPClassifier] Warning: very low grad mean (8.90e-07)
[CLIPClassifier] Train Epoch 18: Loss=0.00011, Acc=1.00000
[CLIPClassifier] Val Epoch 18: Loss=0.18822, Acc=0.96667
[CLIPClassifier] Warning: very low grad mean (7.18e-07)
[CLIPClassifier] Warning: very low grad mean (7.07e-07)
[CLIPClassifier] Warning: very low grad mean (1.12e-06)
[CLIPClassifier] Warning: very low grad mean (1.15e-06)
[CLIPClassifier] Warning: very low grad mean (7.73e-07)
[CLIPClassifier] Warning: very low grad mean (8.53e-07)
[CLIPClassifier] Warning: very low grad mean (1.21e-06)
[CLIPClassifier] Warning: very low grad mean (7.87e-07)
[CLIPClassifier] Warning: very low grad mean (8.46e-07)
[CLIPClassifier] Warning: very low grad mean (1.20e-06)
[CLIPClassifier] Warning: very low grad mean (1.41e-06)
[CLIPClassifier] Warning: very low grad mean (7.98e-07)
[CLIPClassifier] Warning: very low grad mean (8.95e-07)
[CLIPClassifier] Warning: very low grad mean (8.52e-07)
[CLIPClassifier] Warning: very low grad mean (9.77e-07)
[CLIPClassifier] Warning: very low grad mean (9.80e-07)
[CLIPClassifier] Warning: very low grad mean (8.47e-07)
[CLIPClassifier] Warning: very low grad mean (1.50e-06)
[CLIPClassifier] Warning: very low grad mean (1.04e-06)
[CLIPClassifier] Warning: very low grad mean (1.33e-06)
[CLIPClassifier] Warning: very low grad mean (1.91e-06)
[CLIPClassifier] Warning: very low grad mean (1.83e-06)
[CLIPClassifier] Warning: very low grad mean (1.04e-06)
[CLIPClassifier] Warning: very low grad mean (1.27e-06)
[CLIPClassifier] Warning: very low grad mean (1.14e-06)
[CLIPClassifier] Warning: very low grad mean (1.46e-05)
[CLIPClassifier] Warning: very low grad mean (9.30e-07)
[CLIPClassifier] Warning: very low grad mean (9.58e-07)
[CLIPClassifier] Warning: very low grad mean (8.86e-07)
[CLIPClassifier] Warning: very low grad mean (5.87e-07)
[CLIPClassifier] Warning: very low grad mean (7.96e-07)
[CLIPClassifier] Warning: very low grad mean (4.96e-07)
[CLIPClassifier] Warning: very low grad mean (9.28e-07)
[CLIPClassifier] Warning: very low grad mean (1.27e-06)
[CLIPClassifier] Warning: very low grad mean (7.75e-07)
[CLIPClassifier] Warning: very low grad mean (9.59e-07)
[CLIPClassifier] Warning: very low grad mean (1.82e-06)
[CLIPClassifier] Warning: very low grad mean (8.06e-07)
[CLIPClassifier] Warning: very low grad mean (4.76e-07)
[CLIPClassifier] Warning: very low grad mean (1.25e-06)
[CLIPClassifier] Warning: very low grad mean (1.20e-06)
[CLIPClassifier] Warning: very low grad mean (1.03e-06)
[CLIPClassifier] Train Epoch 19: Loss=0.00009, Acc=1.00000
[CLIPClassifier] Val Epoch 19: Loss=0.16632, Acc=0.97111
[CLIPClassifier] Warning: very low grad mean (1.05e-06)
[CLIPClassifier] Warning: very low grad mean (1.23e-06)
[CLIPClassifier] Warning: very low grad mean (9.58e-07)
[CLIPClassifier] Warning: very low grad mean (7.47e-07)
[CLIPClassifier] Warning: very low grad mean (7.63e-07)
[CLIPClassifier] Warning: very low grad mean (6.98e-07)
[CLIPClassifier] Warning: very low grad mean (8.25e-07)
[CLIPClassifier] Warning: very low grad mean (6.28e-07)
[CLIPClassifier] Warning: very low grad mean (7.47e-07)
[CLIPClassifier] Warning: very low grad mean (6.59e-07)
[CLIPClassifier] Warning: very low grad mean (6.11e-07)
[CLIPClassifier] Warning: very low grad mean (1.01e-06)
[CLIPClassifier] Warning: very low grad mean (5.47e-07)
[CLIPClassifier] Warning: very low grad mean (4.68e-06)
[CLIPClassifier] Warning: very low grad mean (9.47e-07)
[CLIPClassifier] Warning: very low grad mean (5.71e-07)
[CLIPClassifier] Warning: very low grad mean (1.01e-06)
[CLIPClassifier] Warning: very low grad mean (1.17e-06)
[CLIPClassifier] Warning: very low grad mean (9.21e-07)
[CLIPClassifier] Warning: very low grad mean (1.28e-06)
[CLIPClassifier] Warning: very low grad mean (6.96e-07)
[CLIPClassifier] Warning: very low grad mean (8.25e-07)
[CLIPClassifier] Warning: very low grad mean (8.97e-07)
[CLIPClassifier] Warning: very low grad mean (1.55e-06)
[CLIPClassifier] Warning: very low grad mean (4.06e-07)
[CLIPClassifier] Warning: very low grad mean (6.27e-07)
[CLIPClassifier] Warning: very low grad mean (1.18e-06)
[CLIPClassifier] Warning: very low grad mean (3.91e-07)
[CLIPClassifier] Warning: very low grad mean (7.11e-07)
[CLIPClassifier] Warning: very low grad mean (8.88e-07)
[CLIPClassifier] Warning: very low grad mean (1.58e-06)
[CLIPClassifier] Warning: very low grad mean (7.58e-07)
[CLIPClassifier] Warning: very low grad mean (6.03e-07)
[CLIPClassifier] Warning: very low grad mean (5.97e-07)
[CLIPClassifier] Warning: very low grad mean (9.05e-07)
[CLIPClassifier] Warning: very low grad mean (6.84e-07)
[CLIPClassifier] Warning: very low grad mean (7.81e-07)
[CLIPClassifier] Warning: very low grad mean (1.19e-06)
[CLIPClassifier] Warning: very low grad mean (8.11e-07)
[CLIPClassifier] Warning: very low grad mean (7.49e-07)
[CLIPClassifier] Warning: very low grad mean (4.87e-07)
[CLIPClassifier] Warning: very low grad mean (5.97e-07)
[CLIPClassifier] Train Epoch 20: Loss=0.00008, Acc=1.00000
[CLIPClassifier] Val Epoch 20: Loss=0.14610, Acc=0.97333
Accuracy on Test: 0.96444
=== Training finished for CLIPClassifier ===

