=== Training started for Eva with strategy: partial ===
Device: cuda, LR: 0.0001, Batch size: 50, Epochs: 20
[Strategy 2] Training last 30.0% of layers (49/166): 26,182,658 / 85,838,594 (30.50%)
[Eva] Warning: very low grad mean (9.31e-05)
[Eva] Warning: very low grad mean (5.90e-05)
[Eva] Train Epoch 1: Loss=0.17749, Acc=0.94905
[Eva] Val Epoch 1: Loss=0.02986, Acc=0.99333
[Eva] Warning: very low grad mean (9.34e-05)
[Eva] Warning: very low grad mean (8.05e-05)
[Eva] Warning: very low grad mean (6.85e-05)
[Eva] Warning: very low grad mean (7.98e-05)
[Eva] Warning: very low grad mean (5.88e-05)
[Eva] Warning: very low grad mean (5.50e-05)
[Eva] Warning: very low grad mean (5.49e-05)
[Eva] Warning: very low grad mean (3.45e-05)
[Eva] Warning: very low grad mean (1.65e-05)
[Eva] Warning: very low grad mean (4.31e-05)
[Eva] Warning: very low grad mean (6.93e-05)
[Eva] Warning: very low grad mean (7.07e-05)
[Eva] Warning: very low grad mean (4.22e-05)
[Eva] Warning: very low grad mean (5.15e-05)
[Eva] Warning: very low grad mean (1.89e-05)
[Eva] Train Epoch 2: Loss=0.01788, Acc=0.99571
[Eva] Val Epoch 2: Loss=0.02381, Acc=0.99333
[Eva] Warning: very low grad mean (2.33e-05)
[Eva] Warning: very low grad mean (2.16e-05)
[Eva] Warning: very low grad mean (2.49e-05)
[Eva] Warning: very low grad mean (5.58e-05)
[Eva] Warning: very low grad mean (2.93e-05)
[Eva] Warning: very low grad mean (3.36e-05)
[Eva] Warning: very low grad mean (4.14e-05)
[Eva] Warning: very low grad mean (8.85e-05)
[Eva] Warning: very low grad mean (8.86e-05)
[Eva] Warning: very low grad mean (5.37e-05)
[Eva] Warning: very low grad mean (4.15e-05)
[Eva] Warning: very low grad mean (3.84e-05)
[Eva] Warning: very low grad mean (1.80e-05)
[Eva] Warning: very low grad mean (4.64e-05)
[Eva] Warning: very low grad mean (5.94e-05)
[Eva] Warning: very low grad mean (3.07e-05)
[Eva] Warning: very low grad mean (9.43e-05)
[Eva] Warning: very low grad mean (2.18e-05)
[Eva] Warning: very low grad mean (1.70e-05)
[Eva] Warning: very low grad mean (4.00e-05)
[Eva] Warning: very low grad mean (2.76e-05)
[Eva] Warning: very low grad mean (2.30e-05)
[Eva] Warning: very low grad mean (2.11e-05)
[Eva] Warning: very low grad mean (1.89e-05)
[Eva] Warning: very low grad mean (2.50e-05)
[Eva] Warning: very low grad mean (1.61e-05)
[Eva] Warning: very low grad mean (2.20e-05)
[Eva] Warning: very low grad mean (3.03e-05)
[Eva] Warning: very low grad mean (4.81e-05)
[Eva] Warning: very low grad mean (1.47e-05)
[Eva] Warning: very low grad mean (4.12e-05)
[Eva] Warning: very low grad mean (1.45e-05)
[Eva] Warning: very low grad mean (3.78e-05)
[Eva] Warning: very low grad mean (2.15e-05)
[Eva] Train Epoch 3: Loss=0.00517, Acc=0.99905
[Eva] Val Epoch 3: Loss=0.02391, Acc=0.99333
[Eva] Warning: very low grad mean (2.31e-05)
[Eva] Warning: very low grad mean (2.05e-05)
[Eva] Warning: very low grad mean (4.00e-05)
[Eva] Warning: very low grad mean (2.84e-05)
[Eva] Warning: very low grad mean (4.86e-05)
[Eva] Warning: very low grad mean (1.66e-05)
[Eva] Warning: very low grad mean (1.20e-05)
[Eva] Warning: very low grad mean (3.13e-05)
[Eva] Warning: very low grad mean (9.01e-06)
[Eva] Warning: very low grad mean (2.21e-05)
[Eva] Warning: very low grad mean (1.03e-05)
[Eva] Warning: very low grad mean (1.35e-05)
[Eva] Warning: very low grad mean (2.97e-05)
[Eva] Warning: very low grad mean (7.24e-06)
[Eva] Warning: very low grad mean (1.43e-05)
[Eva] Warning: very low grad mean (2.81e-05)
[Eva] Warning: very low grad mean (9.28e-06)
[Eva] Warning: very low grad mean (7.31e-06)
[Eva] Warning: very low grad mean (1.04e-05)
[Eva] Warning: very low grad mean (9.28e-06)
[Eva] Warning: very low grad mean (4.45e-05)
[Eva] Warning: very low grad mean (1.62e-05)
[Eva] Warning: very low grad mean (1.87e-05)
[Eva] Warning: very low grad mean (6.59e-06)
[Eva] Warning: very low grad mean (2.11e-05)
[Eva] Warning: very low grad mean (8.51e-06)
[Eva] Warning: very low grad mean (1.32e-05)
[Eva] Warning: very low grad mean (1.38e-05)
[Eva] Warning: very low grad mean (1.95e-05)
[Eva] Warning: very low grad mean (2.33e-05)
[Eva] Warning: very low grad mean (4.76e-05)
[Eva] Warning: very low grad mean (2.26e-05)
[Eva] Warning: very low grad mean (7.35e-06)
[Eva] Warning: very low grad mean (6.06e-06)
[Eva] Warning: very low grad mean (1.79e-05)
[Eva] Warning: very low grad mean (1.00e-05)
[Eva] Warning: very low grad mean (9.96e-06)
[Eva] Warning: very low grad mean (5.57e-06)
[Eva] Warning: very low grad mean (9.37e-06)
[Eva] Warning: very low grad mean (2.00e-05)
[Eva] Train Epoch 4: Loss=0.00097, Acc=1.00000
[Eva] Val Epoch 4: Loss=0.02728, Acc=0.99333
[Eva] Warning: very low grad mean (1.17e-05)
[Eva] Warning: very low grad mean (3.22e-05)
[Eva] Warning: very low grad mean (1.54e-05)
[Eva] Warning: very low grad mean (8.89e-06)
[Eva] Warning: very low grad mean (1.16e-05)
[Eva] Warning: very low grad mean (5.74e-06)
[Eva] Warning: very low grad mean (1.54e-05)
[Eva] Warning: very low grad mean (5.87e-06)
[Eva] Warning: very low grad mean (1.65e-05)
[Eva] Warning: very low grad mean (5.49e-06)
[Eva] Warning: very low grad mean (4.86e-06)
[Eva] Warning: very low grad mean (1.01e-05)
[Eva] Warning: very low grad mean (7.17e-06)
[Eva] Warning: very low grad mean (5.69e-06)
[Eva] Warning: very low grad mean (5.95e-06)
[Eva] Warning: very low grad mean (6.80e-06)
[Eva] Warning: very low grad mean (8.16e-06)
[Eva] Warning: very low grad mean (4.46e-06)
[Eva] Warning: very low grad mean (1.31e-05)
[Eva] Warning: very low grad mean (8.61e-06)
[Eva] Warning: very low grad mean (1.25e-05)
[Eva] Warning: very low grad mean (4.76e-06)
[Eva] Warning: very low grad mean (6.37e-06)
[Eva] Warning: very low grad mean (6.99e-06)
[Eva] Warning: very low grad mean (6.93e-06)
[Eva] Warning: very low grad mean (5.39e-06)
[Eva] Warning: very low grad mean (7.96e-06)
[Eva] Warning: very low grad mean (4.91e-06)
[Eva] Warning: very low grad mean (5.06e-06)
[Eva] Warning: very low grad mean (7.55e-06)
[Eva] Warning: very low grad mean (6.94e-06)
[Eva] Warning: very low grad mean (1.49e-05)
[Eva] Warning: very low grad mean (7.08e-06)
[Eva] Warning: very low grad mean (1.38e-05)
[Eva] Warning: very low grad mean (9.01e-06)
[Eva] Warning: very low grad mean (6.16e-06)
[Eva] Warning: very low grad mean (3.86e-06)
[Eva] Warning: very low grad mean (5.72e-06)
[Eva] Warning: very low grad mean (4.29e-05)
[Eva] Warning: very low grad mean (6.53e-06)
[Eva] Warning: very low grad mean (5.41e-06)
[Eva] Warning: very low grad mean (5.36e-06)
[Eva] Train Epoch 5: Loss=0.00042, Acc=1.00000
[Eva] Val Epoch 5: Loss=0.02535, Acc=0.99556
[Eva] Warning: very low grad mean (4.07e-06)
[Eva] Warning: very low grad mean (5.17e-06)
[Eva] Warning: very low grad mean (9.98e-06)
[Eva] Warning: very low grad mean (1.04e-05)
[Eva] Warning: very low grad mean (1.48e-05)
[Eva] Warning: very low grad mean (4.29e-06)
[Eva] Warning: very low grad mean (2.65e-06)
[Eva] Warning: very low grad mean (3.70e-06)
[Eva] Warning: very low grad mean (3.57e-06)
[Eva] Warning: very low grad mean (6.22e-06)
[Eva] Warning: very low grad mean (6.72e-06)
[Eva] Warning: very low grad mean (3.77e-06)
[Eva] Warning: very low grad mean (4.03e-06)
[Eva] Warning: very low grad mean (4.10e-06)
[Eva] Warning: very low grad mean (5.54e-06)
[Eva] Warning: very low grad mean (3.87e-06)
[Eva] Warning: very low grad mean (5.70e-06)
[Eva] Warning: very low grad mean (4.82e-06)
[Eva] Warning: very low grad mean (9.26e-06)
[Eva] Warning: very low grad mean (5.51e-06)
[Eva] Warning: very low grad mean (1.02e-05)
[Eva] Warning: very low grad mean (4.31e-06)
[Eva] Warning: very low grad mean (5.66e-06)
[Eva] Warning: very low grad mean (9.24e-06)
[Eva] Warning: very low grad mean (3.89e-06)
[Eva] Warning: very low grad mean (3.31e-06)
[Eva] Warning: very low grad mean (1.19e-05)
[Eva] Warning: very low grad mean (3.50e-06)
[Eva] Warning: very low grad mean (5.25e-06)
[Eva] Warning: very low grad mean (5.01e-06)
[Eva] Warning: very low grad mean (4.11e-06)
[Eva] Warning: very low grad mean (7.85e-06)
[Eva] Warning: very low grad mean (3.28e-06)
[Eva] Warning: very low grad mean (4.32e-06)
[Eva] Warning: very low grad mean (3.29e-06)
[Eva] Warning: very low grad mean (1.04e-05)
[Eva] Warning: very low grad mean (8.40e-06)
[Eva] Warning: very low grad mean (8.16e-06)
[Eva] Warning: very low grad mean (2.73e-06)
[Eva] Warning: very low grad mean (4.22e-06)
[Eva] Warning: very low grad mean (2.90e-06)
[Eva] Warning: very low grad mean (2.85e-06)
[Eva] Train Epoch 6: Loss=0.00026, Acc=1.00000
[Eva] Val Epoch 6: Loss=0.02391, Acc=0.99556
[Eva] Warning: very low grad mean (4.68e-06)
[Eva] Warning: very low grad mean (5.21e-06)
[Eva] Warning: very low grad mean (2.62e-06)
[Eva] Warning: very low grad mean (3.93e-06)
[Eva] Warning: very low grad mean (3.06e-06)
[Eva] Warning: very low grad mean (3.21e-06)
[Eva] Warning: very low grad mean (4.85e-06)
[Eva] Warning: very low grad mean (2.93e-06)
[Eva] Warning: very low grad mean (4.53e-06)
[Eva] Warning: very low grad mean (2.68e-06)
[Eva] Warning: very low grad mean (2.68e-06)
[Eva] Warning: very low grad mean (5.16e-06)
[Eva] Warning: very low grad mean (3.95e-06)
[Eva] Warning: very low grad mean (2.70e-06)
[Eva] Warning: very low grad mean (3.33e-06)
[Eva] Warning: very low grad mean (2.56e-06)
[Eva] Warning: very low grad mean (7.29e-06)
[Eva] Warning: very low grad mean (2.76e-06)
[Eva] Warning: very low grad mean (1.00e-05)
[Eva] Warning: very low grad mean (2.38e-06)
[Eva] Warning: very low grad mean (3.51e-06)
[Eva] Warning: very low grad mean (5.19e-06)
[Eva] Warning: very low grad mean (8.81e-06)
[Eva] Warning: very low grad mean (2.24e-06)
[Eva] Warning: very low grad mean (2.77e-06)
[Eva] Warning: very low grad mean (3.91e-06)
[Eva] Warning: very low grad mean (3.40e-06)
[Eva] Warning: very low grad mean (3.85e-06)
[Eva] Warning: very low grad mean (2.83e-06)
[Eva] Warning: very low grad mean (2.71e-06)
[Eva] Warning: very low grad mean (3.88e-06)
[Eva] Warning: very low grad mean (3.42e-06)
[Eva] Warning: very low grad mean (2.83e-06)
[Eva] Warning: very low grad mean (4.82e-06)
[Eva] Warning: very low grad mean (2.84e-06)
[Eva] Warning: very low grad mean (3.24e-06)
[Eva] Warning: very low grad mean (2.48e-06)
[Eva] Warning: very low grad mean (2.44e-06)
[Eva] Warning: very low grad mean (9.32e-06)
[Eva] Warning: very low grad mean (3.44e-06)
[Eva] Warning: very low grad mean (5.32e-06)
[Eva] Warning: very low grad mean (3.43e-06)
[Eva] Train Epoch 7: Loss=0.00019, Acc=1.00000
[Eva] Val Epoch 7: Loss=0.02949, Acc=0.99556
[Eva] Warning: very low grad mean (1.85e-06)
[Eva] Warning: very low grad mean (5.67e-06)
[Eva] Warning: very low grad mean (2.28e-06)
[Eva] Warning: very low grad mean (3.96e-06)
[Eva] Warning: very low grad mean (3.27e-06)
[Eva] Warning: very low grad mean (2.19e-06)
[Eva] Warning: very low grad mean (2.47e-06)
[Eva] Warning: very low grad mean (4.87e-06)
[Eva] Warning: very low grad mean (2.00e-06)
[Eva] Warning: very low grad mean (2.87e-06)
[Eva] Warning: very low grad mean (4.65e-06)
[Eva] Warning: very low grad mean (2.53e-06)
[Eva] Warning: very low grad mean (3.66e-06)
[Eva] Warning: very low grad mean (2.11e-06)
[Eva] Warning: very low grad mean (2.30e-06)
[Eva] Warning: very low grad mean (3.71e-06)
[Eva] Warning: very low grad mean (4.90e-06)
[Eva] Warning: very low grad mean (3.86e-06)
[Eva] Warning: very low grad mean (3.29e-06)
[Eva] Warning: very low grad mean (3.11e-06)
[Eva] Warning: very low grad mean (3.30e-06)
[Eva] Warning: very low grad mean (3.23e-06)
[Eva] Warning: very low grad mean (3.46e-06)
[Eva] Warning: very low grad mean (7.91e-06)
[Eva] Warning: very low grad mean (4.64e-06)
[Eva] Warning: very low grad mean (2.74e-06)
[Eva] Warning: very low grad mean (4.10e-06)
[Eva] Warning: very low grad mean (1.31e-05)
[Eva] Warning: very low grad mean (3.26e-06)
[Eva] Warning: very low grad mean (2.19e-06)
[Eva] Warning: very low grad mean (7.06e-06)
[Eva] Warning: very low grad mean (1.49e-06)
[Eva] Warning: very low grad mean (3.00e-06)
[Eva] Warning: very low grad mean (2.77e-06)
[Eva] Warning: very low grad mean (1.38e-06)
[Eva] Warning: very low grad mean (1.98e-06)
[Eva] Warning: very low grad mean (2.84e-06)
[Eva] Warning: very low grad mean (1.84e-06)
[Eva] Warning: very low grad mean (1.72e-06)
[Eva] Warning: very low grad mean (4.08e-06)
[Eva] Warning: very low grad mean (2.74e-06)
[Eva] Warning: very low grad mean (2.63e-06)
[Eva] Train Epoch 8: Loss=0.00015, Acc=1.00000
[Eva] Val Epoch 8: Loss=0.03165, Acc=0.99556
[Eva] Warning: very low grad mean (3.39e-06)
[Eva] Warning: very low grad mean (1.68e-06)
[Eva] Warning: very low grad mean (2.75e-06)
[Eva] Warning: very low grad mean (3.40e-06)
[Eva] Warning: very low grad mean (1.85e-06)
[Eva] Warning: very low grad mean (2.39e-06)
[Eva] Warning: very low grad mean (2.06e-06)
[Eva] Warning: very low grad mean (3.84e-06)
[Eva] Warning: very low grad mean (4.87e-06)
[Eva] Warning: very low grad mean (2.17e-06)
[Eva] Warning: very low grad mean (2.50e-06)
[Eva] Warning: very low grad mean (2.34e-06)
[Eva] Warning: very low grad mean (3.42e-06)
[Eva] Warning: very low grad mean (4.59e-06)
[Eva] Warning: very low grad mean (2.84e-06)
[Eva] Warning: very low grad mean (2.45e-06)
[Eva] Warning: very low grad mean (1.99e-06)
[Eva] Warning: very low grad mean (3.31e-06)
[Eva] Warning: very low grad mean (1.72e-06)
[Eva] Warning: very low grad mean (2.65e-06)
[Eva] Warning: very low grad mean (2.04e-06)
[Eva] Warning: very low grad mean (1.38e-06)
[Eva] Warning: very low grad mean (1.43e-06)
[Eva] Warning: very low grad mean (2.37e-06)
[Eva] Warning: very low grad mean (2.20e-06)
[Eva] Warning: very low grad mean (2.66e-06)
[Eva] Warning: very low grad mean (2.17e-06)
[Eva] Warning: very low grad mean (3.50e-06)
[Eva] Warning: very low grad mean (3.47e-06)
[Eva] Warning: very low grad mean (3.68e-06)
[Eva] Warning: very low grad mean (6.16e-06)
[Eva] Warning: very low grad mean (2.62e-06)
[Eva] Warning: very low grad mean (1.32e-06)
[Eva] Warning: very low grad mean (1.41e-06)
[Eva] Warning: very low grad mean (5.00e-06)
[Eva] Warning: very low grad mean (1.14e-06)
[Eva] Warning: very low grad mean (6.29e-06)
[Eva] Warning: very low grad mean (3.24e-06)
[Eva] Warning: very low grad mean (4.16e-06)
[Eva] Warning: very low grad mean (1.63e-06)
[Eva] Warning: very low grad mean (2.05e-06)
[Eva] Warning: very low grad mean (1.94e-06)
[Eva] Train Epoch 9: Loss=0.00012, Acc=1.00000
[Eva] Val Epoch 9: Loss=0.02777, Acc=0.99556
[Eva] Warning: very low grad mean (2.22e-06)
[Eva] Warning: very low grad mean (2.78e-06)
[Eva] Warning: very low grad mean (1.50e-06)
[Eva] Warning: very low grad mean (1.53e-06)
[Eva] Warning: very low grad mean (4.78e-06)
[Eva] Warning: very low grad mean (1.70e-06)
[Eva] Warning: very low grad mean (1.53e-06)
[Eva] Warning: very low grad mean (2.30e-06)
[Eva] Warning: very low grad mean (3.14e-06)
[Eva] Warning: very low grad mean (1.38e-06)
[Eva] Warning: very low grad mean (1.35e-06)
[Eva] Warning: very low grad mean (1.39e-06)
[Eva] Warning: very low grad mean (3.13e-06)
[Eva] Warning: very low grad mean (1.21e-06)
[Eva] Warning: very low grad mean (1.66e-06)
[Eva] Warning: very low grad mean (3.85e-06)
[Eva] Warning: very low grad mean (1.53e-06)
[Eva] Warning: very low grad mean (2.30e-06)
[Eva] Warning: very low grad mean (2.17e-06)
[Eva] Warning: very low grad mean (4.41e-06)
[Eva] Warning: very low grad mean (1.68e-06)
[Eva] Warning: very low grad mean (3.32e-06)
[Eva] Warning: very low grad mean (1.35e-06)
[Eva] Warning: very low grad mean (1.73e-06)
[Eva] Warning: very low grad mean (1.03e-06)
[Eva] Warning: very low grad mean (2.51e-06)
[Eva] Warning: very low grad mean (2.09e-06)
[Eva] Warning: very low grad mean (1.57e-06)
[Eva] Warning: very low grad mean (1.80e-06)
[Eva] Warning: very low grad mean (2.10e-06)
[Eva] Warning: very low grad mean (2.43e-06)
[Eva] Warning: very low grad mean (4.86e-06)
[Eva] Warning: very low grad mean (1.61e-06)
[Eva] Warning: very low grad mean (1.93e-06)
[Eva] Warning: very low grad mean (3.47e-06)
[Eva] Warning: very low grad mean (1.44e-06)
[Eva] Warning: very low grad mean (1.25e-06)
[Eva] Warning: very low grad mean (1.90e-06)
[Eva] Warning: very low grad mean (1.73e-06)
[Eva] Warning: very low grad mean (2.97e-06)
[Eva] Warning: very low grad mean (2.52e-06)
[Eva] Warning: very low grad mean (2.61e-06)
[Eva] Train Epoch 10: Loss=0.00010, Acc=1.00000
[Eva] Val Epoch 10: Loss=0.03205, Acc=0.99556
[Eva] Warning: very low grad mean (2.00e-06)
[Eva] Warning: very low grad mean (1.49e-06)
[Eva] Warning: very low grad mean (2.08e-06)
[Eva] Warning: very low grad mean (1.27e-06)
[Eva] Warning: very low grad mean (1.71e-06)
[Eva] Warning: very low grad mean (1.98e-06)
[Eva] Warning: very low grad mean (4.00e-06)
[Eva] Warning: very low grad mean (3.08e-06)
[Eva] Warning: very low grad mean (1.16e-06)
[Eva] Warning: very low grad mean (1.09e-06)
[Eva] Warning: very low grad mean (2.58e-06)
[Eva] Warning: very low grad mean (1.77e-06)
[Eva] Warning: very low grad mean (1.78e-06)
[Eva] Warning: very low grad mean (5.54e-06)
[Eva] Warning: very low grad mean (2.50e-06)
[Eva] Warning: very low grad mean (2.49e-06)
[Eva] Warning: very low grad mean (3.51e-06)
[Eva] Warning: very low grad mean (1.48e-06)
[Eva] Warning: very low grad mean (4.47e-06)
[Eva] Warning: very low grad mean (2.20e-06)
[Eva] Warning: very low grad mean (1.81e-06)
[Eva] Warning: very low grad mean (1.57e-06)
[Eva] Warning: very low grad mean (2.59e-06)
[Eva] Warning: very low grad mean (9.93e-07)
[Eva] Warning: very low grad mean (8.90e-07)
[Eva] Warning: very low grad mean (1.58e-06)
[Eva] Warning: very low grad mean (1.11e-06)
[Eva] Warning: very low grad mean (1.58e-06)
[Eva] Warning: very low grad mean (3.99e-06)
[Eva] Warning: very low grad mean (7.92e-07)
[Eva] Warning: very low grad mean (2.08e-06)
[Eva] Warning: very low grad mean (1.40e-06)
[Eva] Warning: very low grad mean (1.27e-06)
[Eva] Warning: very low grad mean (1.15e-06)
[Eva] Warning: very low grad mean (3.29e-06)
[Eva] Warning: very low grad mean (1.41e-06)
[Eva] Warning: very low grad mean (2.02e-06)
[Eva] Warning: very low grad mean (9.08e-07)
[Eva] Warning: very low grad mean (1.14e-06)
[Eva] Warning: very low grad mean (1.19e-06)
[Eva] Warning: very low grad mean (1.30e-06)
[Eva] Warning: very low grad mean (2.75e-06)
[Eva] Train Epoch 11: Loss=0.00009, Acc=1.00000
[Eva] Val Epoch 11: Loss=0.03319, Acc=0.99556
[Eva] Warning: very low grad mean (1.17e-06)
[Eva] Warning: very low grad mean (1.46e-06)
[Eva] Warning: very low grad mean (1.98e-06)
[Eva] Warning: very low grad mean (1.40e-06)
[Eva] Warning: very low grad mean (4.26e-06)
[Eva] Warning: very low grad mean (1.36e-06)
[Eva] Warning: very low grad mean (1.18e-06)
[Eva] Warning: very low grad mean (1.21e-06)
[Eva] Warning: very low grad mean (1.22e-06)
[Eva] Warning: very low grad mean (1.13e-06)
[Eva] Warning: very low grad mean (2.41e-06)
[Eva] Warning: very low grad mean (1.93e-06)
[Eva] Warning: very low grad mean (2.57e-06)
[Eva] Warning: very low grad mean (1.31e-06)
[Eva] Warning: very low grad mean (1.56e-06)
[Eva] Warning: very low grad mean (2.58e-06)
[Eva] Warning: very low grad mean (2.64e-06)
[Eva] Warning: very low grad mean (1.08e-06)
[Eva] Warning: very low grad mean (1.05e-06)
[Eva] Warning: very low grad mean (1.10e-06)
[Eva] Warning: very low grad mean (1.20e-06)
[Eva] Warning: very low grad mean (1.49e-06)
[Eva] Warning: very low grad mean (1.06e-06)
[Eva] Warning: very low grad mean (1.80e-06)
[Eva] Warning: very low grad mean (9.71e-07)
[Eva] Warning: very low grad mean (2.80e-06)
[Eva] Warning: very low grad mean (1.03e-06)
[Eva] Warning: very low grad mean (1.45e-06)
[Eva] Warning: very low grad mean (1.34e-06)
[Eva] Warning: very low grad mean (1.03e-06)
[Eva] Warning: very low grad mean (1.01e-06)
[Eva] Warning: very low grad mean (1.98e-06)
[Eva] Warning: very low grad mean (1.53e-06)
[Eva] Warning: very low grad mean (1.22e-06)
[Eva] Warning: very low grad mean (9.08e-07)
[Eva] Warning: very low grad mean (1.04e-06)
[Eva] Warning: very low grad mean (2.20e-06)
[Eva] Warning: very low grad mean (1.48e-06)
[Eva] Warning: very low grad mean (9.58e-07)
[Eva] Warning: very low grad mean (1.68e-06)
[Eva] Warning: very low grad mean (8.38e-07)
[Eva] Warning: very low grad mean (1.57e-06)
[Eva] Train Epoch 12: Loss=0.00007, Acc=1.00000
[Eva] Val Epoch 12: Loss=0.03392, Acc=0.99556
[Eva] Early stopping on epoch 12
Accuracy on Test: 0.99333
=== Training finished for Eva ===

