=== Training started for SwinTransformer with strategy: partial ===
Device: cuda, LR: 0.0001, Batch size: 50, Epochs: 20
[Strategy 2] Training last 30.0% of layers (99/331): 24,447,566 / 49,034,636 (49.86%)
[SwinTransformer] Train Epoch 1: Loss=0.24481, Acc=0.91524
[SwinTransformer] Val Epoch 1: Loss=0.11231, Acc=0.96444
[SwinTransformer] Train Epoch 2: Loss=0.07994, Acc=0.96762
[SwinTransformer] Val Epoch 2: Loss=0.10111, Acc=0.96222
[SwinTransformer] Warning: very low grad mean (8.10e-05)
[SwinTransformer] Train Epoch 3: Loss=0.03638, Acc=0.98810
[SwinTransformer] Val Epoch 3: Loss=0.12928, Acc=0.96667
[SwinTransformer] Warning: very low grad mean (9.45e-05)
[SwinTransformer] Warning: very low grad mean (2.94e-05)
[SwinTransformer] Warning: very low grad mean (6.88e-05)
[SwinTransformer] Warning: very low grad mean (7.95e-05)
[SwinTransformer] Warning: very low grad mean (9.56e-05)
[SwinTransformer] Warning: very low grad mean (5.78e-05)
[SwinTransformer] Warning: very low grad mean (3.83e-05)
[SwinTransformer] Train Epoch 4: Loss=0.03057, Acc=0.99048
[SwinTransformer] Val Epoch 4: Loss=0.19630, Acc=0.94667
[SwinTransformer] Warning: very low grad mean (2.43e-05)
[SwinTransformer] Warning: very low grad mean (4.11e-05)
[SwinTransformer] Warning: very low grad mean (2.75e-05)
[SwinTransformer] Warning: very low grad mean (1.78e-05)
[SwinTransformer] Warning: very low grad mean (3.29e-05)
[SwinTransformer] Warning: very low grad mean (3.56e-05)
[SwinTransformer] Warning: very low grad mean (1.95e-05)
[SwinTransformer] Warning: very low grad mean (3.16e-05)
[SwinTransformer] Warning: very low grad mean (2.39e-05)
[SwinTransformer] Warning: very low grad mean (4.91e-05)
[SwinTransformer] Warning: very low grad mean (5.18e-05)
[SwinTransformer] Warning: very low grad mean (7.11e-05)
[SwinTransformer] Warning: very low grad mean (2.77e-05)
[SwinTransformer] Warning: very low grad mean (5.28e-05)
[SwinTransformer] Train Epoch 5: Loss=0.01892, Acc=0.99381
[SwinTransformer] Val Epoch 5: Loss=0.13104, Acc=0.97111
[SwinTransformer] Warning: very low grad mean (7.59e-05)
[SwinTransformer] Warning: very low grad mean (9.21e-05)
[SwinTransformer] Warning: very low grad mean (3.16e-05)
[SwinTransformer] Warning: very low grad mean (6.78e-05)
[SwinTransformer] Warning: very low grad mean (1.90e-05)
[SwinTransformer] Warning: very low grad mean (9.44e-05)
[SwinTransformer] Warning: very low grad mean (8.68e-05)
[SwinTransformer] Warning: very low grad mean (7.93e-05)
[SwinTransformer] Warning: very low grad mean (5.91e-05)
[SwinTransformer] Warning: very low grad mean (6.67e-05)
[SwinTransformer] Warning: very low grad mean (5.63e-05)
[SwinTransformer] Warning: very low grad mean (4.62e-05)
[SwinTransformer] Warning: very low grad mean (1.26e-05)
[SwinTransformer] Warning: very low grad mean (1.84e-05)
[SwinTransformer] Warning: very low grad mean (8.99e-06)
[SwinTransformer] Warning: very low grad mean (1.85e-05)
[SwinTransformer] Warning: very low grad mean (2.27e-05)
[SwinTransformer] Warning: very low grad mean (4.26e-05)
[SwinTransformer] Warning: very low grad mean (4.18e-05)
[SwinTransformer] Warning: very low grad mean (2.31e-05)
[SwinTransformer] Warning: very low grad mean (2.94e-05)
[SwinTransformer] Warning: very low grad mean (3.39e-05)
[SwinTransformer] Warning: very low grad mean (8.87e-06)
[SwinTransformer] Warning: very low grad mean (5.20e-05)
[SwinTransformer] Warning: very low grad mean (5.67e-05)
[SwinTransformer] Warning: very low grad mean (6.70e-06)
[SwinTransformer] Warning: very low grad mean (2.27e-05)
[SwinTransformer] Train Epoch 6: Loss=0.00675, Acc=0.99857
[SwinTransformer] Val Epoch 6: Loss=0.18886, Acc=0.97111
[SwinTransformer] Warning: very low grad mean (5.38e-05)
[SwinTransformer] Warning: very low grad mean (2.55e-05)
[SwinTransformer] Warning: very low grad mean (5.33e-05)
[SwinTransformer] Warning: very low grad mean (1.25e-06)
[SwinTransformer] Warning: very low grad mean (6.54e-05)
[SwinTransformer] Warning: very low grad mean (6.15e-05)
[SwinTransformer] Warning: very low grad mean (4.42e-05)
[SwinTransformer] Warning: very low grad mean (2.08e-05)
[SwinTransformer] Warning: very low grad mean (1.29e-05)
[SwinTransformer] Warning: very low grad mean (4.93e-05)
[SwinTransformer] Warning: very low grad mean (3.77e-05)
[SwinTransformer] Warning: very low grad mean (1.86e-05)
[SwinTransformer] Warning: very low grad mean (8.88e-05)
[SwinTransformer] Train Epoch 7: Loss=0.03019, Acc=0.98905
[SwinTransformer] Val Epoch 7: Loss=0.16012, Acc=0.96667
[SwinTransformer] Warning: very low grad mean (2.64e-05)
[SwinTransformer] Warning: very low grad mean (1.33e-05)
[SwinTransformer] Warning: very low grad mean (6.94e-05)
[SwinTransformer] Warning: very low grad mean (4.54e-05)
[SwinTransformer] Warning: very low grad mean (2.44e-05)
[SwinTransformer] Warning: very low grad mean (1.08e-05)
[SwinTransformer] Warning: very low grad mean (6.29e-05)
[SwinTransformer] Warning: very low grad mean (3.65e-05)
[SwinTransformer] Warning: very low grad mean (3.10e-05)
[SwinTransformer] Warning: very low grad mean (5.78e-05)
[SwinTransformer] Warning: very low grad mean (6.47e-05)
[SwinTransformer] Warning: very low grad mean (4.01e-05)
[SwinTransformer] Warning: very low grad mean (1.84e-05)
[SwinTransformer] Warning: very low grad mean (9.05e-05)
[SwinTransformer] Warning: very low grad mean (9.12e-06)
[SwinTransformer] Warning: very low grad mean (3.01e-05)
[SwinTransformer] Warning: very low grad mean (1.71e-05)
[SwinTransformer] Warning: very low grad mean (3.89e-05)
[SwinTransformer] Warning: very low grad mean (1.34e-05)
[SwinTransformer] Warning: very low grad mean (3.65e-05)
[SwinTransformer] Warning: very low grad mean (3.17e-05)
[SwinTransformer] Train Epoch 8: Loss=0.01670, Acc=0.99524
[SwinTransformer] Val Epoch 8: Loss=0.19063, Acc=0.95778
[SwinTransformer] Warning: very low grad mean (4.71e-05)
[SwinTransformer] Warning: very low grad mean (5.86e-05)
[SwinTransformer] Warning: very low grad mean (3.28e-05)
[SwinTransformer] Warning: very low grad mean (4.08e-05)
[SwinTransformer] Warning: very low grad mean (4.70e-05)
[SwinTransformer] Warning: very low grad mean (1.70e-05)
[SwinTransformer] Warning: very low grad mean (3.63e-05)
[SwinTransformer] Warning: very low grad mean (7.13e-05)
[SwinTransformer] Warning: very low grad mean (9.16e-05)
[SwinTransformer] Warning: very low grad mean (6.47e-05)
[SwinTransformer] Warning: very low grad mean (3.32e-05)
[SwinTransformer] Warning: very low grad mean (1.13e-05)
[SwinTransformer] Warning: very low grad mean (7.56e-05)
[SwinTransformer] Warning: very low grad mean (2.88e-05)
[SwinTransformer] Warning: very low grad mean (2.96e-05)
[SwinTransformer] Warning: very low grad mean (5.30e-05)
[SwinTransformer] Warning: very low grad mean (5.02e-05)
[SwinTransformer] Warning: very low grad mean (9.93e-05)
[SwinTransformer] Warning: very low grad mean (2.89e-05)
[SwinTransformer] Warning: very low grad mean (6.64e-05)
[SwinTransformer] Warning: very low grad mean (1.19e-05)
[SwinTransformer] Warning: very low grad mean (1.15e-05)
[SwinTransformer] Warning: very low grad mean (1.57e-05)
[SwinTransformer] Warning: very low grad mean (1.32e-05)
[SwinTransformer] Warning: very low grad mean (6.59e-05)
[SwinTransformer] Warning: very low grad mean (3.08e-05)
[SwinTransformer] Train Epoch 9: Loss=0.00718, Acc=0.99762
[SwinTransformer] Val Epoch 9: Loss=0.15446, Acc=0.96444
[SwinTransformer] Warning: very low grad mean (1.89e-05)
[SwinTransformer] Warning: very low grad mean (9.62e-05)
[SwinTransformer] Warning: very low grad mean (8.69e-06)
[SwinTransformer] Warning: very low grad mean (2.78e-05)
[SwinTransformer] Warning: very low grad mean (3.39e-05)
[SwinTransformer] Warning: very low grad mean (5.25e-05)
[SwinTransformer] Warning: very low grad mean (6.01e-06)
[SwinTransformer] Warning: very low grad mean (1.49e-05)
[SwinTransformer] Warning: very low grad mean (5.01e-05)
[SwinTransformer] Warning: very low grad mean (1.92e-05)
[SwinTransformer] Warning: very low grad mean (4.37e-05)
[SwinTransformer] Warning: very low grad mean (3.36e-05)
[SwinTransformer] Warning: very low grad mean (1.24e-05)
[SwinTransformer] Warning: very low grad mean (3.66e-05)
[SwinTransformer] Warning: very low grad mean (4.39e-06)
[SwinTransformer] Warning: very low grad mean (7.92e-05)
[SwinTransformer] Warning: very low grad mean (2.49e-05)
[SwinTransformer] Warning: very low grad mean (7.83e-06)
[SwinTransformer] Warning: very low grad mean (6.61e-06)
[SwinTransformer] Warning: very low grad mean (3.16e-05)
[SwinTransformer] Warning: very low grad mean (1.22e-05)
[SwinTransformer] Warning: very low grad mean (2.25e-05)
[SwinTransformer] Warning: very low grad mean (2.09e-05)
[SwinTransformer] Warning: very low grad mean (1.04e-05)
[SwinTransformer] Warning: very low grad mean (1.50e-05)
[SwinTransformer] Warning: very low grad mean (1.14e-05)
[SwinTransformer] Warning: very low grad mean (1.15e-05)
[SwinTransformer] Warning: very low grad mean (2.69e-05)
[SwinTransformer] Warning: very low grad mean (2.71e-05)
[SwinTransformer] Train Epoch 10: Loss=0.00503, Acc=0.99857
[SwinTransformer] Val Epoch 10: Loss=0.22204, Acc=0.96000
[SwinTransformer] Warning: very low grad mean (1.04e-05)
[SwinTransformer] Warning: very low grad mean (4.66e-05)
[SwinTransformer] Warning: very low grad mean (8.85e-05)
[SwinTransformer] Warning: very low grad mean (1.33e-05)
[SwinTransformer] Warning: very low grad mean (3.98e-05)
[SwinTransformer] Warning: very low grad mean (2.52e-05)
[SwinTransformer] Warning: very low grad mean (1.32e-05)
[SwinTransformer] Warning: very low grad mean (2.83e-06)
[SwinTransformer] Warning: very low grad mean (3.10e-06)
[SwinTransformer] Warning: very low grad mean (5.78e-05)
[SwinTransformer] Warning: very low grad mean (3.87e-05)
[SwinTransformer] Warning: very low grad mean (1.92e-05)
[SwinTransformer] Warning: very low grad mean (4.81e-05)
[SwinTransformer] Warning: very low grad mean (8.50e-06)
[SwinTransformer] Warning: very low grad mean (1.89e-05)
[SwinTransformer] Warning: very low grad mean (4.71e-05)
[SwinTransformer] Warning: very low grad mean (6.65e-06)
[SwinTransformer] Warning: very low grad mean (1.09e-05)
[SwinTransformer] Warning: very low grad mean (2.15e-06)
[SwinTransformer] Warning: very low grad mean (1.62e-05)
[SwinTransformer] Warning: very low grad mean (9.66e-05)
[SwinTransformer] Warning: very low grad mean (9.19e-06)
[SwinTransformer] Warning: very low grad mean (8.88e-05)
[SwinTransformer] Warning: very low grad mean (3.23e-06)
[SwinTransformer] Warning: very low grad mean (1.39e-06)
[SwinTransformer] Warning: very low grad mean (5.24e-05)
[SwinTransformer] Warning: very low grad mean (3.19e-05)
[SwinTransformer] Warning: very low grad mean (2.14e-05)
[SwinTransformer] Warning: very low grad mean (9.73e-06)
[SwinTransformer] Warning: very low grad mean (2.74e-05)
[SwinTransformer] Warning: very low grad mean (1.34e-05)
[SwinTransformer] Warning: very low grad mean (3.30e-05)
[SwinTransformer] Warning: very low grad mean (8.55e-06)
[SwinTransformer] Train Epoch 11: Loss=0.00296, Acc=0.99952
[SwinTransformer] Val Epoch 11: Loss=0.15747, Acc=0.97556
[SwinTransformer] Warning: very low grad mean (3.97e-05)
[SwinTransformer] Warning: very low grad mean (2.19e-05)
[SwinTransformer] Warning: very low grad mean (6.05e-05)
[SwinTransformer] Warning: very low grad mean (1.23e-05)
[SwinTransformer] Warning: very low grad mean (1.43e-05)
[SwinTransformer] Warning: very low grad mean (2.98e-06)
[SwinTransformer] Warning: very low grad mean (2.25e-06)
[SwinTransformer] Warning: very low grad mean (2.73e-05)
[SwinTransformer] Warning: very low grad mean (6.32e-06)
[SwinTransformer] Warning: very low grad mean (1.08e-05)
[SwinTransformer] Warning: very low grad mean (8.74e-05)
[SwinTransformer] Warning: very low grad mean (5.33e-06)
[SwinTransformer] Warning: very low grad mean (2.85e-05)
[SwinTransformer] Warning: very low grad mean (7.68e-06)
[SwinTransformer] Warning: very low grad mean (3.24e-05)
[SwinTransformer] Warning: very low grad mean (4.24e-06)
[SwinTransformer] Warning: very low grad mean (5.36e-05)
[SwinTransformer] Warning: very low grad mean (1.37e-06)
[SwinTransformer] Warning: very low grad mean (1.31e-05)
[SwinTransformer] Warning: very low grad mean (1.89e-05)
[SwinTransformer] Warning: very low grad mean (7.27e-05)
[SwinTransformer] Warning: very low grad mean (3.52e-05)
[SwinTransformer] Warning: very low grad mean (1.30e-06)
[SwinTransformer] Warning: very low grad mean (5.82e-05)
[SwinTransformer] Warning: very low grad mean (3.67e-06)
[SwinTransformer] Warning: very low grad mean (1.75e-06)
[SwinTransformer] Warning: very low grad mean (3.95e-06)
[SwinTransformer] Warning: very low grad mean (1.30e-05)
[SwinTransformer] Warning: very low grad mean (6.74e-06)
[SwinTransformer] Warning: very low grad mean (4.14e-06)
[SwinTransformer] Train Epoch 12: Loss=0.00657, Acc=0.99810
[SwinTransformer] Val Epoch 12: Loss=0.20823, Acc=0.96667
[SwinTransformer] Early stopping on epoch 12
Accuracy on Test: 0.98222
=== Training finished for SwinTransformer ===

