=== Training started for CLIPClassifier with strategy: lora ===
Device: cuda, LR: 0.0001, Batch size: 50, Epochs: 20
[Strategy 4] Training with LoRA: 17,924,224 / 167,742,339 (10.69%)
[CLIPClassifier] Warning: very low grad mean (4.11e-05)
[CLIPClassifier] Warning: very low grad mean (4.40e-05)
[CLIPClassifier] Warning: very low grad mean (7.43e-05)
[CLIPClassifier] Warning: very low grad mean (9.48e-05)
[CLIPClassifier] Train Epoch 1: Loss=0.17170, Acc=0.95619
[CLIPClassifier] Val Epoch 1: Loss=0.03184, Acc=0.99111
[CLIPClassifier] Warning: very low grad mean (8.78e-05)
[CLIPClassifier] Warning: very low grad mean (5.86e-05)
[CLIPClassifier] Warning: very low grad mean (3.36e-05)
[CLIPClassifier] Warning: very low grad mean (9.65e-05)
[CLIPClassifier] Warning: very low grad mean (6.31e-05)
[CLIPClassifier] Warning: very low grad mean (6.65e-05)
[CLIPClassifier] Warning: very low grad mean (2.33e-05)
[CLIPClassifier] Warning: very low grad mean (3.87e-05)
[CLIPClassifier] Warning: very low grad mean (4.06e-05)
[CLIPClassifier] Warning: very low grad mean (9.43e-05)
[CLIPClassifier] Warning: very low grad mean (2.51e-05)
[CLIPClassifier] Warning: very low grad mean (2.24e-05)
[CLIPClassifier] Warning: very low grad mean (2.83e-05)
[CLIPClassifier] Warning: very low grad mean (1.48e-05)
[CLIPClassifier] Warning: very low grad mean (1.68e-05)
[CLIPClassifier] Warning: very low grad mean (5.53e-05)
[CLIPClassifier] Warning: very low grad mean (2.77e-05)
[CLIPClassifier] Warning: very low grad mean (3.97e-05)
[CLIPClassifier] Warning: very low grad mean (1.60e-05)
[CLIPClassifier] Warning: very low grad mean (1.17e-05)
[CLIPClassifier] Warning: very low grad mean (1.55e-05)
[CLIPClassifier] Warning: very low grad mean (8.08e-06)
[CLIPClassifier] Warning: very low grad mean (5.50e-05)
[CLIPClassifier] Warning: very low grad mean (4.65e-05)
[CLIPClassifier] Warning: very low grad mean (3.21e-05)
[CLIPClassifier] Train Epoch 2: Loss=0.02471, Acc=0.99429
[CLIPClassifier] Val Epoch 2: Loss=0.02655, Acc=0.98889
[CLIPClassifier] Warning: very low grad mean (2.47e-05)
[CLIPClassifier] Warning: very low grad mean (1.93e-05)
[CLIPClassifier] Warning: very low grad mean (6.16e-05)
[CLIPClassifier] Warning: very low grad mean (3.60e-05)
[CLIPClassifier] Warning: very low grad mean (2.73e-05)
[CLIPClassifier] Warning: very low grad mean (4.62e-05)
[CLIPClassifier] Warning: very low grad mean (4.71e-05)
[CLIPClassifier] Warning: very low grad mean (3.41e-05)
[CLIPClassifier] Warning: very low grad mean (4.21e-05)
[CLIPClassifier] Warning: very low grad mean (1.49e-05)
[CLIPClassifier] Warning: very low grad mean (3.09e-05)
[CLIPClassifier] Warning: very low grad mean (5.71e-05)
[CLIPClassifier] Warning: very low grad mean (1.55e-05)
[CLIPClassifier] Warning: very low grad mean (1.84e-05)
[CLIPClassifier] Warning: very low grad mean (3.47e-05)
[CLIPClassifier] Warning: very low grad mean (1.41e-05)
[CLIPClassifier] Warning: very low grad mean (3.89e-05)
[CLIPClassifier] Warning: very low grad mean (8.69e-06)
[CLIPClassifier] Warning: very low grad mean (1.79e-05)
[CLIPClassifier] Warning: very low grad mean (4.00e-05)
[CLIPClassifier] Warning: very low grad mean (1.95e-05)
[CLIPClassifier] Warning: very low grad mean (1.89e-05)
[CLIPClassifier] Warning: very low grad mean (6.41e-05)
[CLIPClassifier] Warning: very low grad mean (6.24e-05)
[CLIPClassifier] Warning: very low grad mean (9.20e-06)
[CLIPClassifier] Warning: very low grad mean (1.32e-05)
[CLIPClassifier] Warning: very low grad mean (7.62e-06)
[CLIPClassifier] Warning: very low grad mean (1.36e-05)
[CLIPClassifier] Warning: very low grad mean (1.69e-05)
[CLIPClassifier] Train Epoch 3: Loss=0.01070, Acc=0.99619
[CLIPClassifier] Val Epoch 3: Loss=0.02310, Acc=0.99111
[CLIPClassifier] Warning: very low grad mean (8.16e-06)
[CLIPClassifier] Warning: very low grad mean (1.21e-05)
[CLIPClassifier] Warning: very low grad mean (8.74e-06)
[CLIPClassifier] Warning: very low grad mean (8.67e-06)
[CLIPClassifier] Warning: very low grad mean (3.24e-05)
[CLIPClassifier] Warning: very low grad mean (6.41e-05)
[CLIPClassifier] Warning: very low grad mean (7.05e-06)
[CLIPClassifier] Warning: very low grad mean (6.47e-06)
[CLIPClassifier] Warning: very low grad mean (7.94e-06)
[CLIPClassifier] Warning: very low grad mean (5.45e-05)
[CLIPClassifier] Warning: very low grad mean (9.17e-06)
[CLIPClassifier] Warning: very low grad mean (2.84e-05)
[CLIPClassifier] Warning: very low grad mean (1.36e-05)
[CLIPClassifier] Warning: very low grad mean (1.10e-05)
[CLIPClassifier] Warning: very low grad mean (8.64e-06)
[CLIPClassifier] Warning: very low grad mean (9.95e-06)
[CLIPClassifier] Warning: very low grad mean (4.88e-05)
[CLIPClassifier] Warning: very low grad mean (5.06e-05)
[CLIPClassifier] Warning: very low grad mean (3.15e-05)
[CLIPClassifier] Warning: very low grad mean (1.50e-05)
[CLIPClassifier] Warning: very low grad mean (3.09e-05)
[CLIPClassifier] Warning: very low grad mean (7.61e-05)
[CLIPClassifier] Warning: very low grad mean (2.51e-05)
[CLIPClassifier] Warning: very low grad mean (1.52e-05)
[CLIPClassifier] Warning: very low grad mean (2.44e-05)
[CLIPClassifier] Warning: very low grad mean (6.01e-06)
[CLIPClassifier] Warning: very low grad mean (1.39e-05)
[CLIPClassifier] Warning: very low grad mean (5.02e-06)
[CLIPClassifier] Warning: very low grad mean (1.59e-05)
[CLIPClassifier] Warning: very low grad mean (5.56e-05)
[CLIPClassifier] Warning: very low grad mean (6.59e-06)
[CLIPClassifier] Warning: very low grad mean (5.83e-05)
[CLIPClassifier] Warning: very low grad mean (1.06e-05)
[CLIPClassifier] Train Epoch 4: Loss=0.01199, Acc=0.99619
[CLIPClassifier] Val Epoch 4: Loss=0.04105, Acc=0.98889
[CLIPClassifier] Warning: very low grad mean (1.15e-05)
[CLIPClassifier] Warning: very low grad mean (6.74e-05)
[CLIPClassifier] Warning: very low grad mean (1.14e-05)
[CLIPClassifier] Warning: very low grad mean (2.10e-05)
[CLIPClassifier] Warning: very low grad mean (1.24e-05)
[CLIPClassifier] Warning: very low grad mean (1.41e-05)
[CLIPClassifier] Warning: very low grad mean (1.25e-05)
[CLIPClassifier] Warning: very low grad mean (1.93e-05)
[CLIPClassifier] Warning: very low grad mean (2.70e-05)
[CLIPClassifier] Warning: very low grad mean (9.28e-05)
[CLIPClassifier] Warning: very low grad mean (1.34e-05)
[CLIPClassifier] Warning: very low grad mean (8.28e-06)
[CLIPClassifier] Warning: very low grad mean (6.52e-05)
[CLIPClassifier] Warning: very low grad mean (1.55e-05)
[CLIPClassifier] Warning: very low grad mean (5.22e-06)
[CLIPClassifier] Warning: very low grad mean (8.28e-06)
[CLIPClassifier] Warning: very low grad mean (1.61e-05)
[CLIPClassifier] Warning: very low grad mean (4.31e-06)
[CLIPClassifier] Warning: very low grad mean (8.59e-06)
[CLIPClassifier] Warning: very low grad mean (5.73e-06)
[CLIPClassifier] Warning: very low grad mean (7.45e-06)
[CLIPClassifier] Warning: very low grad mean (8.64e-05)
[CLIPClassifier] Warning: very low grad mean (6.93e-06)
[CLIPClassifier] Warning: very low grad mean (1.27e-05)
[CLIPClassifier] Warning: very low grad mean (6.69e-06)
[CLIPClassifier] Warning: very low grad mean (3.63e-05)
[CLIPClassifier] Warning: very low grad mean (1.87e-05)
[CLIPClassifier] Warning: very low grad mean (1.20e-05)
[CLIPClassifier] Warning: very low grad mean (7.95e-05)
[CLIPClassifier] Warning: very low grad mean (6.54e-06)
[CLIPClassifier] Warning: very low grad mean (4.16e-05)
[CLIPClassifier] Warning: very low grad mean (7.23e-05)
[CLIPClassifier] Warning: very low grad mean (1.70e-05)
[CLIPClassifier] Warning: very low grad mean (4.77e-06)
[CLIPClassifier] Train Epoch 5: Loss=0.00438, Acc=0.99857
[CLIPClassifier] Val Epoch 5: Loss=0.03724, Acc=0.98889
[CLIPClassifier] Warning: very low grad mean (3.88e-06)
[CLIPClassifier] Warning: very low grad mean (5.02e-06)
[CLIPClassifier] Warning: very low grad mean (5.54e-06)
[CLIPClassifier] Warning: very low grad mean (3.68e-06)
[CLIPClassifier] Warning: very low grad mean (4.12e-06)
[CLIPClassifier] Warning: very low grad mean (4.06e-06)
[CLIPClassifier] Warning: very low grad mean (5.59e-06)
[CLIPClassifier] Warning: very low grad mean (6.30e-06)
[CLIPClassifier] Warning: very low grad mean (3.44e-06)
[CLIPClassifier] Warning: very low grad mean (5.14e-06)
[CLIPClassifier] Warning: very low grad mean (2.48e-06)
[CLIPClassifier] Warning: very low grad mean (9.26e-06)
[CLIPClassifier] Warning: very low grad mean (5.01e-06)
[CLIPClassifier] Warning: very low grad mean (4.92e-06)
[CLIPClassifier] Warning: very low grad mean (6.11e-06)
[CLIPClassifier] Warning: very low grad mean (3.38e-06)
[CLIPClassifier] Warning: very low grad mean (4.85e-06)
[CLIPClassifier] Warning: very low grad mean (3.77e-06)
[CLIPClassifier] Warning: very low grad mean (1.13e-05)
[CLIPClassifier] Warning: very low grad mean (2.97e-06)
[CLIPClassifier] Warning: very low grad mean (3.19e-06)
[CLIPClassifier] Warning: very low grad mean (1.94e-06)
[CLIPClassifier] Warning: very low grad mean (6.60e-06)
[CLIPClassifier] Warning: very low grad mean (3.53e-06)
[CLIPClassifier] Warning: very low grad mean (4.04e-06)
[CLIPClassifier] Warning: very low grad mean (8.26e-06)
[CLIPClassifier] Warning: very low grad mean (3.39e-06)
[CLIPClassifier] Warning: very low grad mean (8.17e-06)
[CLIPClassifier] Warning: very low grad mean (6.53e-06)
[CLIPClassifier] Warning: very low grad mean (6.55e-06)
[CLIPClassifier] Warning: very low grad mean (2.06e-05)
[CLIPClassifier] Warning: very low grad mean (1.02e-05)
[CLIPClassifier] Warning: very low grad mean (2.64e-06)
[CLIPClassifier] Warning: very low grad mean (4.67e-06)
[CLIPClassifier] Warning: very low grad mean (4.54e-06)
[CLIPClassifier] Warning: very low grad mean (2.71e-06)
[CLIPClassifier] Warning: very low grad mean (2.10e-05)
[CLIPClassifier] Warning: very low grad mean (3.08e-05)
[CLIPClassifier] Warning: very low grad mean (5.01e-05)
[CLIPClassifier] Train Epoch 6: Loss=0.00209, Acc=0.99952
[CLIPClassifier] Val Epoch 6: Loss=0.15807, Acc=0.96000
[CLIPClassifier] Warning: very low grad mean (1.69e-05)
[CLIPClassifier] Warning: very low grad mean (8.04e-06)
[CLIPClassifier] Warning: very low grad mean (3.34e-06)
[CLIPClassifier] Warning: very low grad mean (2.93e-06)
[CLIPClassifier] Warning: very low grad mean (3.19e-06)
[CLIPClassifier] Warning: very low grad mean (4.59e-06)
[CLIPClassifier] Warning: very low grad mean (5.65e-05)
[CLIPClassifier] Warning: very low grad mean (1.61e-05)
[CLIPClassifier] Warning: very low grad mean (5.87e-06)
[CLIPClassifier] Warning: very low grad mean (8.08e-06)
[CLIPClassifier] Warning: very low grad mean (4.14e-05)
[CLIPClassifier] Warning: very low grad mean (1.00e-05)
[CLIPClassifier] Warning: very low grad mean (4.38e-06)
[CLIPClassifier] Warning: very low grad mean (5.37e-06)
[CLIPClassifier] Warning: very low grad mean (5.12e-06)
[CLIPClassifier] Warning: very low grad mean (7.30e-06)
[CLIPClassifier] Warning: very low grad mean (6.73e-06)
[CLIPClassifier] Warning: very low grad mean (4.32e-05)
[CLIPClassifier] Warning: very low grad mean (4.48e-05)
[CLIPClassifier] Warning: very low grad mean (8.87e-06)
[CLIPClassifier] Warning: very low grad mean (1.02e-05)
[CLIPClassifier] Warning: very low grad mean (1.09e-05)
[CLIPClassifier] Warning: very low grad mean (4.10e-05)
[CLIPClassifier] Warning: very low grad mean (1.60e-05)
[CLIPClassifier] Warning: very low grad mean (1.87e-05)
[CLIPClassifier] Warning: very low grad mean (4.50e-05)
[CLIPClassifier] Warning: very low grad mean (7.26e-05)
[CLIPClassifier] Warning: very low grad mean (6.55e-06)
[CLIPClassifier] Train Epoch 7: Loss=0.01867, Acc=0.99476
[CLIPClassifier] Val Epoch 7: Loss=0.04324, Acc=0.99111
[CLIPClassifier] Warning: very low grad mean (6.93e-05)
[CLIPClassifier] Warning: very low grad mean (9.54e-05)
[CLIPClassifier] Warning: very low grad mean (9.15e-06)
[CLIPClassifier] Warning: very low grad mean (6.80e-06)
[CLIPClassifier] Warning: very low grad mean (3.91e-05)
[CLIPClassifier] Warning: very low grad mean (1.23e-05)
[CLIPClassifier] Warning: very low grad mean (1.16e-05)
[CLIPClassifier] Warning: very low grad mean (2.92e-05)
[CLIPClassifier] Warning: very low grad mean (1.09e-05)
[CLIPClassifier] Warning: very low grad mean (8.98e-06)
[CLIPClassifier] Warning: very low grad mean (2.60e-05)
[CLIPClassifier] Warning: very low grad mean (2.46e-05)
[CLIPClassifier] Warning: very low grad mean (3.14e-05)
[CLIPClassifier] Warning: very low grad mean (5.17e-05)
[CLIPClassifier] Warning: very low grad mean (3.23e-05)
[CLIPClassifier] Warning: very low grad mean (1.03e-05)
[CLIPClassifier] Warning: very low grad mean (1.23e-05)
[CLIPClassifier] Warning: very low grad mean (1.09e-05)
[CLIPClassifier] Warning: very low grad mean (1.11e-05)
[CLIPClassifier] Warning: very low grad mean (7.66e-06)
[CLIPClassifier] Warning: very low grad mean (6.68e-06)
[CLIPClassifier] Warning: very low grad mean (7.83e-05)
[CLIPClassifier] Warning: very low grad mean (1.53e-05)
[CLIPClassifier] Warning: very low grad mean (1.17e-05)
[CLIPClassifier] Warning: very low grad mean (1.47e-05)
[CLIPClassifier] Warning: very low grad mean (4.75e-06)
[CLIPClassifier] Warning: very low grad mean (1.11e-05)
[CLIPClassifier] Warning: very low grad mean (7.06e-05)
[CLIPClassifier] Warning: very low grad mean (3.75e-06)
[CLIPClassifier] Warning: very low grad mean (6.97e-06)
[CLIPClassifier] Warning: very low grad mean (4.73e-05)
[CLIPClassifier] Warning: very low grad mean (3.22e-06)
[CLIPClassifier] Train Epoch 8: Loss=0.00628, Acc=0.99857
[CLIPClassifier] Val Epoch 8: Loss=0.05474, Acc=0.98444
[CLIPClassifier] Warning: very low grad mean (2.83e-06)
[CLIPClassifier] Warning: very low grad mean (5.80e-06)
[CLIPClassifier] Warning: very low grad mean (3.26e-06)
[CLIPClassifier] Warning: very low grad mean (3.36e-06)
[CLIPClassifier] Warning: very low grad mean (3.74e-06)
[CLIPClassifier] Warning: very low grad mean (8.62e-06)
[CLIPClassifier] Warning: very low grad mean (2.75e-06)
[CLIPClassifier] Warning: very low grad mean (5.05e-06)
[CLIPClassifier] Warning: very low grad mean (2.39e-06)
[CLIPClassifier] Warning: very low grad mean (2.51e-06)
[CLIPClassifier] Warning: very low grad mean (3.71e-06)
[CLIPClassifier] Warning: very low grad mean (5.00e-06)
[CLIPClassifier] Warning: very low grad mean (2.25e-06)
[CLIPClassifier] Warning: very low grad mean (7.11e-06)
[CLIPClassifier] Warning: very low grad mean (2.70e-06)
[CLIPClassifier] Warning: very low grad mean (1.16e-05)
[CLIPClassifier] Warning: very low grad mean (1.26e-05)
[CLIPClassifier] Warning: very low grad mean (2.79e-06)
[CLIPClassifier] Warning: very low grad mean (1.83e-06)
[CLIPClassifier] Warning: very low grad mean (5.16e-06)
[CLIPClassifier] Warning: very low grad mean (2.33e-06)
[CLIPClassifier] Warning: very low grad mean (1.06e-05)
[CLIPClassifier] Warning: very low grad mean (3.17e-05)
[CLIPClassifier] Warning: very low grad mean (8.74e-06)
[CLIPClassifier] Warning: very low grad mean (5.96e-05)
[CLIPClassifier] Warning: very low grad mean (1.02e-05)
[CLIPClassifier] Warning: very low grad mean (4.05e-06)
[CLIPClassifier] Warning: very low grad mean (6.50e-05)
[CLIPClassifier] Warning: very low grad mean (4.79e-05)
[CLIPClassifier] Warning: very low grad mean (5.89e-06)
[CLIPClassifier] Warning: very low grad mean (4.25e-06)
[CLIPClassifier] Warning: very low grad mean (5.93e-06)
[CLIPClassifier] Warning: very low grad mean (3.14e-06)
[CLIPClassifier] Warning: very low grad mean (8.36e-06)
[CLIPClassifier] Warning: very low grad mean (2.34e-05)
[CLIPClassifier] Warning: very low grad mean (3.49e-06)
[CLIPClassifier] Warning: very low grad mean (1.05e-05)
[CLIPClassifier] Train Epoch 9: Loss=0.00414, Acc=0.99905
[CLIPClassifier] Val Epoch 9: Loss=0.09620, Acc=0.96889
[CLIPClassifier] Warning: very low grad mean (1.06e-05)
[CLIPClassifier] Warning: very low grad mean (1.87e-06)
[CLIPClassifier] Warning: very low grad mean (8.50e-05)
[CLIPClassifier] Warning: very low grad mean (4.62e-06)
[CLIPClassifier] Warning: very low grad mean (2.23e-06)
[CLIPClassifier] Warning: very low grad mean (3.30e-05)
[CLIPClassifier] Warning: very low grad mean (2.55e-06)
[CLIPClassifier] Warning: very low grad mean (1.26e-05)
[CLIPClassifier] Warning: very low grad mean (1.90e-06)
[CLIPClassifier] Warning: very low grad mean (1.84e-05)
[CLIPClassifier] Warning: very low grad mean (3.28e-05)
[CLIPClassifier] Warning: very low grad mean (7.91e-06)
[CLIPClassifier] Warning: very low grad mean (3.37e-06)
[CLIPClassifier] Warning: very low grad mean (1.97e-06)
[CLIPClassifier] Warning: very low grad mean (2.39e-06)
[CLIPClassifier] Warning: very low grad mean (3.08e-06)
[CLIPClassifier] Warning: very low grad mean (6.65e-06)
[CLIPClassifier] Warning: very low grad mean (2.16e-06)
[CLIPClassifier] Warning: very low grad mean (2.03e-06)
[CLIPClassifier] Warning: very low grad mean (2.74e-06)
[CLIPClassifier] Warning: very low grad mean (2.62e-06)
[CLIPClassifier] Warning: very low grad mean (2.66e-05)
[CLIPClassifier] Warning: very low grad mean (3.24e-06)
[CLIPClassifier] Warning: very low grad mean (8.65e-05)
[CLIPClassifier] Warning: very low grad mean (7.44e-05)
[CLIPClassifier] Warning: very low grad mean (1.99e-05)
[CLIPClassifier] Warning: very low grad mean (6.36e-06)
[CLIPClassifier] Warning: very low grad mean (1.88e-06)
[CLIPClassifier] Warning: very low grad mean (2.70e-06)
[CLIPClassifier] Warning: very low grad mean (6.91e-05)
[CLIPClassifier] Warning: very low grad mean (3.26e-06)
[CLIPClassifier] Warning: very low grad mean (1.60e-05)
[CLIPClassifier] Warning: very low grad mean (8.92e-06)
[CLIPClassifier] Train Epoch 10: Loss=0.00546, Acc=0.99762
[CLIPClassifier] Val Epoch 10: Loss=0.04959, Acc=0.98667
[CLIPClassifier] Warning: very low grad mean (1.46e-06)
[CLIPClassifier] Warning: very low grad mean (1.94e-06)
[CLIPClassifier] Warning: very low grad mean (3.32e-06)
[CLIPClassifier] Warning: very low grad mean (2.55e-06)
[CLIPClassifier] Warning: very low grad mean (4.57e-06)
[CLIPClassifier] Warning: very low grad mean (1.90e-05)
[CLIPClassifier] Warning: very low grad mean (2.97e-06)
[CLIPClassifier] Warning: very low grad mean (1.84e-06)
[CLIPClassifier] Warning: very low grad mean (1.74e-06)
[CLIPClassifier] Warning: very low grad mean (3.25e-05)
[CLIPClassifier] Warning: very low grad mean (9.34e-06)
[CLIPClassifier] Warning: very low grad mean (4.09e-06)
[CLIPClassifier] Warning: very low grad mean (2.23e-05)
[CLIPClassifier] Warning: very low grad mean (7.76e-06)
[CLIPClassifier] Warning: very low grad mean (7.03e-06)
[CLIPClassifier] Warning: very low grad mean (9.00e-06)
[CLIPClassifier] Warning: very low grad mean (7.02e-06)
[CLIPClassifier] Warning: very low grad mean (5.41e-06)
[CLIPClassifier] Warning: very low grad mean (9.82e-06)
[CLIPClassifier] Warning: very low grad mean (5.77e-05)
[CLIPClassifier] Warning: very low grad mean (5.83e-06)
[CLIPClassifier] Warning: very low grad mean (3.14e-06)
[CLIPClassifier] Warning: very low grad mean (3.51e-06)
[CLIPClassifier] Warning: very low grad mean (1.17e-05)
[CLIPClassifier] Warning: very low grad mean (2.56e-06)
[CLIPClassifier] Warning: very low grad mean (1.77e-06)
[CLIPClassifier] Warning: very low grad mean (7.64e-06)
[CLIPClassifier] Warning: very low grad mean (3.99e-06)
[CLIPClassifier] Warning: very low grad mean (4.69e-06)
[CLIPClassifier] Warning: very low grad mean (2.21e-06)
[CLIPClassifier] Warning: very low grad mean (4.37e-05)
[CLIPClassifier] Warning: very low grad mean (6.25e-06)
[CLIPClassifier] Warning: very low grad mean (7.24e-06)
[CLIPClassifier] Warning: very low grad mean (3.90e-06)
[CLIPClassifier] Warning: very low grad mean (4.10e-06)
[CLIPClassifier] Warning: very low grad mean (1.58e-06)
[CLIPClassifier] Warning: very low grad mean (2.31e-06)
[CLIPClassifier] Warning: very low grad mean (5.30e-06)
[CLIPClassifier] Warning: very low grad mean (5.70e-06)
[CLIPClassifier] Warning: very low grad mean (7.47e-05)
[CLIPClassifier] Warning: very low grad mean (9.09e-06)
[CLIPClassifier] Train Epoch 11: Loss=0.00051, Acc=1.00000
[CLIPClassifier] Val Epoch 11: Loss=0.04709, Acc=0.99111
[CLIPClassifier] Warning: very low grad mean (2.59e-06)
[CLIPClassifier] Warning: very low grad mean (4.25e-06)
[CLIPClassifier] Warning: very low grad mean (4.04e-06)
[CLIPClassifier] Warning: very low grad mean (4.24e-06)
[CLIPClassifier] Warning: very low grad mean (1.68e-06)
[CLIPClassifier] Warning: very low grad mean (1.61e-06)
[CLIPClassifier] Warning: very low grad mean (1.37e-06)
[CLIPClassifier] Warning: very low grad mean (1.55e-06)
[CLIPClassifier] Warning: very low grad mean (9.51e-06)
[CLIPClassifier] Warning: very low grad mean (1.15e-06)
[CLIPClassifier] Warning: very low grad mean (1.19e-06)
[CLIPClassifier] Warning: very low grad mean (1.64e-06)
[CLIPClassifier] Warning: very low grad mean (8.90e-06)
[CLIPClassifier] Warning: very low grad mean (1.68e-06)
[CLIPClassifier] Warning: very low grad mean (2.74e-06)
[CLIPClassifier] Warning: very low grad mean (1.66e-06)
[CLIPClassifier] Warning: very low grad mean (2.54e-06)
[CLIPClassifier] Warning: very low grad mean (1.57e-06)
[CLIPClassifier] Warning: very low grad mean (1.12e-06)
[CLIPClassifier] Warning: very low grad mean (1.39e-06)
[CLIPClassifier] Warning: very low grad mean (3.18e-06)
[CLIPClassifier] Warning: very low grad mean (1.28e-06)
[CLIPClassifier] Warning: very low grad mean (1.90e-06)
[CLIPClassifier] Warning: very low grad mean (1.99e-06)
[CLIPClassifier] Warning: very low grad mean (1.75e-06)
[CLIPClassifier] Warning: very low grad mean (6.24e-06)
[CLIPClassifier] Warning: very low grad mean (1.47e-06)
[CLIPClassifier] Warning: very low grad mean (3.07e-06)
[CLIPClassifier] Warning: very low grad mean (2.06e-06)
[CLIPClassifier] Warning: very low grad mean (9.80e-07)
[CLIPClassifier] Warning: very low grad mean (2.67e-06)
[CLIPClassifier] Warning: very low grad mean (8.32e-07)
[CLIPClassifier] Warning: very low grad mean (9.99e-07)
[CLIPClassifier] Warning: very low grad mean (1.71e-06)
[CLIPClassifier] Warning: very low grad mean (2.59e-06)
[CLIPClassifier] Warning: very low grad mean (1.61e-06)
[CLIPClassifier] Warning: very low grad mean (4.08e-06)
[CLIPClassifier] Warning: very low grad mean (1.05e-06)
[CLIPClassifier] Warning: very low grad mean (9.88e-07)
[CLIPClassifier] Warning: very low grad mean (2.38e-06)
[CLIPClassifier] Warning: very low grad mean (3.18e-06)
[CLIPClassifier] Warning: very low grad mean (9.88e-07)
[CLIPClassifier] Train Epoch 12: Loss=0.00018, Acc=1.00000
[CLIPClassifier] Val Epoch 12: Loss=0.04177, Acc=0.99111
[CLIPClassifier] Warning: very low grad mean (1.50e-06)
[CLIPClassifier] Warning: very low grad mean (9.80e-07)
[CLIPClassifier] Warning: very low grad mean (8.75e-07)
[CLIPClassifier] Warning: very low grad mean (2.23e-06)
[CLIPClassifier] Warning: very low grad mean (1.18e-06)
[CLIPClassifier] Warning: very low grad mean (4.60e-06)
[CLIPClassifier] Warning: very low grad mean (2.56e-06)
[CLIPClassifier] Warning: very low grad mean (1.75e-06)
[CLIPClassifier] Warning: very low grad mean (1.51e-06)
[CLIPClassifier] Warning: very low grad mean (1.24e-06)
[CLIPClassifier] Warning: very low grad mean (3.46e-06)
[CLIPClassifier] Warning: very low grad mean (1.88e-06)
[CLIPClassifier] Warning: very low grad mean (1.90e-06)
[CLIPClassifier] Warning: very low grad mean (7.38e-07)
[CLIPClassifier] Warning: very low grad mean (1.61e-06)
[CLIPClassifier] Warning: very low grad mean (8.10e-07)
[CLIPClassifier] Warning: very low grad mean (3.21e-06)
[CLIPClassifier] Warning: very low grad mean (1.07e-06)
[CLIPClassifier] Warning: very low grad mean (2.48e-06)
[CLIPClassifier] Warning: very low grad mean (2.84e-06)
[CLIPClassifier] Warning: very low grad mean (1.15e-06)
[CLIPClassifier] Warning: very low grad mean (8.85e-07)
[CLIPClassifier] Warning: very low grad mean (3.86e-06)
[CLIPClassifier] Warning: very low grad mean (2.56e-06)
[CLIPClassifier] Warning: very low grad mean (1.13e-06)
[CLIPClassifier] Warning: very low grad mean (1.63e-06)
[CLIPClassifier] Warning: very low grad mean (8.68e-07)
[CLIPClassifier] Warning: very low grad mean (1.54e-06)
[CLIPClassifier] Warning: very low grad mean (1.13e-06)
[CLIPClassifier] Warning: very low grad mean (1.21e-06)
[CLIPClassifier] Warning: very low grad mean (9.01e-07)
[CLIPClassifier] Warning: very low grad mean (1.26e-06)
[CLIPClassifier] Warning: very low grad mean (1.51e-06)
[CLIPClassifier] Warning: very low grad mean (6.78e-06)
[CLIPClassifier] Warning: very low grad mean (6.49e-07)
[CLIPClassifier] Warning: very low grad mean (1.14e-06)
[CLIPClassifier] Warning: very low grad mean (7.96e-07)
[CLIPClassifier] Warning: very low grad mean (1.05e-06)
[CLIPClassifier] Warning: very low grad mean (6.82e-07)
[CLIPClassifier] Warning: very low grad mean (3.55e-06)
[CLIPClassifier] Warning: very low grad mean (1.19e-06)
[CLIPClassifier] Warning: very low grad mean (1.66e-06)
[CLIPClassifier] Train Epoch 13: Loss=0.00013, Acc=1.00000
[CLIPClassifier] Val Epoch 13: Loss=0.05258, Acc=0.99111
[CLIPClassifier] Early stopping on epoch 13
Accuracy on Test: 0.99111
=== Training finished for CLIPClassifier ===

