=== Training started for Eva with strategy: lora ===
Device: cuda, LR: 0.0001, Batch size: 50, Epochs: 20
[Strategy 4] Training with LoRA: 9,519,232 / 95,357,826 (9.98%)
[Eva] Warning: very low grad mean (6.91e-05)
[Eva] Warning: very low grad mean (7.27e-05)
[Eva] Warning: very low grad mean (7.96e-05)
[Eva] Warning: very low grad mean (6.91e-05)
[Eva] Warning: very low grad mean (8.41e-05)
[Eva] Warning: very low grad mean (7.32e-05)
[Eva] Warning: very low grad mean (8.14e-05)
[Eva] Warning: very low grad mean (9.63e-05)
[Eva] Warning: very low grad mean (9.34e-05)
[Eva] Warning: very low grad mean (9.11e-05)
[Eva] Train Epoch 1: Loss=0.46213, Acc=0.91810
[Eva] Val Epoch 1: Loss=0.12143, Acc=0.96889
[Eva] Warning: very low grad mean (9.05e-05)
[Eva] Warning: very low grad mean (9.75e-05)
[Eva] Warning: very low grad mean (6.90e-05)
[Eva] Warning: very low grad mean (9.63e-05)
[Eva] Warning: very low grad mean (8.40e-05)
[Eva] Warning: very low grad mean (6.24e-05)
[Eva] Warning: very low grad mean (9.00e-05)
[Eva] Train Epoch 2: Loss=0.06676, Acc=0.98190
[Eva] Val Epoch 2: Loss=0.03087, Acc=0.99111
[Eva] Warning: very low grad mean (5.09e-05)
[Eva] Warning: very low grad mean (9.41e-05)
[Eva] Warning: very low grad mean (8.09e-05)
[Eva] Warning: very low grad mean (3.34e-05)
[Eva] Warning: very low grad mean (9.16e-05)
[Eva] Warning: very low grad mean (6.70e-05)
[Eva] Warning: very low grad mean (5.72e-05)
[Eva] Warning: very low grad mean (9.23e-05)
[Eva] Warning: very low grad mean (5.61e-05)
[Eva] Warning: very low grad mean (2.60e-05)
[Eva] Warning: very low grad mean (5.39e-05)
[Eva] Warning: very low grad mean (3.44e-05)
[Eva] Warning: very low grad mean (8.32e-05)
[Eva] Warning: very low grad mean (3.53e-05)
[Eva] Warning: very low grad mean (4.01e-05)
[Eva] Warning: very low grad mean (4.49e-05)
[Eva] Warning: very low grad mean (3.15e-05)
[Eva] Warning: very low grad mean (4.88e-05)
[Eva] Warning: very low grad mean (3.18e-05)
[Eva] Warning: very low grad mean (7.63e-05)
[Eva] Warning: very low grad mean (4.00e-05)
[Eva] Warning: very low grad mean (4.15e-05)
[Eva] Warning: very low grad mean (7.59e-05)
[Eva] Warning: very low grad mean (3.29e-05)
[Eva] Warning: very low grad mean (6.13e-05)
[Eva] Warning: very low grad mean (3.53e-05)
[Eva] Warning: very low grad mean (5.77e-05)
[Eva] Warning: very low grad mean (2.76e-05)
[Eva] Train Epoch 3: Loss=0.02094, Acc=0.99524
[Eva] Val Epoch 3: Loss=0.02929, Acc=0.99111
[Eva] Warning: very low grad mean (2.50e-05)
[Eva] Warning: very low grad mean (9.01e-05)
[Eva] Warning: very low grad mean (1.49e-05)
[Eva] Warning: very low grad mean (8.00e-05)
[Eva] Warning: very low grad mean (4.73e-05)
[Eva] Warning: very low grad mean (2.42e-05)
[Eva] Warning: very low grad mean (5.92e-05)
[Eva] Warning: very low grad mean (3.95e-05)
[Eva] Warning: very low grad mean (2.07e-05)
[Eva] Warning: very low grad mean (4.48e-05)
[Eva] Warning: very low grad mean (4.31e-05)
[Eva] Warning: very low grad mean (6.72e-05)
[Eva] Warning: very low grad mean (9.64e-05)
[Eva] Warning: very low grad mean (2.04e-05)
[Eva] Warning: very low grad mean (1.33e-05)
[Eva] Warning: very low grad mean (8.34e-06)
[Eva] Warning: very low grad mean (2.13e-05)
[Eva] Warning: very low grad mean (3.03e-05)
[Eva] Warning: very low grad mean (4.63e-05)
[Eva] Warning: very low grad mean (2.74e-05)
[Eva] Warning: very low grad mean (1.53e-05)
[Eva] Warning: very low grad mean (2.21e-05)
[Eva] Warning: very low grad mean (2.42e-05)
[Eva] Warning: very low grad mean (1.86e-05)
[Eva] Warning: very low grad mean (3.35e-05)
[Eva] Warning: very low grad mean (1.41e-05)
[Eva] Warning: very low grad mean (2.11e-05)
[Eva] Warning: very low grad mean (1.90e-05)
[Eva] Warning: very low grad mean (1.78e-05)
[Eva] Warning: very low grad mean (8.91e-06)
[Eva] Warning: very low grad mean (4.14e-05)
[Eva] Warning: very low grad mean (5.40e-05)
[Eva] Warning: very low grad mean (3.13e-05)
[Eva] Warning: very low grad mean (3.89e-05)
[Eva] Warning: very low grad mean (1.59e-05)
[Eva] Train Epoch 4: Loss=0.00887, Acc=0.99667
[Eva] Val Epoch 4: Loss=0.01212, Acc=0.99556
[Eva] Warning: very low grad mean (6.53e-05)
[Eva] Warning: very low grad mean (5.93e-05)
[Eva] Warning: very low grad mean (1.97e-05)
[Eva] Warning: very low grad mean (1.73e-05)
[Eva] Warning: very low grad mean (2.75e-05)
[Eva] Warning: very low grad mean (3.33e-05)
[Eva] Warning: very low grad mean (2.27e-05)
[Eva] Warning: very low grad mean (4.72e-05)
[Eva] Warning: very low grad mean (8.59e-05)
[Eva] Warning: very low grad mean (2.68e-05)
[Eva] Warning: very low grad mean (4.21e-05)
[Eva] Warning: very low grad mean (1.94e-05)
[Eva] Warning: very low grad mean (9.48e-06)
[Eva] Warning: very low grad mean (1.65e-05)
[Eva] Warning: very low grad mean (7.85e-06)
[Eva] Warning: very low grad mean (1.95e-05)
[Eva] Warning: very low grad mean (2.51e-05)
[Eva] Warning: very low grad mean (5.56e-06)
[Eva] Warning: very low grad mean (2.28e-05)
[Eva] Warning: very low grad mean (2.04e-05)
[Eva] Warning: very low grad mean (5.70e-06)
[Eva] Warning: very low grad mean (1.78e-05)
[Eva] Warning: very low grad mean (6.51e-06)
[Eva] Warning: very low grad mean (6.65e-06)
[Eva] Warning: very low grad mean (1.03e-05)
[Eva] Warning: very low grad mean (5.77e-06)
[Eva] Warning: very low grad mean (5.03e-05)
[Eva] Warning: very low grad mean (7.92e-06)
[Eva] Warning: very low grad mean (5.90e-06)
[Eva] Warning: very low grad mean (5.37e-06)
[Eva] Warning: very low grad mean (4.69e-06)
[Eva] Warning: very low grad mean (4.56e-06)
[Eva] Warning: very low grad mean (1.21e-05)
[Eva] Warning: very low grad mean (7.26e-06)
[Eva] Warning: very low grad mean (1.88e-05)
[Eva] Warning: very low grad mean (4.44e-05)
[Eva] Warning: very low grad mean (8.98e-06)
[Eva] Warning: very low grad mean (4.45e-06)
[Eva] Warning: very low grad mean (8.53e-06)
[Eva] Train Epoch 5: Loss=0.00370, Acc=0.99857
[Eva] Val Epoch 5: Loss=0.01569, Acc=0.99111
[Eva] Warning: very low grad mean (1.87e-05)
[Eva] Warning: very low grad mean (6.28e-06)
[Eva] Warning: very low grad mean (2.46e-05)
[Eva] Warning: very low grad mean (3.10e-05)
[Eva] Warning: very low grad mean (4.42e-05)
[Eva] Warning: very low grad mean (7.35e-06)
[Eva] Warning: very low grad mean (3.71e-06)
[Eva] Warning: very low grad mean (4.82e-05)
[Eva] Warning: very low grad mean (1.35e-05)
[Eva] Warning: very low grad mean (8.33e-06)
[Eva] Warning: very low grad mean (2.82e-06)
[Eva] Warning: very low grad mean (8.66e-06)
[Eva] Warning: very low grad mean (6.96e-06)
[Eva] Warning: very low grad mean (9.15e-06)
[Eva] Warning: very low grad mean (7.98e-06)
[Eva] Warning: very low grad mean (3.54e-06)
[Eva] Warning: very low grad mean (9.72e-06)
[Eva] Warning: very low grad mean (5.19e-06)
[Eva] Warning: very low grad mean (1.78e-05)
[Eva] Warning: very low grad mean (3.38e-06)
[Eva] Warning: very low grad mean (6.72e-05)
[Eva] Warning: very low grad mean (6.30e-06)
[Eva] Warning: very low grad mean (2.72e-06)
[Eva] Warning: very low grad mean (6.90e-06)
[Eva] Warning: very low grad mean (6.30e-06)
[Eva] Warning: very low grad mean (3.37e-06)
[Eva] Warning: very low grad mean (3.02e-06)
[Eva] Warning: very low grad mean (3.95e-06)
[Eva] Warning: very low grad mean (2.22e-05)
[Eva] Warning: very low grad mean (2.10e-06)
[Eva] Warning: very low grad mean (6.82e-06)
[Eva] Warning: very low grad mean (7.22e-06)
[Eva] Warning: very low grad mean (3.78e-06)
[Eva] Warning: very low grad mean (6.12e-06)
[Eva] Warning: very low grad mean (8.58e-06)
[Eva] Warning: very low grad mean (2.72e-05)
[Eva] Warning: very low grad mean (4.78e-06)
[Eva] Warning: very low grad mean (3.86e-06)
[Eva] Warning: very low grad mean (3.75e-06)
[Eva] Warning: very low grad mean (4.19e-06)
[Eva] Warning: very low grad mean (4.29e-06)
[Eva] Train Epoch 6: Loss=0.00130, Acc=1.00000
[Eva] Val Epoch 6: Loss=0.04492, Acc=0.98667
[Eva] Warning: very low grad mean (6.68e-06)
[Eva] Warning: very low grad mean (3.59e-06)
[Eva] Warning: very low grad mean (5.97e-06)
[Eva] Warning: very low grad mean (1.14e-05)
[Eva] Warning: very low grad mean (4.16e-06)
[Eva] Warning: very low grad mean (2.99e-05)
[Eva] Warning: very low grad mean (5.90e-06)
[Eva] Warning: very low grad mean (7.48e-06)
[Eva] Warning: very low grad mean (2.75e-05)
[Eva] Warning: very low grad mean (1.19e-05)
[Eva] Warning: very low grad mean (2.99e-05)
[Eva] Warning: very low grad mean (2.13e-05)
[Eva] Warning: very low grad mean (9.96e-05)
[Eva] Warning: very low grad mean (1.04e-05)
[Eva] Warning: very low grad mean (3.49e-06)
[Eva] Warning: very low grad mean (1.40e-05)
[Eva] Warning: very low grad mean (5.25e-06)
[Eva] Warning: very low grad mean (9.42e-06)
[Eva] Warning: very low grad mean (7.75e-06)
[Eva] Warning: very low grad mean (1.20e-05)
[Eva] Warning: very low grad mean (3.59e-06)
[Eva] Warning: very low grad mean (1.14e-05)
[Eva] Warning: very low grad mean (3.73e-05)
[Eva] Warning: very low grad mean (5.25e-06)
[Eva] Warning: very low grad mean (1.85e-05)
[Eva] Warning: very low grad mean (9.48e-06)
[Eva] Warning: very low grad mean (3.73e-06)
[Eva] Warning: very low grad mean (2.69e-05)
[Eva] Warning: very low grad mean (1.72e-05)
[Eva] Warning: very low grad mean (1.15e-05)
[Eva] Warning: very low grad mean (1.27e-05)
[Eva] Warning: very low grad mean (4.52e-06)
[Eva] Warning: very low grad mean (3.26e-06)
[Eva] Warning: very low grad mean (1.25e-05)
[Eva] Warning: very low grad mean (1.80e-05)
[Eva] Warning: very low grad mean (9.41e-06)
[Eva] Warning: very low grad mean (3.61e-06)
[Eva] Warning: very low grad mean (1.58e-05)
[Eva] Train Epoch 7: Loss=0.00518, Acc=0.99762
[Eva] Val Epoch 7: Loss=0.01431, Acc=0.99556
[Eva] Warning: very low grad mean (5.81e-06)
[Eva] Warning: very low grad mean (4.40e-06)
[Eva] Warning: very low grad mean (1.55e-05)
[Eva] Warning: very low grad mean (8.85e-06)
[Eva] Warning: very low grad mean (1.11e-05)
[Eva] Warning: very low grad mean (1.33e-05)
[Eva] Warning: very low grad mean (8.99e-06)
[Eva] Warning: very low grad mean (8.90e-05)
[Eva] Warning: very low grad mean (9.37e-06)
[Eva] Warning: very low grad mean (5.19e-06)
[Eva] Warning: very low grad mean (1.91e-05)
[Eva] Warning: very low grad mean (5.47e-05)
[Eva] Warning: very low grad mean (6.55e-05)
[Eva] Warning: very low grad mean (6.52e-06)
[Eva] Warning: very low grad mean (3.95e-06)
[Eva] Warning: very low grad mean (4.34e-06)
[Eva] Warning: very low grad mean (5.28e-06)
[Eva] Warning: very low grad mean (4.51e-06)
[Eva] Warning: very low grad mean (1.21e-05)
[Eva] Warning: very low grad mean (7.87e-05)
[Eva] Warning: very low grad mean (9.99e-06)
[Eva] Warning: very low grad mean (2.12e-06)
[Eva] Warning: very low grad mean (4.80e-06)
[Eva] Warning: very low grad mean (1.03e-05)
[Eva] Warning: very low grad mean (4.51e-06)
[Eva] Warning: very low grad mean (6.25e-06)
[Eva] Warning: very low grad mean (8.30e-06)
[Eva] Warning: very low grad mean (5.49e-06)
[Eva] Warning: very low grad mean (1.02e-05)
[Eva] Warning: very low grad mean (7.83e-06)
[Eva] Warning: very low grad mean (1.95e-06)
[Eva] Warning: very low grad mean (1.01e-05)
[Eva] Warning: very low grad mean (1.06e-05)
[Eva] Warning: very low grad mean (6.15e-06)
[Eva] Warning: very low grad mean (8.21e-05)
[Eva] Warning: very low grad mean (3.44e-05)
[Eva] Warning: very low grad mean (8.99e-06)
[Eva] Warning: very low grad mean (3.93e-06)
[Eva] Warning: very low grad mean (2.00e-06)
[Eva] Warning: very low grad mean (3.54e-06)
[Eva] Warning: very low grad mean (2.29e-05)
[Eva] Train Epoch 8: Loss=0.00191, Acc=0.99905
[Eva] Val Epoch 8: Loss=0.00268, Acc=1.00000
[Eva] Warning: very low grad mean (7.77e-06)
[Eva] Warning: very low grad mean (7.96e-06)
[Eva] Warning: very low grad mean (3.31e-06)
[Eva] Warning: very low grad mean (2.61e-06)
[Eva] Warning: very low grad mean (8.01e-05)
[Eva] Warning: very low grad mean (8.73e-06)
[Eva] Warning: very low grad mean (2.76e-06)
[Eva] Warning: very low grad mean (6.94e-06)
[Eva] Warning: very low grad mean (1.44e-05)
[Eva] Warning: very low grad mean (2.22e-06)
[Eva] Warning: very low grad mean (2.55e-06)
[Eva] Warning: very low grad mean (2.33e-06)
[Eva] Warning: very low grad mean (1.21e-06)
[Eva] Warning: very low grad mean (6.08e-06)
[Eva] Warning: very low grad mean (2.70e-06)
[Eva] Warning: very low grad mean (3.55e-06)
[Eva] Warning: very low grad mean (9.45e-06)
[Eva] Warning: very low grad mean (2.20e-06)
[Eva] Warning: very low grad mean (2.27e-06)
[Eva] Warning: very low grad mean (1.93e-05)
[Eva] Warning: very low grad mean (4.54e-06)
[Eva] Warning: very low grad mean (2.89e-06)
[Eva] Warning: very low grad mean (8.14e-06)
[Eva] Warning: very low grad mean (4.88e-06)
[Eva] Warning: very low grad mean (3.44e-06)
[Eva] Warning: very low grad mean (1.44e-05)
[Eva] Warning: very low grad mean (3.83e-06)
[Eva] Warning: very low grad mean (4.79e-06)
[Eva] Warning: very low grad mean (4.95e-06)
[Eva] Warning: very low grad mean (2.26e-06)
[Eva] Warning: very low grad mean (2.61e-06)
[Eva] Warning: very low grad mean (4.07e-06)
[Eva] Warning: very low grad mean (2.86e-06)
[Eva] Warning: very low grad mean (1.21e-06)
[Eva] Warning: very low grad mean (1.46e-06)
[Eva] Warning: very low grad mean (4.38e-06)
[Eva] Warning: very low grad mean (1.62e-06)
[Eva] Warning: very low grad mean (1.36e-06)
[Eva] Warning: very low grad mean (2.46e-06)
[Eva] Warning: very low grad mean (1.23e-05)
[Eva] Warning: very low grad mean (5.91e-06)
[Eva] Warning: very low grad mean (2.97e-06)
[Eva] Train Epoch 9: Loss=0.00052, Acc=1.00000
[Eva] Val Epoch 9: Loss=0.00620, Acc=0.99778
[Eva] Warning: very low grad mean (4.89e-06)
[Eva] Warning: very low grad mean (1.06e-06)
[Eva] Warning: very low grad mean (4.13e-06)
[Eva] Warning: very low grad mean (3.04e-06)
[Eva] Warning: very low grad mean (2.22e-06)
[Eva] Warning: very low grad mean (1.14e-06)
[Eva] Warning: very low grad mean (1.10e-05)
[Eva] Warning: very low grad mean (2.39e-06)
[Eva] Warning: very low grad mean (1.56e-05)
[Eva] Warning: very low grad mean (2.01e-06)
[Eva] Warning: very low grad mean (1.02e-05)
[Eva] Warning: very low grad mean (1.93e-06)
[Eva] Warning: very low grad mean (3.17e-06)
[Eva] Warning: very low grad mean (1.48e-06)
[Eva] Warning: very low grad mean (6.82e-07)
[Eva] Warning: very low grad mean (1.41e-06)
[Eva] Warning: very low grad mean (1.90e-06)
[Eva] Warning: very low grad mean (2.01e-06)
[Eva] Warning: very low grad mean (6.77e-06)
[Eva] Warning: very low grad mean (2.88e-06)
[Eva] Warning: very low grad mean (2.14e-06)
[Eva] Warning: very low grad mean (1.31e-06)
[Eva] Warning: very low grad mean (1.62e-06)
[Eva] Warning: very low grad mean (7.23e-06)
[Eva] Warning: very low grad mean (1.21e-06)
[Eva] Warning: very low grad mean (1.38e-06)
[Eva] Warning: very low grad mean (6.76e-07)
[Eva] Warning: very low grad mean (4.14e-06)
[Eva] Warning: very low grad mean (1.02e-05)
[Eva] Warning: very low grad mean (1.19e-06)
[Eva] Warning: very low grad mean (3.40e-06)
[Eva] Warning: very low grad mean (2.84e-06)
[Eva] Warning: very low grad mean (2.18e-06)
[Eva] Warning: very low grad mean (4.05e-06)
[Eva] Warning: very low grad mean (1.66e-06)
[Eva] Warning: very low grad mean (6.57e-07)
[Eva] Warning: very low grad mean (4.39e-06)
[Eva] Warning: very low grad mean (3.86e-06)
[Eva] Warning: very low grad mean (1.54e-06)
[Eva] Warning: very low grad mean (2.11e-06)
[Eva] Warning: very low grad mean (8.85e-07)
[Eva] Warning: very low grad mean (2.06e-06)
[Eva] Train Epoch 10: Loss=0.00023, Acc=1.00000
[Eva] Val Epoch 10: Loss=0.00193, Acc=1.00000
[Eva] Warning: very low grad mean (3.58e-06)
[Eva] Warning: very low grad mean (9.49e-07)
[Eva] Warning: very low grad mean (6.07e-06)
[Eva] Warning: very low grad mean (5.96e-07)
[Eva] Warning: very low grad mean (1.65e-06)
[Eva] Warning: very low grad mean (6.67e-07)
[Eva] Warning: very low grad mean (1.32e-06)
[Eva] Warning: very low grad mean (1.37e-06)
[Eva] Warning: very low grad mean (2.06e-06)
[Eva] Warning: very low grad mean (2.40e-06)
[Eva] Warning: very low grad mean (4.23e-06)
[Eva] Warning: very low grad mean (1.04e-06)
[Eva] Warning: very low grad mean (1.21e-06)
[Eva] Warning: very low grad mean (8.03e-07)
[Eva] Warning: very low grad mean (1.62e-06)
[Eva] Warning: very low grad mean (2.32e-06)
[Eva] Warning: very low grad mean (3.26e-06)
[Eva] Warning: very low grad mean (2.53e-06)
[Eva] Warning: very low grad mean (4.12e-06)
[Eva] Warning: very low grad mean (1.19e-06)
[Eva] Warning: very low grad mean (6.80e-07)
[Eva] Warning: very low grad mean (1.07e-06)
[Eva] Warning: very low grad mean (1.50e-06)
[Eva] Warning: very low grad mean (4.09e-06)
[Eva] Warning: very low grad mean (3.21e-06)
[Eva] Warning: very low grad mean (1.90e-06)
[Eva] Warning: very low grad mean (2.97e-06)
[Eva] Warning: very low grad mean (1.97e-06)
[Eva] Warning: very low grad mean (3.85e-06)
[Eva] Warning: very low grad mean (1.69e-06)
[Eva] Warning: very low grad mean (1.79e-06)
[Eva] Warning: very low grad mean (1.10e-06)
[Eva] Warning: very low grad mean (1.45e-06)
[Eva] Warning: very low grad mean (8.51e-07)
[Eva] Warning: very low grad mean (1.09e-06)
[Eva] Warning: very low grad mean (1.10e-06)
[Eva] Warning: very low grad mean (4.99e-06)
[Eva] Warning: very low grad mean (3.75e-06)
[Eva] Warning: very low grad mean (1.42e-06)
[Eva] Warning: very low grad mean (1.02e-06)
[Eva] Warning: very low grad mean (5.84e-06)
[Eva] Warning: very low grad mean (2.42e-06)
[Eva] Train Epoch 11: Loss=0.00014, Acc=1.00000
[Eva] Val Epoch 11: Loss=0.00164, Acc=1.00000
[Eva] Warning: very low grad mean (1.43e-06)
[Eva] Warning: very low grad mean (2.57e-06)
[Eva] Warning: very low grad mean (9.01e-07)
[Eva] Warning: very low grad mean (9.56e-07)
[Eva] Warning: very low grad mean (4.57e-06)
[Eva] Warning: very low grad mean (1.17e-06)
[Eva] Warning: very low grad mean (4.80e-07)
[Eva] Warning: very low grad mean (7.90e-07)
[Eva] Warning: very low grad mean (7.59e-07)
[Eva] Warning: very low grad mean (4.23e-07)
[Eva] Warning: very low grad mean (1.88e-06)
[Eva] Warning: very low grad mean (8.09e-07)
[Eva] Warning: very low grad mean (1.01e-06)
[Eva] Warning: very low grad mean (2.79e-06)
[Eva] Warning: very low grad mean (1.70e-06)
[Eva] Warning: very low grad mean (1.27e-06)
[Eva] Warning: very low grad mean (2.04e-06)
[Eva] Warning: very low grad mean (4.79e-06)
[Eva] Warning: very low grad mean (1.29e-06)
[Eva] Warning: very low grad mean (1.82e-06)
[Eva] Warning: very low grad mean (1.73e-06)
[Eva] Warning: very low grad mean (2.63e-06)
[Eva] Warning: very low grad mean (3.38e-06)
[Eva] Warning: very low grad mean (1.53e-06)
[Eva] Warning: very low grad mean (2.04e-06)
[Eva] Warning: very low grad mean (2.17e-06)
[Eva] Warning: very low grad mean (1.63e-06)
[Eva] Warning: very low grad mean (4.90e-06)
[Eva] Warning: very low grad mean (8.28e-07)
[Eva] Warning: very low grad mean (1.92e-06)
[Eva] Warning: very low grad mean (1.47e-06)
[Eva] Warning: very low grad mean (6.47e-07)
[Eva] Warning: very low grad mean (7.89e-07)
[Eva] Warning: very low grad mean (3.12e-06)
[Eva] Warning: very low grad mean (7.93e-07)
[Eva] Warning: very low grad mean (5.96e-06)
[Eva] Warning: very low grad mean (4.83e-07)
[Eva] Warning: very low grad mean (7.68e-07)
[Eva] Warning: very low grad mean (1.52e-06)
[Eva] Warning: very low grad mean (3.16e-06)
[Eva] Warning: very low grad mean (1.15e-06)
[Eva] Warning: very low grad mean (1.08e-06)
[Eva] Train Epoch 12: Loss=0.00011, Acc=1.00000
[Eva] Val Epoch 12: Loss=0.00692, Acc=0.99778
[Eva] Warning: very low grad mean (6.64e-07)
[Eva] Warning: very low grad mean (2.91e-06)
[Eva] Warning: very low grad mean (1.00e-06)
[Eva] Warning: very low grad mean (6.82e-07)
[Eva] Warning: very low grad mean (1.47e-06)
[Eva] Warning: very low grad mean (5.38e-07)
[Eva] Warning: very low grad mean (3.36e-06)
[Eva] Warning: very low grad mean (2.75e-06)
[Eva] Warning: very low grad mean (1.32e-06)
[Eva] Warning: very low grad mean (2.91e-06)
[Eva] Warning: very low grad mean (1.42e-06)
[Eva] Warning: very low grad mean (1.50e-06)
[Eva] Warning: very low grad mean (1.63e-06)
[Eva] Warning: very low grad mean (6.12e-07)
[Eva] Warning: very low grad mean (4.02e-07)
[Eva] Warning: very low grad mean (2.06e-06)
[Eva] Warning: very low grad mean (9.65e-07)
[Eva] Warning: very low grad mean (4.18e-06)
[Eva] Warning: very low grad mean (8.66e-07)
[Eva] Warning: very low grad mean (5.09e-07)
[Eva] Warning: very low grad mean (2.30e-06)
[Eva] Warning: very low grad mean (1.72e-06)
[Eva] Warning: very low grad mean (8.44e-07)
[Eva] Warning: very low grad mean (4.54e-07)
[Eva] Warning: very low grad mean (1.20e-06)
[Eva] Warning: very low grad mean (6.91e-07)
[Eva] Warning: very low grad mean (1.35e-06)
[Eva] Warning: very low grad mean (1.83e-06)
[Eva] Warning: very low grad mean (3.92e-06)
[Eva] Warning: very low grad mean (5.49e-07)
[Eva] Warning: very low grad mean (6.33e-07)
[Eva] Warning: very low grad mean (6.50e-07)
[Eva] Warning: very low grad mean (1.60e-06)
[Eva] Warning: very low grad mean (1.84e-06)
[Eva] Warning: very low grad mean (1.94e-06)
[Eva] Warning: very low grad mean (1.50e-06)
[Eva] Warning: very low grad mean (6.83e-07)
[Eva] Warning: very low grad mean (8.08e-07)
[Eva] Warning: very low grad mean (1.48e-06)
[Eva] Warning: very low grad mean (1.54e-06)
[Eva] Warning: very low grad mean (1.16e-06)
[Eva] Warning: very low grad mean (1.42e-06)
[Eva] Train Epoch 13: Loss=0.00008, Acc=1.00000
[Eva] Val Epoch 13: Loss=0.00649, Acc=0.99778
[Eva] Warning: very low grad mean (7.47e-07)
[Eva] Warning: very low grad mean (1.77e-06)
[Eva] Warning: very low grad mean (2.16e-06)
[Eva] Warning: very low grad mean (1.59e-06)
[Eva] Warning: very low grad mean (1.28e-06)
[Eva] Warning: very low grad mean (7.26e-07)
[Eva] Warning: very low grad mean (3.42e-07)
[Eva] Warning: very low grad mean (2.83e-06)
[Eva] Warning: very low grad mean (1.63e-06)
[Eva] Warning: very low grad mean (8.19e-07)
[Eva] Warning: very low grad mean (1.03e-06)
[Eva] Warning: very low grad mean (9.00e-07)
[Eva] Warning: very low grad mean (3.99e-06)
[Eva] Warning: very low grad mean (6.66e-07)
[Eva] Warning: very low grad mean (1.08e-06)
[Eva] Warning: very low grad mean (1.15e-06)
[Eva] Warning: very low grad mean (3.56e-06)
[Eva] Warning: very low grad mean (7.38e-07)
[Eva] Warning: very low grad mean (4.55e-07)
[Eva] Warning: very low grad mean (7.67e-07)
[Eva] Warning: very low grad mean (1.14e-06)
[Eva] Warning: very low grad mean (4.90e-07)
[Eva] Warning: very low grad mean (1.44e-06)
[Eva] Warning: very low grad mean (3.52e-07)
[Eva] Warning: very low grad mean (4.87e-07)
[Eva] Warning: very low grad mean (7.24e-07)
[Eva] Warning: very low grad mean (5.78e-07)
[Eva] Warning: very low grad mean (1.76e-06)
[Eva] Warning: very low grad mean (3.88e-06)
[Eva] Warning: very low grad mean (1.50e-06)
[Eva] Warning: very low grad mean (1.25e-06)
[Eva] Warning: very low grad mean (5.51e-06)
[Eva] Warning: very low grad mean (2.40e-06)
[Eva] Warning: very low grad mean (7.26e-07)
[Eva] Warning: very low grad mean (1.09e-06)
[Eva] Warning: very low grad mean (1.14e-06)
[Eva] Warning: very low grad mean (5.57e-07)
[Eva] Warning: very low grad mean (6.40e-07)
[Eva] Warning: very low grad mean (7.39e-07)
[Eva] Warning: very low grad mean (8.13e-07)
[Eva] Warning: very low grad mean (2.11e-06)
[Eva] Warning: very low grad mean (2.88e-06)
[Eva] Train Epoch 14: Loss=0.00008, Acc=1.00000
[Eva] Val Epoch 14: Loss=0.00133, Acc=1.00000
[Eva] Warning: very low grad mean (1.59e-06)
[Eva] Warning: very low grad mean (8.66e-07)
[Eva] Warning: very low grad mean (1.01e-06)
[Eva] Warning: very low grad mean (3.85e-07)
[Eva] Warning: very low grad mean (1.03e-06)
[Eva] Warning: very low grad mean (9.56e-07)
[Eva] Warning: very low grad mean (1.32e-06)
[Eva] Warning: very low grad mean (1.66e-06)
[Eva] Warning: very low grad mean (3.51e-07)
[Eva] Warning: very low grad mean (9.16e-07)
[Eva] Warning: very low grad mean (3.61e-07)
[Eva] Warning: very low grad mean (5.58e-07)
[Eva] Warning: very low grad mean (9.82e-07)
[Eva] Warning: very low grad mean (1.60e-06)
[Eva] Warning: very low grad mean (1.41e-06)
[Eva] Warning: very low grad mean (4.04e-06)
[Eva] Warning: very low grad mean (2.61e-06)
[Eva] Warning: very low grad mean (2.96e-07)
[Eva] Warning: very low grad mean (9.35e-07)
[Eva] Warning: very low grad mean (3.91e-07)
[Eva] Warning: very low grad mean (5.84e-07)
[Eva] Warning: very low grad mean (1.46e-06)
[Eva] Warning: very low grad mean (4.01e-06)
[Eva] Warning: very low grad mean (1.33e-06)
[Eva] Warning: very low grad mean (1.36e-06)
[Eva] Warning: very low grad mean (7.14e-07)
[Eva] Warning: very low grad mean (1.14e-06)
[Eva] Warning: very low grad mean (6.41e-07)
[Eva] Warning: very low grad mean (1.07e-06)
[Eva] Warning: very low grad mean (3.11e-07)
[Eva] Warning: very low grad mean (2.10e-06)
[Eva] Warning: very low grad mean (8.77e-07)
[Eva] Warning: very low grad mean (1.60e-06)
[Eva] Warning: very low grad mean (1.98e-07)
[Eva] Warning: very low grad mean (6.14e-07)
[Eva] Warning: very low grad mean (4.73e-07)
[Eva] Warning: very low grad mean (6.52e-07)
[Eva] Warning: very low grad mean (1.97e-06)
[Eva] Warning: very low grad mean (4.82e-07)
[Eva] Warning: very low grad mean (1.97e-06)
[Eva] Warning: very low grad mean (7.32e-07)
[Eva] Warning: very low grad mean (4.88e-07)
[Eva] Train Epoch 15: Loss=0.00006, Acc=1.00000
[Eva] Val Epoch 15: Loss=0.00612, Acc=0.99778
[Eva] Warning: very low grad mean (5.92e-07)
[Eva] Warning: very low grad mean (1.19e-06)
[Eva] Warning: very low grad mean (6.10e-07)
[Eva] Warning: very low grad mean (1.44e-06)
[Eva] Warning: very low grad mean (5.54e-07)
[Eva] Warning: very low grad mean (1.09e-06)
[Eva] Warning: very low grad mean (3.41e-07)
[Eva] Warning: very low grad mean (3.25e-07)
[Eva] Warning: very low grad mean (4.66e-07)
[Eva] Warning: very low grad mean (1.25e-06)
[Eva] Warning: very low grad mean (2.34e-07)
[Eva] Warning: very low grad mean (6.33e-07)
[Eva] Warning: very low grad mean (4.60e-07)
[Eva] Warning: very low grad mean (2.03e-06)
[Eva] Warning: very low grad mean (1.16e-06)
[Eva] Warning: very low grad mean (2.14e-07)
[Eva] Warning: very low grad mean (8.77e-07)
[Eva] Warning: very low grad mean (2.14e-06)
[Eva] Warning: very low grad mean (2.64e-07)
[Eva] Warning: very low grad mean (7.91e-07)
[Eva] Warning: very low grad mean (9.23e-07)
[Eva] Warning: very low grad mean (1.25e-06)
[Eva] Warning: very low grad mean (7.63e-07)
[Eva] Warning: very low grad mean (3.38e-07)
[Eva] Warning: very low grad mean (3.69e-07)
[Eva] Warning: very low grad mean (1.99e-06)
[Eva] Warning: very low grad mean (5.85e-07)
[Eva] Warning: very low grad mean (1.06e-06)
[Eva] Warning: very low grad mean (3.61e-07)
[Eva] Warning: very low grad mean (5.79e-07)
[Eva] Warning: very low grad mean (5.53e-07)
[Eva] Warning: very low grad mean (2.02e-06)
[Eva] Warning: very low grad mean (1.14e-06)
[Eva] Warning: very low grad mean (1.36e-06)
[Eva] Warning: very low grad mean (1.87e-06)
[Eva] Warning: very low grad mean (1.03e-06)
[Eva] Warning: very low grad mean (7.54e-07)
[Eva] Warning: very low grad mean (1.12e-06)
[Eva] Warning: very low grad mean (4.10e-07)
[Eva] Warning: very low grad mean (5.24e-07)
[Eva] Warning: very low grad mean (2.32e-06)
[Eva] Warning: very low grad mean (1.71e-06)
[Eva] Train Epoch 16: Loss=0.00005, Acc=1.00000
[Eva] Val Epoch 16: Loss=0.00667, Acc=0.99778
[Eva] Warning: very low grad mean (6.68e-07)
[Eva] Warning: very low grad mean (8.90e-07)
[Eva] Warning: very low grad mean (3.30e-07)
[Eva] Warning: very low grad mean (1.73e-06)
[Eva] Warning: very low grad mean (2.78e-07)
[Eva] Warning: very low grad mean (2.67e-06)
[Eva] Warning: very low grad mean (5.17e-07)
[Eva] Warning: very low grad mean (6.36e-07)
[Eva] Warning: very low grad mean (7.29e-07)
[Eva] Warning: very low grad mean (3.06e-07)
[Eva] Warning: very low grad mean (5.30e-07)
[Eva] Warning: very low grad mean (7.99e-07)
[Eva] Warning: very low grad mean (5.23e-07)
[Eva] Warning: very low grad mean (1.55e-06)
[Eva] Warning: very low grad mean (6.94e-07)
[Eva] Warning: very low grad mean (1.08e-06)
[Eva] Warning: very low grad mean (1.58e-06)
[Eva] Warning: very low grad mean (1.59e-06)
[Eva] Warning: very low grad mean (1.01e-06)
[Eva] Warning: very low grad mean (4.44e-07)
[Eva] Warning: very low grad mean (5.81e-07)
[Eva] Warning: very low grad mean (4.94e-07)
[Eva] Warning: very low grad mean (7.34e-07)
[Eva] Warning: very low grad mean (3.25e-07)
[Eva] Warning: very low grad mean (5.12e-07)
[Eva] Warning: very low grad mean (2.51e-06)
[Eva] Warning: very low grad mean (8.79e-07)
[Eva] Warning: very low grad mean (5.58e-07)
[Eva] Warning: very low grad mean (8.16e-07)
[Eva] Warning: very low grad mean (8.84e-07)
[Eva] Warning: very low grad mean (2.78e-07)
[Eva] Warning: very low grad mean (1.95e-06)
[Eva] Warning: very low grad mean (1.09e-06)
[Eva] Warning: very low grad mean (5.71e-07)
[Eva] Warning: very low grad mean (2.30e-07)
[Eva] Warning: very low grad mean (3.91e-07)
[Eva] Warning: very low grad mean (5.54e-07)
[Eva] Warning: very low grad mean (3.42e-07)
[Eva] Warning: very low grad mean (7.37e-07)
[Eva] Warning: very low grad mean (3.08e-06)
[Eva] Warning: very low grad mean (6.69e-07)
[Eva] Warning: very low grad mean (1.16e-06)
[Eva] Train Epoch 17: Loss=0.00005, Acc=1.00000
[Eva] Val Epoch 17: Loss=0.00720, Acc=0.99778
[Eva] Warning: very low grad mean (6.50e-07)
[Eva] Warning: very low grad mean (5.21e-07)
[Eva] Warning: very low grad mean (2.70e-06)
[Eva] Warning: very low grad mean (5.93e-07)
[Eva] Warning: very low grad mean (6.77e-07)
[Eva] Warning: very low grad mean (1.13e-06)
[Eva] Warning: very low grad mean (7.58e-07)
[Eva] Warning: very low grad mean (3.50e-07)
[Eva] Warning: very low grad mean (2.99e-07)
[Eva] Warning: very low grad mean (1.11e-06)
[Eva] Warning: very low grad mean (6.80e-07)
[Eva] Warning: very low grad mean (5.65e-07)
[Eva] Warning: very low grad mean (2.28e-07)
[Eva] Warning: very low grad mean (2.20e-07)
[Eva] Warning: very low grad mean (2.22e-07)
[Eva] Warning: very low grad mean (5.24e-07)
[Eva] Warning: very low grad mean (9.17e-07)
[Eva] Warning: very low grad mean (4.97e-07)
[Eva] Warning: very low grad mean (1.23e-06)
[Eva] Warning: very low grad mean (1.64e-06)
[Eva] Warning: very low grad mean (3.88e-07)
[Eva] Warning: very low grad mean (2.24e-06)
[Eva] Warning: very low grad mean (5.62e-07)
[Eva] Warning: very low grad mean (1.57e-07)
[Eva] Warning: very low grad mean (9.13e-07)
[Eva] Warning: very low grad mean (8.70e-07)
[Eva] Warning: very low grad mean (3.53e-07)
[Eva] Warning: very low grad mean (2.98e-07)
[Eva] Warning: very low grad mean (3.90e-07)
[Eva] Warning: very low grad mean (4.77e-07)
[Eva] Warning: very low grad mean (4.33e-07)
[Eva] Warning: very low grad mean (3.70e-07)
[Eva] Warning: very low grad mean (4.76e-07)
[Eva] Warning: very low grad mean (8.57e-07)
[Eva] Warning: very low grad mean (3.44e-07)
[Eva] Warning: very low grad mean (2.08e-06)
[Eva] Warning: very low grad mean (7.95e-07)
[Eva] Warning: very low grad mean (3.86e-07)
[Eva] Warning: very low grad mean (4.20e-07)
[Eva] Warning: very low grad mean (5.04e-07)
[Eva] Warning: very low grad mean (7.64e-07)
[Eva] Warning: very low grad mean (2.49e-06)
[Eva] Train Epoch 18: Loss=0.00004, Acc=1.00000
[Eva] Val Epoch 18: Loss=0.00105, Acc=1.00000
[Eva] Warning: very low grad mean (1.07e-06)
[Eva] Warning: very low grad mean (2.70e-06)
[Eva] Warning: very low grad mean (4.65e-07)
[Eva] Warning: very low grad mean (8.77e-07)
[Eva] Warning: very low grad mean (1.38e-06)
[Eva] Warning: very low grad mean (1.03e-06)
[Eva] Warning: very low grad mean (6.30e-07)
[Eva] Warning: very low grad mean (5.54e-07)
[Eva] Warning: very low grad mean (1.01e-06)
[Eva] Warning: very low grad mean (8.98e-07)
[Eva] Warning: very low grad mean (9.34e-07)
[Eva] Warning: very low grad mean (5.44e-07)
[Eva] Warning: very low grad mean (5.86e-07)
[Eva] Warning: very low grad mean (1.01e-06)
[Eva] Warning: very low grad mean (3.10e-07)
[Eva] Warning: very low grad mean (1.21e-07)
[Eva] Warning: very low grad mean (5.82e-07)
[Eva] Warning: very low grad mean (6.82e-07)
[Eva] Warning: very low grad mean (5.06e-07)
[Eva] Warning: very low grad mean (1.36e-06)
[Eva] Warning: very low grad mean (2.37e-07)
[Eva] Warning: very low grad mean (4.92e-07)
[Eva] Warning: very low grad mean (1.30e-06)
[Eva] Warning: very low grad mean (5.87e-07)
[Eva] Warning: very low grad mean (6.97e-07)
[Eva] Warning: very low grad mean (6.72e-07)
[Eva] Warning: very low grad mean (2.53e-07)
[Eva] Warning: very low grad mean (3.78e-07)
[Eva] Warning: very low grad mean (9.39e-07)
[Eva] Warning: very low grad mean (6.98e-07)
[Eva] Warning: very low grad mean (1.13e-07)
[Eva] Warning: very low grad mean (6.85e-07)
[Eva] Warning: very low grad mean (1.86e-07)
[Eva] Warning: very low grad mean (6.39e-07)
[Eva] Warning: very low grad mean (6.06e-07)
[Eva] Warning: very low grad mean (2.89e-07)
[Eva] Warning: very low grad mean (1.26e-06)
[Eva] Warning: very low grad mean (5.24e-07)
[Eva] Warning: very low grad mean (2.43e-07)
[Eva] Warning: very low grad mean (1.27e-06)
[Eva] Warning: very low grad mean (3.93e-07)
[Eva] Warning: very low grad mean (2.76e-06)
[Eva] Train Epoch 19: Loss=0.00004, Acc=1.00000
[Eva] Val Epoch 19: Loss=0.00110, Acc=1.00000
[Eva] Warning: very low grad mean (2.84e-06)
[Eva] Warning: very low grad mean (1.56e-07)
[Eva] Warning: very low grad mean (5.35e-07)
[Eva] Warning: very low grad mean (4.56e-07)
[Eva] Warning: very low grad mean (2.96e-07)
[Eva] Warning: very low grad mean (2.12e-07)
[Eva] Warning: very low grad mean (7.88e-07)
[Eva] Warning: very low grad mean (4.44e-07)
[Eva] Warning: very low grad mean (3.54e-07)
[Eva] Warning: very low grad mean (5.59e-07)
[Eva] Warning: very low grad mean (2.04e-07)
[Eva] Warning: very low grad mean (3.84e-07)
[Eva] Warning: very low grad mean (6.44e-07)
[Eva] Warning: very low grad mean (3.65e-07)
[Eva] Warning: very low grad mean (1.12e-06)
[Eva] Warning: very low grad mean (1.42e-06)
[Eva] Warning: very low grad mean (1.01e-06)
[Eva] Warning: very low grad mean (6.88e-07)
[Eva] Warning: very low grad mean (2.66e-07)
[Eva] Warning: very low grad mean (6.05e-07)
[Eva] Warning: very low grad mean (2.80e-07)
[Eva] Warning: very low grad mean (2.79e-07)
[Eva] Warning: very low grad mean (6.30e-07)
[Eva] Warning: very low grad mean (1.86e-07)
[Eva] Warning: very low grad mean (1.66e-06)
[Eva] Warning: very low grad mean (8.15e-07)
[Eva] Warning: very low grad mean (2.45e-07)
[Eva] Warning: very low grad mean (2.39e-07)
[Eva] Warning: very low grad mean (1.74e-07)
[Eva] Warning: very low grad mean (7.78e-07)
[Eva] Warning: very low grad mean (3.58e-07)
[Eva] Warning: very low grad mean (1.29e-06)
[Eva] Warning: very low grad mean (5.97e-07)
[Eva] Warning: very low grad mean (5.01e-07)
[Eva] Warning: very low grad mean (1.94e-06)
[Eva] Warning: very low grad mean (1.26e-07)
[Eva] Warning: very low grad mean (2.70e-07)
[Eva] Warning: very low grad mean (5.36e-07)
[Eva] Warning: very low grad mean (9.99e-07)
[Eva] Warning: very low grad mean (3.28e-07)
[Eva] Warning: very low grad mean (2.44e-07)
[Eva] Warning: very low grad mean (4.28e-07)
[Eva] Train Epoch 20: Loss=0.00003, Acc=1.00000
[Eva] Val Epoch 20: Loss=0.00134, Acc=1.00000
Accuracy on Test: 0.98667
=== Training finished for Eva ===

