=== Training started for SwinTransformer with strategy: lora ===
Device: cuda, LR: 0.0001, Batch size: 50, Epochs: 20
[Strategy 4] Training with LoRA: 9,580,672 / 58,615,308 (16.34%)
[SwinTransformer] Train Epoch 1: Loss=0.56871, Acc=0.76857
[SwinTransformer] Val Epoch 1: Loss=0.27801, Acc=0.92667
[SwinTransformer] Train Epoch 2: Loss=0.18441, Acc=0.93619
[SwinTransformer] Val Epoch 2: Loss=0.12873, Acc=0.96000
[SwinTransformer] Warning: very low grad mean (6.34e-05)
[SwinTransformer] Train Epoch 3: Loss=0.08640, Acc=0.97048
[SwinTransformer] Val Epoch 3: Loss=0.11229, Acc=0.96222
[SwinTransformer] Warning: very low grad mean (9.86e-05)
[SwinTransformer] Warning: very low grad mean (8.26e-05)
[SwinTransformer] Warning: very low grad mean (9.90e-05)
[SwinTransformer] Warning: very low grad mean (4.05e-05)
[SwinTransformer] Train Epoch 4: Loss=0.06102, Acc=0.97571
[SwinTransformer] Val Epoch 4: Loss=0.07484, Acc=0.97333
[SwinTransformer] Warning: very low grad mean (8.18e-05)
[SwinTransformer] Warning: very low grad mean (7.08e-05)
[SwinTransformer] Warning: very low grad mean (8.07e-05)
[SwinTransformer] Warning: very low grad mean (9.10e-05)
[SwinTransformer] Warning: very low grad mean (9.93e-05)
[SwinTransformer] Warning: very low grad mean (9.49e-05)
[SwinTransformer] Warning: very low grad mean (8.49e-05)
[SwinTransformer] Warning: very low grad mean (7.21e-05)
[SwinTransformer] Warning: very low grad mean (9.96e-05)
[SwinTransformer] Warning: very low grad mean (8.07e-05)
[SwinTransformer] Warning: very low grad mean (5.48e-05)
[SwinTransformer] Warning: very low grad mean (9.93e-05)
[SwinTransformer] Train Epoch 5: Loss=0.03869, Acc=0.98524
[SwinTransformer] Val Epoch 5: Loss=0.08888, Acc=0.96889
[SwinTransformer] Warning: very low grad mean (7.29e-05)
[SwinTransformer] Warning: very low grad mean (2.99e-05)
[SwinTransformer] Warning: very low grad mean (5.95e-05)
[SwinTransformer] Warning: very low grad mean (4.67e-05)
[SwinTransformer] Warning: very low grad mean (7.57e-05)
[SwinTransformer] Warning: very low grad mean (5.39e-05)
[SwinTransformer] Warning: very low grad mean (6.19e-05)
[SwinTransformer] Warning: very low grad mean (7.02e-05)
[SwinTransformer] Warning: very low grad mean (8.31e-05)
[SwinTransformer] Warning: very low grad mean (3.37e-05)
[SwinTransformer] Warning: very low grad mean (9.50e-05)
[SwinTransformer] Warning: very low grad mean (6.44e-05)
[SwinTransformer] Warning: very low grad mean (8.40e-05)
[SwinTransformer] Warning: very low grad mean (4.90e-05)
[SwinTransformer] Warning: very low grad mean (9.46e-05)
[SwinTransformer] Warning: very low grad mean (7.45e-05)
[SwinTransformer] Warning: very low grad mean (3.55e-05)
[SwinTransformer] Train Epoch 6: Loss=0.02549, Acc=0.99095
[SwinTransformer] Val Epoch 6: Loss=0.10604, Acc=0.97111
[SwinTransformer] Warning: very low grad mean (3.15e-05)
[SwinTransformer] Warning: very low grad mean (4.12e-05)
[SwinTransformer] Warning: very low grad mean (2.77e-05)
[SwinTransformer] Warning: very low grad mean (3.66e-05)
[SwinTransformer] Warning: very low grad mean (3.55e-05)
[SwinTransformer] Warning: very low grad mean (3.80e-05)
[SwinTransformer] Warning: very low grad mean (8.77e-05)
[SwinTransformer] Warning: very low grad mean (9.02e-05)
[SwinTransformer] Warning: very low grad mean (5.94e-05)
[SwinTransformer] Warning: very low grad mean (9.62e-05)
[SwinTransformer] Warning: very low grad mean (6.32e-05)
[SwinTransformer] Warning: very low grad mean (8.55e-05)
[SwinTransformer] Warning: very low grad mean (5.42e-05)
[SwinTransformer] Warning: very low grad mean (4.43e-05)
[SwinTransformer] Warning: very low grad mean (9.30e-05)
[SwinTransformer] Warning: very low grad mean (8.38e-05)
[SwinTransformer] Warning: very low grad mean (7.48e-05)
[SwinTransformer] Warning: very low grad mean (6.26e-05)
[SwinTransformer] Warning: very low grad mean (2.50e-05)
[SwinTransformer] Warning: very low grad mean (5.79e-05)
[SwinTransformer] Warning: very low grad mean (3.05e-05)
[SwinTransformer] Warning: very low grad mean (3.71e-05)
[SwinTransformer] Warning: very low grad mean (7.90e-05)
[SwinTransformer] Train Epoch 7: Loss=0.01974, Acc=0.99381
[SwinTransformer] Val Epoch 7: Loss=0.10761, Acc=0.97556
[SwinTransformer] Warning: very low grad mean (7.82e-05)
[SwinTransformer] Warning: very low grad mean (9.01e-05)
[SwinTransformer] Warning: very low grad mean (6.59e-05)
[SwinTransformer] Warning: very low grad mean (8.64e-05)
[SwinTransformer] Warning: very low grad mean (6.60e-05)
[SwinTransformer] Warning: very low grad mean (5.33e-05)
[SwinTransformer] Warning: very low grad mean (3.11e-05)
[SwinTransformer] Warning: very low grad mean (8.60e-06)
[SwinTransformer] Warning: very low grad mean (4.66e-05)
[SwinTransformer] Warning: very low grad mean (1.69e-05)
[SwinTransformer] Warning: very low grad mean (3.35e-05)
[SwinTransformer] Warning: very low grad mean (6.71e-05)
[SwinTransformer] Warning: very low grad mean (1.34e-05)
[SwinTransformer] Warning: very low grad mean (5.36e-05)
[SwinTransformer] Warning: very low grad mean (3.99e-05)
[SwinTransformer] Warning: very low grad mean (1.36e-05)
[SwinTransformer] Warning: very low grad mean (7.72e-05)
[SwinTransformer] Warning: very low grad mean (1.02e-05)
[SwinTransformer] Warning: very low grad mean (3.28e-05)
[SwinTransformer] Warning: very low grad mean (1.76e-05)
[SwinTransformer] Warning: very low grad mean (2.66e-05)
[SwinTransformer] Warning: very low grad mean (2.68e-05)
[SwinTransformer] Warning: very low grad mean (4.19e-05)
[SwinTransformer] Warning: very low grad mean (2.93e-05)
[SwinTransformer] Warning: very low grad mean (7.24e-06)
[SwinTransformer] Warning: very low grad mean (3.78e-05)
[SwinTransformer] Train Epoch 8: Loss=0.01506, Acc=0.99476
[SwinTransformer] Val Epoch 8: Loss=0.10058, Acc=0.97778
[SwinTransformer] Warning: very low grad mean (4.50e-05)
[SwinTransformer] Warning: very low grad mean (1.10e-05)
[SwinTransformer] Warning: very low grad mean (1.97e-05)
[SwinTransformer] Warning: very low grad mean (8.25e-05)
[SwinTransformer] Warning: very low grad mean (8.00e-05)
[SwinTransformer] Warning: very low grad mean (5.06e-05)
[SwinTransformer] Warning: very low grad mean (3.39e-05)
[SwinTransformer] Warning: very low grad mean (7.82e-05)
[SwinTransformer] Warning: very low grad mean (2.44e-05)
[SwinTransformer] Warning: very low grad mean (2.91e-05)
[SwinTransformer] Warning: very low grad mean (6.36e-05)
[SwinTransformer] Warning: very low grad mean (8.55e-05)
[SwinTransformer] Warning: very low grad mean (7.42e-05)
[SwinTransformer] Warning: very low grad mean (2.42e-05)
[SwinTransformer] Warning: very low grad mean (6.76e-05)
[SwinTransformer] Warning: very low grad mean (4.23e-05)
[SwinTransformer] Warning: very low grad mean (1.60e-05)
[SwinTransformer] Warning: very low grad mean (3.98e-05)
[SwinTransformer] Warning: very low grad mean (6.06e-05)
[SwinTransformer] Warning: very low grad mean (2.56e-05)
[SwinTransformer] Train Epoch 9: Loss=0.01843, Acc=0.99381
[SwinTransformer] Val Epoch 9: Loss=0.08273, Acc=0.98444
[SwinTransformer] Warning: very low grad mean (2.32e-05)
[SwinTransformer] Warning: very low grad mean (3.28e-05)
[SwinTransformer] Warning: very low grad mean (6.13e-06)
[SwinTransformer] Warning: very low grad mean (1.21e-05)
[SwinTransformer] Warning: very low grad mean (2.51e-05)
[SwinTransformer] Warning: very low grad mean (2.10e-05)
[SwinTransformer] Warning: very low grad mean (1.88e-05)
[SwinTransformer] Warning: very low grad mean (3.14e-05)
[SwinTransformer] Warning: very low grad mean (5.09e-05)
[SwinTransformer] Warning: very low grad mean (2.15e-05)
[SwinTransformer] Warning: very low grad mean (7.90e-05)
[SwinTransformer] Warning: very low grad mean (6.25e-05)
[SwinTransformer] Warning: very low grad mean (2.08e-05)
[SwinTransformer] Warning: very low grad mean (1.95e-05)
[SwinTransformer] Warning: very low grad mean (4.82e-05)
[SwinTransformer] Warning: very low grad mean (1.71e-05)
[SwinTransformer] Warning: very low grad mean (2.34e-05)
[SwinTransformer] Warning: very low grad mean (4.03e-05)
[SwinTransformer] Warning: very low grad mean (4.58e-05)
[SwinTransformer] Warning: very low grad mean (5.12e-05)
[SwinTransformer] Warning: very low grad mean (8.47e-06)
[SwinTransformer] Warning: very low grad mean (4.37e-05)
[SwinTransformer] Warning: very low grad mean (7.88e-05)
[SwinTransformer] Warning: very low grad mean (6.46e-05)
[SwinTransformer] Warning: very low grad mean (4.55e-05)
[SwinTransformer] Warning: very low grad mean (3.49e-05)
[SwinTransformer] Warning: very low grad mean (4.21e-05)
[SwinTransformer] Warning: very low grad mean (1.15e-05)
[SwinTransformer] Warning: very low grad mean (4.79e-05)
[SwinTransformer] Warning: very low grad mean (4.23e-05)
[SwinTransformer] Warning: very low grad mean (9.54e-06)
[SwinTransformer] Warning: very low grad mean (2.01e-05)
[SwinTransformer] Train Epoch 10: Loss=0.00921, Acc=0.99810
[SwinTransformer] Val Epoch 10: Loss=0.11438, Acc=0.98000
[SwinTransformer] Warning: very low grad mean (1.46e-05)
[SwinTransformer] Warning: very low grad mean (8.80e-06)
[SwinTransformer] Warning: very low grad mean (2.30e-05)
[SwinTransformer] Warning: very low grad mean (2.33e-05)
[SwinTransformer] Warning: very low grad mean (2.43e-05)
[SwinTransformer] Warning: very low grad mean (1.94e-05)
[SwinTransformer] Warning: very low grad mean (4.57e-05)
[SwinTransformer] Warning: very low grad mean (2.20e-05)
[SwinTransformer] Warning: very low grad mean (7.07e-06)
[SwinTransformer] Warning: very low grad mean (7.51e-05)
[SwinTransformer] Warning: very low grad mean (4.42e-05)
[SwinTransformer] Warning: very low grad mean (5.21e-05)
[SwinTransformer] Warning: very low grad mean (1.06e-05)
[SwinTransformer] Warning: very low grad mean (4.00e-05)
[SwinTransformer] Warning: very low grad mean (6.73e-05)
[SwinTransformer] Warning: very low grad mean (2.95e-05)
[SwinTransformer] Warning: very low grad mean (2.61e-05)
[SwinTransformer] Warning: very low grad mean (1.85e-06)
[SwinTransformer] Warning: very low grad mean (4.15e-05)
[SwinTransformer] Warning: very low grad mean (7.16e-06)
[SwinTransformer] Warning: very low grad mean (2.37e-06)
[SwinTransformer] Warning: very low grad mean (4.07e-06)
[SwinTransformer] Warning: very low grad mean (3.94e-05)
[SwinTransformer] Warning: very low grad mean (6.12e-06)
[SwinTransformer] Warning: very low grad mean (1.08e-05)
[SwinTransformer] Warning: very low grad mean (4.80e-06)
[SwinTransformer] Warning: very low grad mean (1.13e-05)
[SwinTransformer] Warning: very low grad mean (1.63e-05)
[SwinTransformer] Warning: very low grad mean (2.69e-05)
[SwinTransformer] Warning: very low grad mean (5.89e-06)
[SwinTransformer] Warning: very low grad mean (4.91e-05)
[SwinTransformer] Warning: very low grad mean (1.35e-05)
[SwinTransformer] Warning: very low grad mean (9.47e-06)
[SwinTransformer] Warning: very low grad mean (9.05e-06)
[SwinTransformer] Warning: very low grad mean (5.07e-05)
[SwinTransformer] Train Epoch 11: Loss=0.00658, Acc=0.99667
[SwinTransformer] Val Epoch 11: Loss=0.11404, Acc=0.97333
[SwinTransformer] Warning: very low grad mean (1.50e-05)
[SwinTransformer] Warning: very low grad mean (7.92e-05)
[SwinTransformer] Warning: very low grad mean (3.66e-05)
[SwinTransformer] Warning: very low grad mean (1.38e-05)
[SwinTransformer] Warning: very low grad mean (5.42e-05)
[SwinTransformer] Warning: very low grad mean (3.67e-05)
[SwinTransformer] Warning: very low grad mean (2.17e-05)
[SwinTransformer] Warning: very low grad mean (7.04e-05)
[SwinTransformer] Warning: very low grad mean (6.34e-05)
[SwinTransformer] Warning: very low grad mean (1.98e-05)
[SwinTransformer] Warning: very low grad mean (2.28e-05)
[SwinTransformer] Warning: very low grad mean (5.07e-06)
[SwinTransformer] Warning: very low grad mean (1.67e-05)
[SwinTransformer] Warning: very low grad mean (6.58e-06)
[SwinTransformer] Warning: very low grad mean (1.19e-05)
[SwinTransformer] Warning: very low grad mean (6.38e-05)
[SwinTransformer] Warning: very low grad mean (1.49e-05)
[SwinTransformer] Warning: very low grad mean (6.85e-06)
[SwinTransformer] Warning: very low grad mean (5.65e-06)
[SwinTransformer] Warning: very low grad mean (7.81e-05)
[SwinTransformer] Warning: very low grad mean (3.72e-05)
[SwinTransformer] Warning: very low grad mean (1.13e-05)
[SwinTransformer] Warning: very low grad mean (3.02e-05)
[SwinTransformer] Warning: very low grad mean (1.59e-05)
[SwinTransformer] Warning: very low grad mean (1.10e-05)
[SwinTransformer] Warning: very low grad mean (3.00e-05)
[SwinTransformer] Warning: very low grad mean (8.98e-05)
[SwinTransformer] Warning: very low grad mean (1.95e-05)
[SwinTransformer] Warning: very low grad mean (5.11e-05)
[SwinTransformer] Warning: very low grad mean (3.16e-05)
[SwinTransformer] Warning: very low grad mean (1.98e-05)
[SwinTransformer] Train Epoch 12: Loss=0.00774, Acc=0.99762
[SwinTransformer] Val Epoch 12: Loss=0.11767, Acc=0.97778
[SwinTransformer] Warning: very low grad mean (1.01e-05)
[SwinTransformer] Warning: very low grad mean (5.83e-05)
[SwinTransformer] Warning: very low grad mean (2.99e-05)
[SwinTransformer] Warning: very low grad mean (2.35e-05)
[SwinTransformer] Warning: very low grad mean (6.09e-06)
[SwinTransformer] Warning: very low grad mean (2.18e-05)
[SwinTransformer] Warning: very low grad mean (1.75e-05)
[SwinTransformer] Warning: very low grad mean (1.62e-05)
[SwinTransformer] Warning: very low grad mean (1.76e-05)
[SwinTransformer] Warning: very low grad mean (2.50e-06)
[SwinTransformer] Warning: very low grad mean (7.08e-05)
[SwinTransformer] Warning: very low grad mean (7.69e-05)
[SwinTransformer] Warning: very low grad mean (7.40e-06)
[SwinTransformer] Warning: very low grad mean (7.95e-05)
[SwinTransformer] Warning: very low grad mean (9.38e-05)
[SwinTransformer] Warning: very low grad mean (1.09e-05)
[SwinTransformer] Warning: very low grad mean (4.66e-06)
[SwinTransformer] Warning: very low grad mean (1.97e-06)
[SwinTransformer] Warning: very low grad mean (1.20e-05)
[SwinTransformer] Warning: very low grad mean (1.28e-06)
[SwinTransformer] Warning: very low grad mean (1.04e-05)
[SwinTransformer] Warning: very low grad mean (5.90e-05)
[SwinTransformer] Warning: very low grad mean (8.99e-06)
[SwinTransformer] Warning: very low grad mean (1.16e-05)
[SwinTransformer] Warning: very low grad mean (6.41e-05)
[SwinTransformer] Warning: very low grad mean (5.01e-06)
[SwinTransformer] Warning: very low grad mean (1.76e-05)
[SwinTransformer] Warning: very low grad mean (4.84e-05)
[SwinTransformer] Warning: very low grad mean (2.84e-05)
[SwinTransformer] Warning: very low grad mean (8.82e-05)
[SwinTransformer] Warning: very low grad mean (2.61e-05)
[SwinTransformer] Warning: very low grad mean (4.60e-05)
[SwinTransformer] Warning: very low grad mean (3.54e-05)
[SwinTransformer] Train Epoch 13: Loss=0.00651, Acc=0.99905
[SwinTransformer] Val Epoch 13: Loss=0.14762, Acc=0.97556
[SwinTransformer] Warning: very low grad mean (1.26e-05)
[SwinTransformer] Warning: very low grad mean (1.13e-05)
[SwinTransformer] Warning: very low grad mean (2.79e-05)
[SwinTransformer] Warning: very low grad mean (8.77e-06)
[SwinTransformer] Warning: very low grad mean (5.02e-06)
[SwinTransformer] Warning: very low grad mean (3.40e-05)
[SwinTransformer] Warning: very low grad mean (4.99e-06)
[SwinTransformer] Warning: very low grad mean (8.09e-06)
[SwinTransformer] Warning: very low grad mean (2.09e-05)
[SwinTransformer] Warning: very low grad mean (1.94e-05)
[SwinTransformer] Warning: very low grad mean (1.15e-05)
[SwinTransformer] Warning: very low grad mean (7.31e-05)
[SwinTransformer] Warning: very low grad mean (7.88e-05)
[SwinTransformer] Warning: very low grad mean (1.13e-05)
[SwinTransformer] Warning: very low grad mean (1.63e-05)
[SwinTransformer] Warning: very low grad mean (1.23e-05)
[SwinTransformer] Warning: very low grad mean (5.07e-05)
[SwinTransformer] Warning: very low grad mean (8.27e-05)
[SwinTransformer] Warning: very low grad mean (1.19e-05)
[SwinTransformer] Warning: very low grad mean (2.10e-05)
[SwinTransformer] Warning: very low grad mean (4.43e-06)
[SwinTransformer] Warning: very low grad mean (3.83e-05)
[SwinTransformer] Warning: very low grad mean (2.02e-06)
[SwinTransformer] Warning: very low grad mean (5.32e-06)
[SwinTransformer] Warning: very low grad mean (2.68e-05)
[SwinTransformer] Warning: very low grad mean (6.51e-06)
[SwinTransformer] Warning: very low grad mean (1.69e-05)
[SwinTransformer] Warning: very low grad mean (6.96e-06)
[SwinTransformer] Warning: very low grad mean (1.25e-05)
[SwinTransformer] Train Epoch 14: Loss=0.00953, Acc=0.99619
[SwinTransformer] Val Epoch 14: Loss=0.15027, Acc=0.97556
[SwinTransformer] Early stopping on epoch 14
Accuracy on Test: 0.95778
=== Training finished for SwinTransformer ===

