=== Training started for VisionTransformer with strategy: lora ===
Device: cuda, LR: 0.0001, Batch size: 50, Epochs: 20
[Strategy 4] Training with LoRA: 7,159,936 / 93,155,970 (7.69%)
[VisionTransformer] Train Epoch 1: Loss=0.46577, Acc=0.83238
[VisionTransformer] Val Epoch 1: Loss=0.17777, Acc=0.94222
[VisionTransformer] Train Epoch 2: Loss=0.12612, Acc=0.95714
[VisionTransformer] Val Epoch 2: Loss=0.14509, Acc=0.94889
[VisionTransformer] Warning: very low grad mean (9.86e-05)
[VisionTransformer] Warning: very low grad mean (8.92e-05)
[VisionTransformer] Train Epoch 3: Loss=0.07641, Acc=0.97190
[VisionTransformer] Val Epoch 3: Loss=0.12461, Acc=0.96000
[VisionTransformer] Warning: very low grad mean (5.98e-05)
[VisionTransformer] Warning: very low grad mean (8.91e-05)
[VisionTransformer] Warning: very low grad mean (7.87e-05)
[VisionTransformer] Warning: very low grad mean (8.54e-05)
[VisionTransformer] Train Epoch 4: Loss=0.03970, Acc=0.98619
[VisionTransformer] Val Epoch 4: Loss=0.11529, Acc=0.96222
[VisionTransformer] Warning: very low grad mean (5.36e-05)
[VisionTransformer] Warning: very low grad mean (6.67e-05)
[VisionTransformer] Warning: very low grad mean (5.21e-05)
[VisionTransformer] Warning: very low grad mean (9.60e-05)
[VisionTransformer] Warning: very low grad mean (7.95e-05)
[VisionTransformer] Warning: very low grad mean (3.93e-05)
[VisionTransformer] Warning: very low grad mean (6.90e-05)
[VisionTransformer] Warning: very low grad mean (6.30e-05)
[VisionTransformer] Warning: very low grad mean (7.99e-05)
[VisionTransformer] Warning: very low grad mean (4.75e-05)
[VisionTransformer] Warning: very low grad mean (8.67e-05)
[VisionTransformer] Warning: very low grad mean (3.95e-05)
[VisionTransformer] Warning: very low grad mean (8.82e-05)
[VisionTransformer] Warning: very low grad mean (5.10e-05)
[VisionTransformer] Warning: very low grad mean (8.84e-05)
[VisionTransformer] Warning: very low grad mean (4.15e-05)
[VisionTransformer] Warning: very low grad mean (7.16e-05)
[VisionTransformer] Warning: very low grad mean (6.18e-05)
[VisionTransformer] Warning: very low grad mean (6.88e-05)
[VisionTransformer] Warning: very low grad mean (2.93e-05)
[VisionTransformer] Warning: very low grad mean (6.53e-05)
[VisionTransformer] Warning: very low grad mean (5.00e-05)
[VisionTransformer] Warning: very low grad mean (2.47e-05)
[VisionTransformer] Warning: very low grad mean (6.36e-05)
[VisionTransformer] Warning: very low grad mean (6.18e-05)
[VisionTransformer] Warning: very low grad mean (6.72e-05)
[VisionTransformer] Train Epoch 5: Loss=0.01256, Acc=0.99762
[VisionTransformer] Val Epoch 5: Loss=0.14293, Acc=0.95778
[VisionTransformer] Warning: very low grad mean (7.20e-05)
[VisionTransformer] Warning: very low grad mean (8.40e-05)
[VisionTransformer] Warning: very low grad mean (8.16e-05)
[VisionTransformer] Warning: very low grad mean (2.61e-05)
[VisionTransformer] Warning: very low grad mean (4.17e-05)
[VisionTransformer] Warning: very low grad mean (4.00e-05)
[VisionTransformer] Warning: very low grad mean (2.73e-05)
[VisionTransformer] Warning: very low grad mean (8.02e-05)
[VisionTransformer] Warning: very low grad mean (7.46e-05)
[VisionTransformer] Warning: very low grad mean (1.44e-05)
[VisionTransformer] Warning: very low grad mean (6.98e-05)
[VisionTransformer] Warning: very low grad mean (1.92e-05)
[VisionTransformer] Warning: very low grad mean (2.93e-05)
[VisionTransformer] Warning: very low grad mean (6.65e-05)
[VisionTransformer] Warning: very low grad mean (1.89e-05)
[VisionTransformer] Warning: very low grad mean (3.95e-05)
[VisionTransformer] Warning: very low grad mean (3.92e-05)
[VisionTransformer] Warning: very low grad mean (3.36e-05)
[VisionTransformer] Warning: very low grad mean (5.25e-05)
[VisionTransformer] Warning: very low grad mean (2.73e-05)
[VisionTransformer] Warning: very low grad mean (3.00e-05)
[VisionTransformer] Warning: very low grad mean (1.78e-05)
[VisionTransformer] Warning: very low grad mean (6.23e-05)
[VisionTransformer] Warning: very low grad mean (7.57e-05)
[VisionTransformer] Warning: very low grad mean (7.71e-05)
[VisionTransformer] Warning: very low grad mean (1.26e-05)
[VisionTransformer] Warning: very low grad mean (1.52e-05)
[VisionTransformer] Warning: very low grad mean (3.19e-05)
[VisionTransformer] Warning: very low grad mean (1.39e-05)
[VisionTransformer] Warning: very low grad mean (1.91e-05)
[VisionTransformer] Warning: very low grad mean (4.96e-05)
[VisionTransformer] Warning: very low grad mean (1.06e-05)
[VisionTransformer] Warning: very low grad mean (9.69e-05)
[VisionTransformer] Warning: very low grad mean (5.71e-05)
[VisionTransformer] Warning: very low grad mean (2.61e-05)
[VisionTransformer] Train Epoch 6: Loss=0.00530, Acc=0.99905
[VisionTransformer] Val Epoch 6: Loss=0.16930, Acc=0.95778
[VisionTransformer] Warning: very low grad mean (5.05e-05)
[VisionTransformer] Warning: very low grad mean (3.19e-05)
[VisionTransformer] Warning: very low grad mean (8.30e-05)
[VisionTransformer] Warning: very low grad mean (1.35e-05)
[VisionTransformer] Warning: very low grad mean (8.03e-06)
[VisionTransformer] Warning: very low grad mean (4.26e-05)
[VisionTransformer] Warning: very low grad mean (1.36e-05)
[VisionTransformer] Warning: very low grad mean (1.08e-05)
[VisionTransformer] Warning: very low grad mean (1.71e-05)
[VisionTransformer] Warning: very low grad mean (2.69e-05)
[VisionTransformer] Warning: very low grad mean (9.00e-06)
[VisionTransformer] Warning: very low grad mean (2.57e-05)
[VisionTransformer] Warning: very low grad mean (1.03e-05)
[VisionTransformer] Warning: very low grad mean (7.99e-05)
[VisionTransformer] Warning: very low grad mean (1.45e-05)
[VisionTransformer] Warning: very low grad mean (3.87e-05)
[VisionTransformer] Warning: very low grad mean (7.25e-06)
[VisionTransformer] Warning: very low grad mean (8.86e-05)
[VisionTransformer] Warning: very low grad mean (9.78e-06)
[VisionTransformer] Warning: very low grad mean (1.11e-05)
[VisionTransformer] Warning: very low grad mean (1.04e-05)
[VisionTransformer] Warning: very low grad mean (2.14e-05)
[VisionTransformer] Warning: very low grad mean (1.37e-05)
[VisionTransformer] Warning: very low grad mean (3.16e-05)
[VisionTransformer] Warning: very low grad mean (1.49e-05)
[VisionTransformer] Warning: very low grad mean (1.62e-05)
[VisionTransformer] Warning: very low grad mean (3.19e-05)
[VisionTransformer] Warning: very low grad mean (1.79e-05)
[VisionTransformer] Warning: very low grad mean (4.11e-05)
[VisionTransformer] Warning: very low grad mean (6.25e-05)
[VisionTransformer] Warning: very low grad mean (1.96e-05)
[VisionTransformer] Warning: very low grad mean (2.41e-05)
[VisionTransformer] Warning: very low grad mean (6.41e-05)
[VisionTransformer] Warning: very low grad mean (1.85e-05)
[VisionTransformer] Train Epoch 7: Loss=0.00285, Acc=1.00000
[VisionTransformer] Val Epoch 7: Loss=0.19595, Acc=0.95333
[VisionTransformer] Warning: very low grad mean (2.29e-05)
[VisionTransformer] Warning: very low grad mean (1.19e-05)
[VisionTransformer] Warning: very low grad mean (1.49e-05)
[VisionTransformer] Warning: very low grad mean (4.53e-05)
[VisionTransformer] Warning: very low grad mean (1.67e-05)
[VisionTransformer] Warning: very low grad mean (3.25e-05)
[VisionTransformer] Warning: very low grad mean (6.57e-06)
[VisionTransformer] Warning: very low grad mean (7.43e-06)
[VisionTransformer] Warning: very low grad mean (3.86e-05)
[VisionTransformer] Warning: very low grad mean (8.37e-05)
[VisionTransformer] Warning: very low grad mean (6.94e-06)
[VisionTransformer] Warning: very low grad mean (1.98e-05)
[VisionTransformer] Warning: very low grad mean (5.57e-06)
[VisionTransformer] Warning: very low grad mean (1.53e-05)
[VisionTransformer] Warning: very low grad mean (3.32e-05)
[VisionTransformer] Warning: very low grad mean (1.21e-05)
[VisionTransformer] Warning: very low grad mean (5.15e-06)
[VisionTransformer] Warning: very low grad mean (1.91e-05)
[VisionTransformer] Warning: very low grad mean (1.64e-05)
[VisionTransformer] Warning: very low grad mean (1.59e-05)
[VisionTransformer] Warning: very low grad mean (6.01e-06)
[VisionTransformer] Warning: very low grad mean (1.62e-05)
[VisionTransformer] Warning: very low grad mean (9.96e-06)
[VisionTransformer] Warning: very low grad mean (6.00e-06)
[VisionTransformer] Warning: very low grad mean (2.29e-05)
[VisionTransformer] Warning: very low grad mean (9.12e-06)
[VisionTransformer] Warning: very low grad mean (5.78e-06)
[VisionTransformer] Warning: very low grad mean (7.61e-06)
[VisionTransformer] Warning: very low grad mean (4.22e-05)
[VisionTransformer] Warning: very low grad mean (6.15e-06)
[VisionTransformer] Warning: very low grad mean (7.92e-06)
[VisionTransformer] Warning: very low grad mean (7.83e-06)
[VisionTransformer] Warning: very low grad mean (4.80e-06)
[VisionTransformer] Warning: very low grad mean (9.40e-06)
[VisionTransformer] Warning: very low grad mean (5.10e-06)
[VisionTransformer] Warning: very low grad mean (6.98e-06)
[VisionTransformer] Warning: very low grad mean (5.23e-06)
[VisionTransformer] Warning: very low grad mean (4.85e-06)
[VisionTransformer] Warning: very low grad mean (1.22e-05)
[VisionTransformer] Warning: very low grad mean (4.63e-05)
[VisionTransformer] Warning: very low grad mean (2.32e-05)
[VisionTransformer] Warning: very low grad mean (6.21e-06)
[VisionTransformer] Train Epoch 8: Loss=0.00082, Acc=1.00000
[VisionTransformer] Val Epoch 8: Loss=0.21606, Acc=0.95556
[VisionTransformer] Warning: very low grad mean (1.11e-05)
[VisionTransformer] Warning: very low grad mean (3.39e-05)
[VisionTransformer] Warning: very low grad mean (4.45e-06)
[VisionTransformer] Warning: very low grad mean (6.62e-06)
[VisionTransformer] Warning: very low grad mean (2.82e-05)
[VisionTransformer] Warning: very low grad mean (3.89e-06)
[VisionTransformer] Warning: very low grad mean (2.68e-05)
[VisionTransformer] Warning: very low grad mean (7.16e-06)
[VisionTransformer] Warning: very low grad mean (3.19e-06)
[VisionTransformer] Warning: very low grad mean (7.15e-06)
[VisionTransformer] Warning: very low grad mean (4.64e-06)
[VisionTransformer] Warning: very low grad mean (3.96e-06)
[VisionTransformer] Warning: very low grad mean (9.14e-06)
[VisionTransformer] Warning: very low grad mean (1.71e-05)
[VisionTransformer] Warning: very low grad mean (1.16e-05)
[VisionTransformer] Warning: very low grad mean (8.22e-06)
[VisionTransformer] Warning: very low grad mean (5.95e-06)
[VisionTransformer] Warning: very low grad mean (1.11e-05)
[VisionTransformer] Warning: very low grad mean (2.29e-05)
[VisionTransformer] Warning: very low grad mean (1.12e-05)
[VisionTransformer] Warning: very low grad mean (5.13e-06)
[VisionTransformer] Warning: very low grad mean (5.19e-06)
[VisionTransformer] Warning: very low grad mean (8.44e-06)
[VisionTransformer] Warning: very low grad mean (1.67e-05)
[VisionTransformer] Warning: very low grad mean (1.05e-05)
[VisionTransformer] Warning: very low grad mean (3.35e-06)
[VisionTransformer] Warning: very low grad mean (6.41e-06)
[VisionTransformer] Warning: very low grad mean (5.65e-06)
[VisionTransformer] Warning: very low grad mean (9.97e-06)
[VisionTransformer] Warning: very low grad mean (3.96e-06)
[VisionTransformer] Warning: very low grad mean (1.38e-05)
[VisionTransformer] Warning: very low grad mean (1.41e-05)
[VisionTransformer] Warning: very low grad mean (3.56e-06)
[VisionTransformer] Warning: very low grad mean (4.13e-06)
[VisionTransformer] Warning: very low grad mean (1.55e-05)
[VisionTransformer] Warning: very low grad mean (4.38e-06)
[VisionTransformer] Warning: very low grad mean (1.63e-05)
[VisionTransformer] Warning: very low grad mean (6.27e-05)
[VisionTransformer] Warning: very low grad mean (4.54e-06)
[VisionTransformer] Warning: very low grad mean (3.50e-06)
[VisionTransformer] Warning: very low grad mean (7.17e-06)
[VisionTransformer] Warning: very low grad mean (7.15e-06)
[VisionTransformer] Train Epoch 9: Loss=0.00051, Acc=1.00000
[VisionTransformer] Val Epoch 9: Loss=0.22229, Acc=0.95778
[VisionTransformer] Warning: very low grad mean (8.33e-06)
[VisionTransformer] Warning: very low grad mean (1.45e-05)
[VisionTransformer] Warning: very low grad mean (1.01e-05)
[VisionTransformer] Warning: very low grad mean (1.20e-05)
[VisionTransformer] Warning: very low grad mean (3.90e-06)
[VisionTransformer] Warning: very low grad mean (1.13e-05)
[VisionTransformer] Warning: very low grad mean (3.11e-06)
[VisionTransformer] Warning: very low grad mean (8.55e-06)
[VisionTransformer] Warning: very low grad mean (4.03e-06)
[VisionTransformer] Warning: very low grad mean (5.87e-06)
[VisionTransformer] Warning: very low grad mean (1.11e-05)
[VisionTransformer] Warning: very low grad mean (1.44e-05)
[VisionTransformer] Warning: very low grad mean (5.21e-06)
[VisionTransformer] Warning: very low grad mean (8.48e-06)
[VisionTransformer] Warning: very low grad mean (5.30e-06)
[VisionTransformer] Warning: very low grad mean (2.89e-06)
[VisionTransformer] Warning: very low grad mean (9.82e-06)
[VisionTransformer] Warning: very low grad mean (4.27e-06)
[VisionTransformer] Warning: very low grad mean (1.02e-05)
[VisionTransformer] Warning: very low grad mean (8.22e-06)
[VisionTransformer] Warning: very low grad mean (1.08e-05)
[VisionTransformer] Warning: very low grad mean (4.87e-06)
[VisionTransformer] Warning: very low grad mean (5.39e-06)
[VisionTransformer] Warning: very low grad mean (6.29e-06)
[VisionTransformer] Warning: very low grad mean (2.52e-06)
[VisionTransformer] Warning: very low grad mean (8.05e-06)
[VisionTransformer] Warning: very low grad mean (9.91e-06)
[VisionTransformer] Warning: very low grad mean (2.13e-05)
[VisionTransformer] Warning: very low grad mean (4.91e-06)
[VisionTransformer] Warning: very low grad mean (3.53e-06)
[VisionTransformer] Warning: very low grad mean (6.13e-06)
[VisionTransformer] Warning: very low grad mean (6.57e-06)
[VisionTransformer] Warning: very low grad mean (1.42e-05)
[VisionTransformer] Warning: very low grad mean (3.95e-06)
[VisionTransformer] Warning: very low grad mean (1.14e-05)
[VisionTransformer] Warning: very low grad mean (2.47e-05)
[VisionTransformer] Warning: very low grad mean (4.17e-06)
[VisionTransformer] Warning: very low grad mean (4.05e-06)
[VisionTransformer] Warning: very low grad mean (1.61e-05)
[VisionTransformer] Warning: very low grad mean (5.49e-06)
[VisionTransformer] Warning: very low grad mean (4.29e-06)
[VisionTransformer] Warning: very low grad mean (5.06e-06)
[VisionTransformer] Train Epoch 10: Loss=0.00035, Acc=1.00000
[VisionTransformer] Val Epoch 10: Loss=0.22258, Acc=0.95556
[VisionTransformer] Warning: very low grad mean (8.07e-06)
[VisionTransformer] Warning: very low grad mean (2.29e-06)
[VisionTransformer] Warning: very low grad mean (4.23e-06)
[VisionTransformer] Warning: very low grad mean (4.07e-06)
[VisionTransformer] Warning: very low grad mean (3.51e-06)
[VisionTransformer] Warning: very low grad mean (7.24e-06)
[VisionTransformer] Warning: very low grad mean (6.45e-06)
[VisionTransformer] Warning: very low grad mean (8.51e-06)
[VisionTransformer] Warning: very low grad mean (3.25e-06)
[VisionTransformer] Warning: very low grad mean (3.48e-06)
[VisionTransformer] Warning: very low grad mean (1.67e-05)
[VisionTransformer] Warning: very low grad mean (7.57e-06)
[VisionTransformer] Warning: very low grad mean (3.43e-06)
[VisionTransformer] Warning: very low grad mean (7.11e-06)
[VisionTransformer] Warning: very low grad mean (1.21e-05)
[VisionTransformer] Warning: very low grad mean (7.04e-06)
[VisionTransformer] Warning: very low grad mean (8.44e-06)
[VisionTransformer] Warning: very low grad mean (5.14e-06)
[VisionTransformer] Warning: very low grad mean (2.27e-06)
[VisionTransformer] Warning: very low grad mean (7.29e-06)
[VisionTransformer] Warning: very low grad mean (1.14e-05)
[VisionTransformer] Warning: very low grad mean (6.85e-06)
[VisionTransformer] Warning: very low grad mean (3.82e-06)
[VisionTransformer] Warning: very low grad mean (3.39e-06)
[VisionTransformer] Warning: very low grad mean (2.99e-06)
[VisionTransformer] Warning: very low grad mean (6.69e-06)
[VisionTransformer] Warning: very low grad mean (2.85e-06)
[VisionTransformer] Warning: very low grad mean (4.97e-06)
[VisionTransformer] Warning: very low grad mean (5.76e-06)
[VisionTransformer] Warning: very low grad mean (3.62e-06)
[VisionTransformer] Warning: very low grad mean (1.27e-05)
[VisionTransformer] Warning: very low grad mean (2.85e-06)
[VisionTransformer] Warning: very low grad mean (9.21e-06)
[VisionTransformer] Warning: very low grad mean (3.16e-06)
[VisionTransformer] Warning: very low grad mean (2.16e-06)
[VisionTransformer] Warning: very low grad mean (4.55e-06)
[VisionTransformer] Warning: very low grad mean (7.55e-06)
[VisionTransformer] Warning: very low grad mean (8.48e-06)
[VisionTransformer] Warning: very low grad mean (5.19e-06)
[VisionTransformer] Warning: very low grad mean (6.67e-06)
[VisionTransformer] Warning: very low grad mean (2.49e-06)
[VisionTransformer] Warning: very low grad mean (4.15e-06)
[VisionTransformer] Train Epoch 11: Loss=0.00025, Acc=1.00000
[VisionTransformer] Val Epoch 11: Loss=0.23782, Acc=0.95111
[VisionTransformer] Warning: very low grad mean (5.20e-06)
[VisionTransformer] Warning: very low grad mean (3.29e-06)
[VisionTransformer] Warning: very low grad mean (5.68e-06)
[VisionTransformer] Warning: very low grad mean (3.87e-06)
[VisionTransformer] Warning: very low grad mean (2.81e-06)
[VisionTransformer] Warning: very low grad mean (2.97e-06)
[VisionTransformer] Warning: very low grad mean (8.13e-06)
[VisionTransformer] Warning: very low grad mean (4.13e-06)
[VisionTransformer] Warning: very low grad mean (6.55e-06)
[VisionTransformer] Warning: very low grad mean (4.96e-06)
[VisionTransformer] Warning: very low grad mean (5.69e-06)
[VisionTransformer] Warning: very low grad mean (2.94e-06)
[VisionTransformer] Warning: very low grad mean (4.92e-06)
[VisionTransformer] Warning: very low grad mean (5.33e-06)
[VisionTransformer] Warning: very low grad mean (2.83e-06)
[VisionTransformer] Warning: very low grad mean (1.95e-06)
[VisionTransformer] Warning: very low grad mean (1.36e-05)
[VisionTransformer] Warning: very low grad mean (2.09e-06)
[VisionTransformer] Warning: very low grad mean (6.64e-06)
[VisionTransformer] Warning: very low grad mean (1.06e-05)
[VisionTransformer] Warning: very low grad mean (1.03e-05)
[VisionTransformer] Warning: very low grad mean (2.26e-06)
[VisionTransformer] Warning: very low grad mean (5.82e-06)
[VisionTransformer] Warning: very low grad mean (3.80e-06)
[VisionTransformer] Warning: very low grad mean (6.03e-06)
[VisionTransformer] Warning: very low grad mean (9.26e-06)
[VisionTransformer] Warning: very low grad mean (3.68e-06)
[VisionTransformer] Warning: very low grad mean (4.27e-06)
[VisionTransformer] Warning: very low grad mean (5.05e-06)
[VisionTransformer] Warning: very low grad mean (2.36e-06)
[VisionTransformer] Warning: very low grad mean (5.56e-06)
[VisionTransformer] Warning: very low grad mean (1.02e-05)
[VisionTransformer] Warning: very low grad mean (4.80e-06)
[VisionTransformer] Warning: very low grad mean (1.09e-05)
[VisionTransformer] Warning: very low grad mean (7.34e-06)
[VisionTransformer] Warning: very low grad mean (4.04e-06)
[VisionTransformer] Warning: very low grad mean (3.56e-06)
[VisionTransformer] Warning: very low grad mean (2.36e-06)
[VisionTransformer] Warning: very low grad mean (1.72e-06)
[VisionTransformer] Warning: very low grad mean (1.80e-06)
[VisionTransformer] Warning: very low grad mean (2.32e-06)
[VisionTransformer] Warning: very low grad mean (4.13e-06)
[VisionTransformer] Train Epoch 12: Loss=0.00020, Acc=1.00000
[VisionTransformer] Val Epoch 12: Loss=0.23744, Acc=0.95333
[VisionTransformer] Warning: very low grad mean (1.97e-06)
[VisionTransformer] Warning: very low grad mean (1.86e-06)
[VisionTransformer] Warning: very low grad mean (9.70e-06)
[VisionTransformer] Warning: very low grad mean (6.67e-06)
[VisionTransformer] Warning: very low grad mean (2.63e-06)
[VisionTransformer] Warning: very low grad mean (2.83e-06)
[VisionTransformer] Warning: very low grad mean (2.22e-06)
[VisionTransformer] Warning: very low grad mean (2.46e-06)
[VisionTransformer] Warning: very low grad mean (1.97e-06)
[VisionTransformer] Warning: very low grad mean (4.81e-06)
[VisionTransformer] Warning: very low grad mean (1.74e-06)
[VisionTransformer] Warning: very low grad mean (5.71e-06)
[VisionTransformer] Warning: very low grad mean (2.23e-06)
[VisionTransformer] Warning: very low grad mean (7.57e-06)
[VisionTransformer] Warning: very low grad mean (6.40e-06)
[VisionTransformer] Warning: very low grad mean (2.07e-06)
[VisionTransformer] Warning: very low grad mean (5.38e-06)
[VisionTransformer] Warning: very low grad mean (2.71e-06)
[VisionTransformer] Warning: very low grad mean (4.40e-06)
[VisionTransformer] Warning: very low grad mean (8.69e-06)
[VisionTransformer] Warning: very low grad mean (3.81e-06)
[VisionTransformer] Warning: very low grad mean (5.59e-06)
[VisionTransformer] Warning: very low grad mean (2.80e-06)
[VisionTransformer] Warning: very low grad mean (2.12e-06)
[VisionTransformer] Warning: very low grad mean (3.05e-06)
[VisionTransformer] Warning: very low grad mean (3.01e-06)
[VisionTransformer] Warning: very low grad mean (2.45e-06)
[VisionTransformer] Warning: very low grad mean (3.11e-06)
[VisionTransformer] Warning: very low grad mean (4.15e-06)
[VisionTransformer] Warning: very low grad mean (4.77e-06)
[VisionTransformer] Warning: very low grad mean (3.18e-06)
[VisionTransformer] Warning: very low grad mean (1.46e-06)
[VisionTransformer] Warning: very low grad mean (2.64e-06)
[VisionTransformer] Warning: very low grad mean (6.21e-06)
[VisionTransformer] Warning: very low grad mean (3.02e-06)
[VisionTransformer] Warning: very low grad mean (4.90e-06)
[VisionTransformer] Warning: very low grad mean (2.11e-06)
[VisionTransformer] Warning: very low grad mean (4.90e-06)
[VisionTransformer] Warning: very low grad mean (2.61e-06)
[VisionTransformer] Warning: very low grad mean (6.11e-06)
[VisionTransformer] Warning: very low grad mean (4.67e-06)
[VisionTransformer] Warning: very low grad mean (2.74e-06)
[VisionTransformer] Train Epoch 13: Loss=0.00015, Acc=1.00000
[VisionTransformer] Val Epoch 13: Loss=0.24537, Acc=0.95556
[VisionTransformer] Warning: very low grad mean (2.82e-06)
[VisionTransformer] Warning: very low grad mean (8.68e-06)
[VisionTransformer] Warning: very low grad mean (5.64e-06)
[VisionTransformer] Warning: very low grad mean (2.06e-06)
[VisionTransformer] Warning: very low grad mean (4.32e-06)
[VisionTransformer] Warning: very low grad mean (6.00e-06)
[VisionTransformer] Warning: very low grad mean (3.22e-06)
[VisionTransformer] Warning: very low grad mean (5.81e-06)
[VisionTransformer] Warning: very low grad mean (2.71e-06)
[VisionTransformer] Warning: very low grad mean (3.37e-06)
[VisionTransformer] Warning: very low grad mean (4.70e-06)
[VisionTransformer] Warning: very low grad mean (2.15e-06)
[VisionTransformer] Warning: very low grad mean (5.60e-06)
[VisionTransformer] Warning: very low grad mean (2.61e-06)
[VisionTransformer] Warning: very low grad mean (6.15e-06)
[VisionTransformer] Warning: very low grad mean (2.07e-06)
[VisionTransformer] Warning: very low grad mean (2.52e-06)
[VisionTransformer] Warning: very low grad mean (5.25e-06)
[VisionTransformer] Warning: very low grad mean (3.64e-06)
[VisionTransformer] Warning: very low grad mean (1.49e-06)
[VisionTransformer] Warning: very low grad mean (2.59e-06)
[VisionTransformer] Warning: very low grad mean (2.43e-06)
[VisionTransformer] Warning: very low grad mean (3.24e-06)
[VisionTransformer] Warning: very low grad mean (1.62e-06)
[VisionTransformer] Warning: very low grad mean (1.80e-06)
[VisionTransformer] Warning: very low grad mean (1.89e-06)
[VisionTransformer] Warning: very low grad mean (2.58e-06)
[VisionTransformer] Warning: very low grad mean (3.79e-06)
[VisionTransformer] Warning: very low grad mean (2.13e-06)
[VisionTransformer] Warning: very low grad mean (2.91e-06)
[VisionTransformer] Warning: very low grad mean (2.92e-06)
[VisionTransformer] Warning: very low grad mean (2.42e-06)
[VisionTransformer] Warning: very low grad mean (2.38e-06)
[VisionTransformer] Warning: very low grad mean (1.29e-06)
[VisionTransformer] Warning: very low grad mean (7.52e-06)
[VisionTransformer] Warning: very low grad mean (2.43e-06)
[VisionTransformer] Warning: very low grad mean (2.41e-06)
[VisionTransformer] Warning: very low grad mean (5.74e-06)
[VisionTransformer] Warning: very low grad mean (1.41e-06)
[VisionTransformer] Warning: very low grad mean (3.75e-06)
[VisionTransformer] Warning: very low grad mean (4.15e-06)
[VisionTransformer] Warning: very low grad mean (2.46e-06)
[VisionTransformer] Train Epoch 14: Loss=0.00013, Acc=1.00000
[VisionTransformer] Val Epoch 14: Loss=0.24673, Acc=0.95333
[VisionTransformer] Early stopping on epoch 14
Accuracy on Test: 0.96667
=== Training finished for VisionTransformer ===

