=== Training started for SwinTransformer with strategy: full ===
Device: cuda, LR: 0.0001, Batch size: 50, Epochs: 20
[Strategy 3] Training all weights: 49,034,636 / 49,034,636 (100.00%)
[SwinTransformer] Train Epoch 1: Loss=0.23959, Acc=0.90905
[SwinTransformer] Val Epoch 1: Loss=0.08416, Acc=0.96667
[SwinTransformer] Warning: very low grad mean (8.03e-05)
[SwinTransformer] Train Epoch 2: Loss=0.06423, Acc=0.97190
[SwinTransformer] Val Epoch 2: Loss=0.08523, Acc=0.97556
[SwinTransformer] Warning: very low grad mean (2.70e-05)
[SwinTransformer] Warning: very low grad mean (9.61e-05)
[SwinTransformer] Warning: very low grad mean (6.28e-05)
[SwinTransformer] Warning: very low grad mean (4.34e-05)
[SwinTransformer] Warning: very low grad mean (3.61e-05)
[SwinTransformer] Warning: very low grad mean (9.76e-05)
[SwinTransformer] Warning: very low grad mean (5.70e-05)
[SwinTransformer] Warning: very low grad mean (4.97e-05)
[SwinTransformer] Warning: very low grad mean (3.85e-05)
[SwinTransformer] Warning: very low grad mean (7.52e-05)
[SwinTransformer] Warning: very low grad mean (6.30e-05)
[SwinTransformer] Warning: very low grad mean (4.18e-05)
[SwinTransformer] Warning: very low grad mean (2.50e-05)
[SwinTransformer] Warning: very low grad mean (4.62e-05)
[SwinTransformer] Warning: very low grad mean (5.87e-05)
[SwinTransformer] Warning: very low grad mean (6.75e-05)
[SwinTransformer] Warning: very low grad mean (4.04e-05)
[SwinTransformer] Warning: very low grad mean (5.09e-05)
[SwinTransformer] Warning: very low grad mean (6.68e-05)
[SwinTransformer] Warning: very low grad mean (6.72e-05)
[SwinTransformer] Train Epoch 3: Loss=0.01428, Acc=0.99571
[SwinTransformer] Val Epoch 3: Loss=0.16092, Acc=0.95778
[SwinTransformer] Warning: very low grad mean (4.79e-05)
[SwinTransformer] Warning: very low grad mean (3.16e-05)
[SwinTransformer] Warning: very low grad mean (8.75e-05)
[SwinTransformer] Warning: very low grad mean (3.27e-05)
[SwinTransformer] Warning: very low grad mean (2.11e-05)
[SwinTransformer] Warning: very low grad mean (1.39e-05)
[SwinTransformer] Warning: very low grad mean (8.25e-05)
[SwinTransformer] Warning: very low grad mean (5.23e-05)
[SwinTransformer] Warning: very low grad mean (6.96e-05)
[SwinTransformer] Warning: very low grad mean (7.57e-05)
[SwinTransformer] Warning: very low grad mean (4.30e-05)
[SwinTransformer] Warning: very low grad mean (7.83e-05)
[SwinTransformer] Warning: very low grad mean (6.03e-05)
[SwinTransformer] Train Epoch 4: Loss=0.03073, Acc=0.99048
[SwinTransformer] Val Epoch 4: Loss=0.30277, Acc=0.93333
[SwinTransformer] Warning: very low grad mean (3.84e-05)
[SwinTransformer] Warning: very low grad mean (5.92e-05)
[SwinTransformer] Warning: very low grad mean (6.22e-05)
[SwinTransformer] Warning: very low grad mean (8.92e-05)
[SwinTransformer] Warning: very low grad mean (1.59e-05)
[SwinTransformer] Warning: very low grad mean (7.99e-05)
[SwinTransformer] Warning: very low grad mean (8.39e-05)
[SwinTransformer] Warning: very low grad mean (4.92e-05)
[SwinTransformer] Warning: very low grad mean (3.27e-05)
[SwinTransformer] Train Epoch 5: Loss=0.02433, Acc=0.99190
[SwinTransformer] Val Epoch 5: Loss=0.08265, Acc=0.97778
[SwinTransformer] Warning: very low grad mean (1.38e-05)
[SwinTransformer] Warning: very low grad mean (3.17e-05)
[SwinTransformer] Warning: very low grad mean (5.05e-05)
[SwinTransformer] Warning: very low grad mean (7.01e-05)
[SwinTransformer] Warning: very low grad mean (6.62e-05)
[SwinTransformer] Warning: very low grad mean (1.38e-05)
[SwinTransformer] Warning: very low grad mean (7.64e-06)
[SwinTransformer] Warning: very low grad mean (9.85e-05)
[SwinTransformer] Warning: very low grad mean (2.28e-05)
[SwinTransformer] Warning: very low grad mean (3.95e-05)
[SwinTransformer] Warning: very low grad mean (2.95e-05)
[SwinTransformer] Warning: very low grad mean (7.72e-05)
[SwinTransformer] Warning: very low grad mean (3.01e-05)
[SwinTransformer] Warning: very low grad mean (2.80e-05)
[SwinTransformer] Warning: very low grad mean (3.46e-05)
[SwinTransformer] Warning: very low grad mean (9.50e-06)
[SwinTransformer] Train Epoch 6: Loss=0.02047, Acc=0.99333
[SwinTransformer] Val Epoch 6: Loss=0.13843, Acc=0.96667
[SwinTransformer] Warning: very low grad mean (6.08e-05)
[SwinTransformer] Warning: very low grad mean (3.89e-05)
[SwinTransformer] Warning: very low grad mean (6.69e-05)
[SwinTransformer] Warning: very low grad mean (3.80e-05)
[SwinTransformer] Warning: very low grad mean (8.76e-05)
[SwinTransformer] Warning: very low grad mean (8.75e-05)
[SwinTransformer] Warning: very low grad mean (1.03e-05)
[SwinTransformer] Warning: very low grad mean (9.53e-05)
[SwinTransformer] Warning: very low grad mean (2.63e-05)
[SwinTransformer] Warning: very low grad mean (1.38e-05)
[SwinTransformer] Warning: very low grad mean (1.74e-05)
[SwinTransformer] Warning: very low grad mean (7.80e-05)
[SwinTransformer] Warning: very low grad mean (4.25e-05)
[SwinTransformer] Warning: very low grad mean (5.07e-05)
[SwinTransformer] Warning: very low grad mean (5.91e-05)
[SwinTransformer] Warning: very low grad mean (2.20e-05)
[SwinTransformer] Train Epoch 7: Loss=0.02302, Acc=0.99429
[SwinTransformer] Val Epoch 7: Loss=0.07428, Acc=0.98000
[SwinTransformer] Warning: very low grad mean (3.69e-05)
[SwinTransformer] Warning: very low grad mean (4.68e-05)
[SwinTransformer] Warning: very low grad mean (2.22e-05)
[SwinTransformer] Warning: very low grad mean (6.29e-06)
[SwinTransformer] Warning: very low grad mean (2.75e-05)
[SwinTransformer] Warning: very low grad mean (8.43e-06)
[SwinTransformer] Warning: very low grad mean (3.23e-06)
[SwinTransformer] Warning: very low grad mean (5.74e-06)
[SwinTransformer] Warning: very low grad mean (1.18e-05)
[SwinTransformer] Warning: very low grad mean (1.89e-05)
[SwinTransformer] Warning: very low grad mean (1.82e-05)
[SwinTransformer] Warning: very low grad mean (1.61e-05)
[SwinTransformer] Warning: very low grad mean (4.13e-06)
[SwinTransformer] Warning: very low grad mean (3.07e-06)
[SwinTransformer] Warning: very low grad mean (5.93e-05)
[SwinTransformer] Warning: very low grad mean (9.20e-05)
[SwinTransformer] Warning: very low grad mean (3.43e-05)
[SwinTransformer] Warning: very low grad mean (3.09e-06)
[SwinTransformer] Warning: very low grad mean (5.29e-05)
[SwinTransformer] Warning: very low grad mean (3.72e-05)
[SwinTransformer] Warning: very low grad mean (8.62e-06)
[SwinTransformer] Warning: very low grad mean (3.43e-05)
[SwinTransformer] Warning: very low grad mean (3.08e-05)
[SwinTransformer] Warning: very low grad mean (1.82e-05)
[SwinTransformer] Warning: very low grad mean (7.27e-06)
[SwinTransformer] Train Epoch 8: Loss=0.01582, Acc=0.99476
[SwinTransformer] Val Epoch 8: Loss=0.13855, Acc=0.96889
[SwinTransformer] Warning: very low grad mean (2.02e-05)
[SwinTransformer] Warning: very low grad mean (5.10e-05)
[SwinTransformer] Warning: very low grad mean (8.14e-05)
[SwinTransformer] Warning: very low grad mean (8.49e-05)
[SwinTransformer] Warning: very low grad mean (4.16e-05)
[SwinTransformer] Warning: very low grad mean (2.52e-05)
[SwinTransformer] Warning: very low grad mean (7.91e-05)
[SwinTransformer] Warning: very low grad mean (2.34e-05)
[SwinTransformer] Warning: very low grad mean (4.89e-06)
[SwinTransformer] Warning: very low grad mean (1.54e-05)
[SwinTransformer] Warning: very low grad mean (2.68e-05)
[SwinTransformer] Warning: very low grad mean (1.67e-05)
[SwinTransformer] Warning: very low grad mean (4.63e-06)
[SwinTransformer] Warning: very low grad mean (9.08e-05)
[SwinTransformer] Warning: very low grad mean (1.92e-05)
[SwinTransformer] Warning: very low grad mean (1.54e-05)
[SwinTransformer] Warning: very low grad mean (2.35e-05)
[SwinTransformer] Train Epoch 9: Loss=0.01629, Acc=0.99571
[SwinTransformer] Val Epoch 9: Loss=0.09558, Acc=0.97333
[SwinTransformer] Warning: very low grad mean (1.59e-05)
[SwinTransformer] Warning: very low grad mean (4.27e-05)
[SwinTransformer] Warning: very low grad mean (8.43e-05)
[SwinTransformer] Warning: very low grad mean (6.75e-05)
[SwinTransformer] Warning: very low grad mean (7.36e-05)
[SwinTransformer] Warning: very low grad mean (1.55e-05)
[SwinTransformer] Warning: very low grad mean (5.11e-05)
[SwinTransformer] Warning: very low grad mean (3.43e-05)
[SwinTransformer] Warning: very low grad mean (9.81e-05)
[SwinTransformer] Warning: very low grad mean (7.52e-05)
[SwinTransformer] Warning: very low grad mean (4.85e-05)
[SwinTransformer] Warning: very low grad mean (3.27e-05)
[SwinTransformer] Warning: very low grad mean (2.55e-05)
[SwinTransformer] Warning: very low grad mean (6.89e-05)
[SwinTransformer] Warning: very low grad mean (7.04e-05)
[SwinTransformer] Warning: very low grad mean (3.23e-05)
[SwinTransformer] Warning: very low grad mean (7.26e-05)
[SwinTransformer] Warning: very low grad mean (9.65e-05)
[SwinTransformer] Warning: very low grad mean (1.88e-05)
[SwinTransformer] Warning: very low grad mean (8.99e-05)
[SwinTransformer] Warning: very low grad mean (1.99e-05)
[SwinTransformer] Train Epoch 10: Loss=0.01748, Acc=0.99429
[SwinTransformer] Val Epoch 10: Loss=0.09270, Acc=0.97333
[SwinTransformer] Warning: very low grad mean (2.96e-05)
[SwinTransformer] Warning: very low grad mean (5.82e-05)
[SwinTransformer] Warning: very low grad mean (2.33e-05)
[SwinTransformer] Warning: very low grad mean (3.14e-05)
[SwinTransformer] Warning: very low grad mean (1.80e-05)
[SwinTransformer] Warning: very low grad mean (5.18e-06)
[SwinTransformer] Warning: very low grad mean (1.33e-05)
[SwinTransformer] Warning: very low grad mean (1.88e-05)
[SwinTransformer] Warning: very low grad mean (2.19e-05)
[SwinTransformer] Warning: very low grad mean (5.16e-05)
[SwinTransformer] Warning: very low grad mean (1.87e-05)
[SwinTransformer] Warning: very low grad mean (9.69e-06)
[SwinTransformer] Warning: very low grad mean (4.80e-05)
[SwinTransformer] Warning: very low grad mean (6.24e-05)
[SwinTransformer] Warning: very low grad mean (5.17e-06)
[SwinTransformer] Warning: very low grad mean (4.82e-06)
[SwinTransformer] Warning: very low grad mean (1.42e-05)
[SwinTransformer] Warning: very low grad mean (9.49e-06)
[SwinTransformer] Warning: very low grad mean (4.26e-05)
[SwinTransformer] Warning: very low grad mean (2.56e-05)
[SwinTransformer] Warning: very low grad mean (2.25e-05)
[SwinTransformer] Warning: very low grad mean (3.14e-05)
[SwinTransformer] Warning: very low grad mean (3.07e-05)
[SwinTransformer] Warning: very low grad mean (1.84e-05)
[SwinTransformer] Warning: very low grad mean (7.87e-06)
[SwinTransformer] Warning: very low grad mean (5.28e-05)
[SwinTransformer] Warning: very low grad mean (5.30e-06)
[SwinTransformer] Warning: very low grad mean (3.61e-05)
[SwinTransformer] Warning: very low grad mean (2.70e-05)
[SwinTransformer] Warning: very low grad mean (3.56e-05)
[SwinTransformer] Warning: very low grad mean (1.79e-05)
[SwinTransformer] Warning: very low grad mean (5.10e-05)
[SwinTransformer] Warning: very low grad mean (2.53e-05)
[SwinTransformer] Train Epoch 11: Loss=0.00690, Acc=0.99810
[SwinTransformer] Val Epoch 11: Loss=0.16586, Acc=0.96444
[SwinTransformer] Warning: very low grad mean (5.22e-06)
[SwinTransformer] Warning: very low grad mean (2.97e-05)
[SwinTransformer] Warning: very low grad mean (6.91e-05)
[SwinTransformer] Warning: very low grad mean (6.04e-06)
[SwinTransformer] Warning: very low grad mean (2.72e-05)
[SwinTransformer] Warning: very low grad mean (8.85e-06)
[SwinTransformer] Warning: very low grad mean (7.78e-05)
[SwinTransformer] Warning: very low grad mean (5.50e-06)
[SwinTransformer] Warning: very low grad mean (5.52e-06)
[SwinTransformer] Warning: very low grad mean (1.61e-05)
[SwinTransformer] Warning: very low grad mean (9.57e-06)
[SwinTransformer] Warning: very low grad mean (3.17e-06)
[SwinTransformer] Warning: very low grad mean (7.22e-05)
[SwinTransformer] Warning: very low grad mean (7.89e-06)
[SwinTransformer] Warning: very low grad mean (5.91e-06)
[SwinTransformer] Warning: very low grad mean (5.28e-06)
[SwinTransformer] Warning: very low grad mean (5.26e-06)
[SwinTransformer] Warning: very low grad mean (2.32e-05)
[SwinTransformer] Warning: very low grad mean (1.16e-05)
[SwinTransformer] Warning: very low grad mean (9.21e-05)
[SwinTransformer] Warning: very low grad mean (2.20e-05)
[SwinTransformer] Warning: very low grad mean (5.78e-06)
[SwinTransformer] Warning: very low grad mean (7.53e-06)
[SwinTransformer] Warning: very low grad mean (2.73e-05)
[SwinTransformer] Warning: very low grad mean (7.69e-05)
[SwinTransformer] Warning: very low grad mean (1.44e-05)
[SwinTransformer] Warning: very low grad mean (8.50e-06)
[SwinTransformer] Warning: very low grad mean (2.46e-06)
[SwinTransformer] Train Epoch 12: Loss=0.00498, Acc=0.99810
[SwinTransformer] Val Epoch 12: Loss=0.11805, Acc=0.97333
[SwinTransformer] Warning: very low grad mean (6.98e-06)
[SwinTransformer] Warning: very low grad mean (1.08e-05)
[SwinTransformer] Warning: very low grad mean (1.05e-05)
[SwinTransformer] Warning: very low grad mean (2.19e-05)
[SwinTransformer] Warning: very low grad mean (3.94e-06)
[SwinTransformer] Warning: very low grad mean (2.06e-05)
[SwinTransformer] Warning: very low grad mean (2.69e-06)
[SwinTransformer] Warning: very low grad mean (1.33e-05)
[SwinTransformer] Warning: very low grad mean (7.01e-05)
[SwinTransformer] Warning: very low grad mean (2.00e-05)
[SwinTransformer] Warning: very low grad mean (2.25e-06)
[SwinTransformer] Warning: very low grad mean (7.31e-06)
[SwinTransformer] Warning: very low grad mean (1.23e-05)
[SwinTransformer] Warning: very low grad mean (2.78e-05)
[SwinTransformer] Warning: very low grad mean (3.84e-05)
[SwinTransformer] Warning: very low grad mean (4.08e-06)
[SwinTransformer] Warning: very low grad mean (3.50e-06)
[SwinTransformer] Warning: very low grad mean (2.30e-06)
[SwinTransformer] Warning: very low grad mean (4.66e-06)
[SwinTransformer] Warning: very low grad mean (2.93e-06)
[SwinTransformer] Warning: very low grad mean (1.24e-05)
[SwinTransformer] Warning: very low grad mean (1.90e-06)
[SwinTransformer] Warning: very low grad mean (3.46e-06)
[SwinTransformer] Warning: very low grad mean (1.70e-06)
[SwinTransformer] Warning: very low grad mean (1.30e-06)
[SwinTransformer] Warning: very low grad mean (6.11e-06)
[SwinTransformer] Warning: very low grad mean (6.89e-05)
[SwinTransformer] Warning: very low grad mean (2.10e-06)
[SwinTransformer] Warning: very low grad mean (3.15e-06)
[SwinTransformer] Warning: very low grad mean (1.88e-06)
[SwinTransformer] Warning: very low grad mean (9.62e-07)
[SwinTransformer] Warning: very low grad mean (1.11e-05)
[SwinTransformer] Warning: very low grad mean (5.19e-06)
[SwinTransformer] Train Epoch 13: Loss=0.00131, Acc=1.00000
[SwinTransformer] Val Epoch 13: Loss=0.14609, Acc=0.96889
[SwinTransformer] Warning: very low grad mean (1.66e-06)
[SwinTransformer] Warning: very low grad mean (2.24e-06)
[SwinTransformer] Warning: very low grad mean (5.48e-07)
[SwinTransformer] Warning: very low grad mean (3.05e-06)
[SwinTransformer] Warning: very low grad mean (1.27e-05)
[SwinTransformer] Warning: very low grad mean (5.61e-06)
[SwinTransformer] Warning: very low grad mean (8.93e-07)
[SwinTransformer] Warning: very low grad mean (1.11e-06)
[SwinTransformer] Warning: very low grad mean (4.13e-05)
[SwinTransformer] Warning: very low grad mean (5.34e-06)
[SwinTransformer] Warning: very low grad mean (8.62e-06)
[SwinTransformer] Warning: very low grad mean (2.99e-07)
[SwinTransformer] Warning: very low grad mean (6.33e-06)
[SwinTransformer] Warning: very low grad mean (1.40e-06)
[SwinTransformer] Warning: very low grad mean (4.95e-06)
[SwinTransformer] Warning: very low grad mean (3.01e-06)
[SwinTransformer] Warning: very low grad mean (5.11e-05)
[SwinTransformer] Warning: very low grad mean (2.87e-05)
[SwinTransformer] Warning: very low grad mean (2.05e-06)
[SwinTransformer] Warning: very low grad mean (8.46e-05)
[SwinTransformer] Warning: very low grad mean (1.38e-06)
[SwinTransformer] Warning: very low grad mean (4.36e-05)
[SwinTransformer] Warning: very low grad mean (9.88e-07)
[SwinTransformer] Warning: very low grad mean (3.72e-07)
[SwinTransformer] Warning: very low grad mean (2.24e-06)
[SwinTransformer] Warning: very low grad mean (1.44e-05)
[SwinTransformer] Warning: very low grad mean (7.15e-06)
[SwinTransformer] Warning: very low grad mean (6.08e-06)
[SwinTransformer] Warning: very low grad mean (1.88e-05)
[SwinTransformer] Warning: very low grad mean (1.60e-06)
[SwinTransformer] Warning: very low grad mean (2.06e-06)
[SwinTransformer] Warning: very low grad mean (3.58e-06)
[SwinTransformer] Warning: very low grad mean (4.12e-06)
[SwinTransformer] Warning: very low grad mean (8.05e-07)
[SwinTransformer] Warning: very low grad mean (6.58e-07)
[SwinTransformer] Warning: very low grad mean (2.18e-06)
[SwinTransformer] Warning: very low grad mean (5.37e-05)
[SwinTransformer] Warning: very low grad mean (4.45e-06)
[SwinTransformer] Warning: very low grad mean (1.08e-06)
[SwinTransformer] Train Epoch 14: Loss=0.00054, Acc=1.00000
[SwinTransformer] Val Epoch 14: Loss=0.11987, Acc=0.97556
[SwinTransformer] Warning: very low grad mean (3.21e-06)
[SwinTransformer] Warning: very low grad mean (6.49e-06)
[SwinTransformer] Warning: very low grad mean (5.05e-06)
[SwinTransformer] Warning: very low grad mean (1.41e-06)
[SwinTransformer] Warning: very low grad mean (5.03e-05)
[SwinTransformer] Warning: very low grad mean (1.27e-05)
[SwinTransformer] Warning: very low grad mean (2.13e-05)
[SwinTransformer] Warning: very low grad mean (2.47e-05)
[SwinTransformer] Warning: very low grad mean (2.06e-06)
[SwinTransformer] Warning: very low grad mean (6.11e-06)
[SwinTransformer] Warning: very low grad mean (2.92e-05)
[SwinTransformer] Warning: very low grad mean (1.31e-06)
[SwinTransformer] Warning: very low grad mean (2.63e-06)
[SwinTransformer] Warning: very low grad mean (2.54e-06)
[SwinTransformer] Warning: very low grad mean (3.20e-06)
[SwinTransformer] Warning: very low grad mean (3.55e-05)
[SwinTransformer] Warning: very low grad mean (1.17e-05)
[SwinTransformer] Warning: very low grad mean (6.74e-05)
[SwinTransformer] Warning: very low grad mean (1.36e-06)
[SwinTransformer] Warning: very low grad mean (3.25e-07)
[SwinTransformer] Warning: very low grad mean (1.32e-06)
[SwinTransformer] Warning: very low grad mean (5.35e-06)
[SwinTransformer] Warning: very low grad mean (9.35e-06)
[SwinTransformer] Warning: very low grad mean (6.80e-06)
[SwinTransformer] Warning: very low grad mean (8.37e-07)
[SwinTransformer] Warning: very low grad mean (3.60e-05)
[SwinTransformer] Warning: very low grad mean (1.07e-06)
[SwinTransformer] Warning: very low grad mean (7.17e-06)
[SwinTransformer] Warning: very low grad mean (1.17e-06)
[SwinTransformer] Warning: very low grad mean (2.83e-06)
[SwinTransformer] Warning: very low grad mean (1.83e-05)
[SwinTransformer] Warning: very low grad mean (2.45e-06)
[SwinTransformer] Warning: very low grad mean (3.31e-06)
[SwinTransformer] Warning: very low grad mean (9.03e-07)
[SwinTransformer] Warning: very low grad mean (5.30e-06)
[SwinTransformer] Warning: very low grad mean (6.24e-05)
[SwinTransformer] Warning: very low grad mean (3.11e-05)
[SwinTransformer] Train Epoch 15: Loss=0.00425, Acc=0.99857
[SwinTransformer] Val Epoch 15: Loss=0.47369, Acc=0.93111
[SwinTransformer] Warning: very low grad mean (4.26e-06)
[SwinTransformer] Warning: very low grad mean (8.15e-06)
[SwinTransformer] Warning: very low grad mean (1.74e-06)
[SwinTransformer] Warning: very low grad mean (1.84e-05)
[SwinTransformer] Warning: very low grad mean (7.63e-06)
[SwinTransformer] Warning: very low grad mean (9.32e-05)
[SwinTransformer] Warning: very low grad mean (2.19e-05)
[SwinTransformer] Warning: very low grad mean (9.54e-05)
[SwinTransformer] Warning: very low grad mean (8.51e-05)
[SwinTransformer] Warning: very low grad mean (7.23e-05)
[SwinTransformer] Warning: very low grad mean (8.16e-05)
[SwinTransformer] Warning: very low grad mean (8.60e-05)
[SwinTransformer] Train Epoch 16: Loss=0.04011, Acc=0.99000
[SwinTransformer] Val Epoch 16: Loss=0.20825, Acc=0.95111
[SwinTransformer] Warning: very low grad mean (5.65e-05)
[SwinTransformer] Warning: very low grad mean (3.70e-05)
[SwinTransformer] Warning: very low grad mean (8.17e-05)
[SwinTransformer] Warning: very low grad mean (3.10e-05)
[SwinTransformer] Warning: very low grad mean (7.99e-05)
[SwinTransformer] Warning: very low grad mean (2.37e-05)
[SwinTransformer] Warning: very low grad mean (8.20e-06)
[SwinTransformer] Warning: very low grad mean (5.90e-05)
[SwinTransformer] Warning: very low grad mean (5.94e-05)
[SwinTransformer] Warning: very low grad mean (2.37e-05)
[SwinTransformer] Warning: very low grad mean (6.63e-05)
[SwinTransformer] Warning: very low grad mean (2.26e-05)
[SwinTransformer] Warning: very low grad mean (3.44e-05)
[SwinTransformer] Warning: very low grad mean (3.42e-05)
[SwinTransformer] Warning: very low grad mean (8.26e-05)
[SwinTransformer] Warning: very low grad mean (2.24e-05)
[SwinTransformer] Warning: very low grad mean (3.47e-05)
[SwinTransformer] Warning: very low grad mean (1.66e-05)
[SwinTransformer] Train Epoch 17: Loss=0.02408, Acc=0.99286
[SwinTransformer] Val Epoch 17: Loss=0.13086, Acc=0.96667
[SwinTransformer] Early stopping on epoch 17
Accuracy on Test: 0.97556
=== Training finished for SwinTransformer ===

