=== Training started for VisionTransformer with strategy: full ===
Device: cuda, LR: 0.0001, Batch size: 50, Epochs: 20
[Strategy 3] Training all weights: 85,996,034 / 85,996,034 (100.00%)
[VisionTransformer] Train Epoch 1: Loss=0.23693, Acc=0.90143
[VisionTransformer] Val Epoch 1: Loss=0.14547, Acc=0.93778
[VisionTransformer] Warning: very low grad mean (6.38e-05)
[VisionTransformer] Train Epoch 2: Loss=0.09086, Acc=0.96952
[VisionTransformer] Val Epoch 2: Loss=0.35640, Acc=0.87111
[VisionTransformer] Warning: very low grad mean (9.43e-05)
[VisionTransformer] Warning: very low grad mean (8.58e-05)
[VisionTransformer] Warning: very low grad mean (2.17e-05)
[VisionTransformer] Warning: very low grad mean (6.44e-05)
[VisionTransformer] Warning: very low grad mean (1.97e-05)
[VisionTransformer] Train Epoch 3: Loss=0.04910, Acc=0.98429
[VisionTransformer] Val Epoch 3: Loss=0.09148, Acc=0.96222
[VisionTransformer] Warning: very low grad mean (9.91e-05)
[VisionTransformer] Warning: very low grad mean (1.86e-05)
[VisionTransformer] Warning: very low grad mean (1.79e-05)
[VisionTransformer] Warning: very low grad mean (4.57e-05)
[VisionTransformer] Warning: very low grad mean (9.00e-05)
[VisionTransformer] Warning: very low grad mean (2.06e-05)
[VisionTransformer] Warning: very low grad mean (4.78e-05)
[VisionTransformer] Warning: very low grad mean (4.20e-05)
[VisionTransformer] Warning: very low grad mean (4.64e-05)
[VisionTransformer] Warning: very low grad mean (7.62e-05)
[VisionTransformer] Warning: very low grad mean (2.62e-05)
[VisionTransformer] Warning: very low grad mean (1.20e-05)
[VisionTransformer] Warning: very low grad mean (9.87e-05)
[VisionTransformer] Warning: very low grad mean (1.29e-05)
[VisionTransformer] Warning: very low grad mean (5.47e-05)
[VisionTransformer] Warning: very low grad mean (9.26e-05)
[VisionTransformer] Warning: very low grad mean (6.06e-05)
[VisionTransformer] Warning: very low grad mean (4.32e-05)
[VisionTransformer] Train Epoch 4: Loss=0.02079, Acc=0.99381
[VisionTransformer] Val Epoch 4: Loss=0.07171, Acc=0.97333
[VisionTransformer] Warning: very low grad mean (7.00e-05)
[VisionTransformer] Warning: very low grad mean (4.04e-05)
[VisionTransformer] Warning: very low grad mean (5.40e-05)
[VisionTransformer] Warning: very low grad mean (2.34e-05)
[VisionTransformer] Warning: very low grad mean (1.72e-05)
[VisionTransformer] Warning: very low grad mean (1.40e-05)
[VisionTransformer] Warning: very low grad mean (2.03e-05)
[VisionTransformer] Warning: very low grad mean (3.68e-05)
[VisionTransformer] Warning: very low grad mean (9.10e-05)
[VisionTransformer] Warning: very low grad mean (1.87e-05)
[VisionTransformer] Warning: very low grad mean (2.79e-05)
[VisionTransformer] Warning: very low grad mean (7.62e-06)
[VisionTransformer] Warning: very low grad mean (6.50e-05)
[VisionTransformer] Warning: very low grad mean (1.88e-05)
[VisionTransformer] Warning: very low grad mean (1.11e-05)
[VisionTransformer] Train Epoch 5: Loss=0.02915, Acc=0.99000
[VisionTransformer] Val Epoch 5: Loss=0.48684, Acc=0.85333
[VisionTransformer] Warning: very low grad mean (9.06e-05)
[VisionTransformer] Warning: very low grad mean (7.70e-05)
[VisionTransformer] Warning: very low grad mean (4.72e-05)
[VisionTransformer] Warning: very low grad mean (4.57e-05)
[VisionTransformer] Warning: very low grad mean (6.92e-05)
[VisionTransformer] Warning: very low grad mean (3.24e-05)
[VisionTransformer] Warning: very low grad mean (3.60e-05)
[VisionTransformer] Warning: very low grad mean (6.01e-05)
[VisionTransformer] Train Epoch 6: Loss=0.05895, Acc=0.98143
[VisionTransformer] Val Epoch 6: Loss=0.17551, Acc=0.94667
[VisionTransformer] Warning: very low grad mean (1.14e-05)
[VisionTransformer] Warning: very low grad mean (8.59e-05)
[VisionTransformer] Warning: very low grad mean (2.33e-05)
[VisionTransformer] Warning: very low grad mean (3.11e-05)
[VisionTransformer] Warning: very low grad mean (8.29e-05)
[VisionTransformer] Warning: very low grad mean (8.48e-05)
[VisionTransformer] Warning: very low grad mean (1.44e-05)
[VisionTransformer] Warning: very low grad mean (1.61e-05)
[VisionTransformer] Warning: very low grad mean (6.89e-05)
[VisionTransformer] Warning: very low grad mean (8.95e-05)
[VisionTransformer] Warning: very low grad mean (1.14e-05)
[VisionTransformer] Warning: very low grad mean (1.02e-05)
[VisionTransformer] Warning: very low grad mean (3.71e-05)
[VisionTransformer] Warning: very low grad mean (4.05e-05)
[VisionTransformer] Warning: very low grad mean (2.01e-05)
[VisionTransformer] Train Epoch 7: Loss=0.02496, Acc=0.98952
[VisionTransformer] Val Epoch 7: Loss=0.13982, Acc=0.96000
[VisionTransformer] Warning: very low grad mean (5.03e-05)
[VisionTransformer] Warning: very low grad mean (3.73e-05)
[VisionTransformer] Warning: very low grad mean (9.66e-06)
[VisionTransformer] Warning: very low grad mean (6.87e-05)
[VisionTransformer] Warning: very low grad mean (2.61e-05)
[VisionTransformer] Warning: very low grad mean (9.27e-06)
[VisionTransformer] Warning: very low grad mean (2.15e-05)
[VisionTransformer] Warning: very low grad mean (3.65e-05)
[VisionTransformer] Warning: very low grad mean (9.86e-05)
[VisionTransformer] Warning: very low grad mean (7.76e-05)
[VisionTransformer] Warning: very low grad mean (5.16e-05)
[VisionTransformer] Warning: very low grad mean (6.83e-05)
[VisionTransformer] Warning: very low grad mean (2.03e-05)
[VisionTransformer] Warning: very low grad mean (2.64e-05)
[VisionTransformer] Train Epoch 8: Loss=0.02468, Acc=0.99095
[VisionTransformer] Val Epoch 8: Loss=0.14023, Acc=0.95778
[VisionTransformer] Warning: very low grad mean (6.35e-05)
[VisionTransformer] Warning: very low grad mean (2.76e-05)
[VisionTransformer] Warning: very low grad mean (8.47e-05)
[VisionTransformer] Warning: very low grad mean (4.51e-05)
[VisionTransformer] Warning: very low grad mean (9.85e-05)
[VisionTransformer] Warning: very low grad mean (4.12e-05)
[VisionTransformer] Warning: very low grad mean (7.07e-06)
[VisionTransformer] Warning: very low grad mean (2.26e-05)
[VisionTransformer] Warning: very low grad mean (4.30e-05)
[VisionTransformer] Warning: very low grad mean (3.22e-05)
[VisionTransformer] Warning: very low grad mean (4.48e-05)
[VisionTransformer] Warning: very low grad mean (1.83e-05)
[VisionTransformer] Warning: very low grad mean (1.07e-05)
[VisionTransformer] Warning: very low grad mean (6.54e-05)
[VisionTransformer] Warning: very low grad mean (4.77e-05)
[VisionTransformer] Warning: very low grad mean (7.11e-06)
[VisionTransformer] Warning: very low grad mean (3.02e-05)
[VisionTransformer] Train Epoch 9: Loss=0.01703, Acc=0.99429
[VisionTransformer] Val Epoch 9: Loss=0.15091, Acc=0.95333
[VisionTransformer] Warning: very low grad mean (3.75e-05)
[VisionTransformer] Warning: very low grad mean (2.71e-05)
[VisionTransformer] Warning: very low grad mean (5.22e-05)
[VisionTransformer] Warning: very low grad mean (4.56e-05)
[VisionTransformer] Warning: very low grad mean (1.39e-05)
[VisionTransformer] Warning: very low grad mean (2.25e-05)
[VisionTransformer] Warning: very low grad mean (5.16e-05)
[VisionTransformer] Warning: very low grad mean (1.84e-05)
[VisionTransformer] Warning: very low grad mean (3.96e-05)
[VisionTransformer] Warning: very low grad mean (1.30e-05)
[VisionTransformer] Warning: very low grad mean (3.69e-05)
[VisionTransformer] Warning: very low grad mean (2.38e-05)
[VisionTransformer] Warning: very low grad mean (2.42e-05)
[VisionTransformer] Warning: very low grad mean (1.66e-05)
[VisionTransformer] Warning: very low grad mean (2.21e-05)
[VisionTransformer] Warning: very low grad mean (2.88e-05)
[VisionTransformer] Warning: very low grad mean (9.78e-06)
[VisionTransformer] Warning: very low grad mean (8.87e-06)
[VisionTransformer] Warning: very low grad mean (3.75e-05)
[VisionTransformer] Warning: very low grad mean (1.04e-05)
[VisionTransformer] Train Epoch 10: Loss=0.01350, Acc=0.99619
[VisionTransformer] Val Epoch 10: Loss=0.20299, Acc=0.94222
[VisionTransformer] Warning: very low grad mean (2.03e-05)
[VisionTransformer] Warning: very low grad mean (2.52e-05)
[VisionTransformer] Warning: very low grad mean (1.31e-05)
[VisionTransformer] Warning: very low grad mean (5.09e-06)
[VisionTransformer] Warning: very low grad mean (4.96e-06)
[VisionTransformer] Warning: very low grad mean (1.19e-05)
[VisionTransformer] Warning: very low grad mean (6.57e-06)
[VisionTransformer] Warning: very low grad mean (2.20e-05)
[VisionTransformer] Warning: very low grad mean (3.07e-05)
[VisionTransformer] Warning: very low grad mean (1.27e-05)
[VisionTransformer] Warning: very low grad mean (8.88e-05)
[VisionTransformer] Warning: very low grad mean (9.31e-05)
[VisionTransformer] Warning: very low grad mean (1.58e-05)
[VisionTransformer] Warning: very low grad mean (4.49e-05)
[VisionTransformer] Warning: very low grad mean (3.04e-05)
[VisionTransformer] Warning: very low grad mean (6.06e-05)
[VisionTransformer] Warning: very low grad mean (6.92e-05)
[VisionTransformer] Warning: very low grad mean (1.73e-05)
[VisionTransformer] Train Epoch 11: Loss=0.01407, Acc=0.99429
[VisionTransformer] Val Epoch 11: Loss=0.27051, Acc=0.92444
[VisionTransformer] Warning: very low grad mean (6.90e-05)
[VisionTransformer] Warning: very low grad mean (1.43e-05)
[VisionTransformer] Warning: very low grad mean (3.07e-05)
[VisionTransformer] Warning: very low grad mean (3.58e-06)
[VisionTransformer] Warning: very low grad mean (6.24e-06)
[VisionTransformer] Warning: very low grad mean (1.75e-05)
[VisionTransformer] Warning: very low grad mean (7.61e-05)
[VisionTransformer] Warning: very low grad mean (6.16e-05)
[VisionTransformer] Warning: very low grad mean (7.28e-06)
[VisionTransformer] Warning: very low grad mean (3.58e-05)
[VisionTransformer] Warning: very low grad mean (1.32e-05)
[VisionTransformer] Warning: very low grad mean (3.23e-05)
[VisionTransformer] Warning: very low grad mean (1.02e-05)
[VisionTransformer] Warning: very low grad mean (3.33e-05)
[VisionTransformer] Warning: very low grad mean (8.56e-05)
[VisionTransformer] Warning: very low grad mean (2.73e-05)
[VisionTransformer] Warning: very low grad mean (1.71e-05)
[VisionTransformer] Warning: very low grad mean (1.80e-05)
[VisionTransformer] Warning: very low grad mean (2.66e-05)
[VisionTransformer] Warning: very low grad mean (2.62e-05)
[VisionTransformer] Warning: very low grad mean (4.47e-05)
[VisionTransformer] Warning: very low grad mean (4.99e-06)
[VisionTransformer] Warning: very low grad mean (3.35e-05)
[VisionTransformer] Warning: very low grad mean (7.60e-05)
[VisionTransformer] Warning: very low grad mean (5.13e-05)
[VisionTransformer] Warning: very low grad mean (1.59e-05)
[VisionTransformer] Warning: very low grad mean (7.32e-05)
[VisionTransformer] Train Epoch 12: Loss=0.01959, Acc=0.99429
[VisionTransformer] Val Epoch 12: Loss=0.13277, Acc=0.95556
[VisionTransformer] Warning: very low grad mean (3.61e-05)
[VisionTransformer] Warning: very low grad mean (2.59e-05)
[VisionTransformer] Warning: very low grad mean (2.38e-05)
[VisionTransformer] Warning: very low grad mean (5.02e-05)
[VisionTransformer] Warning: very low grad mean (9.89e-05)
[VisionTransformer] Warning: very low grad mean (2.69e-05)
[VisionTransformer] Warning: very low grad mean (4.25e-06)
[VisionTransformer] Warning: very low grad mean (8.78e-05)
[VisionTransformer] Warning: very low grad mean (8.09e-06)
[VisionTransformer] Warning: very low grad mean (3.70e-06)
[VisionTransformer] Warning: very low grad mean (3.93e-05)
[VisionTransformer] Warning: very low grad mean (6.22e-06)
[VisionTransformer] Warning: very low grad mean (7.54e-06)
[VisionTransformer] Warning: very low grad mean (3.29e-05)
[VisionTransformer] Warning: very low grad mean (3.07e-05)
[VisionTransformer] Warning: very low grad mean (1.55e-05)
[VisionTransformer] Warning: very low grad mean (6.78e-05)
[VisionTransformer] Warning: very low grad mean (1.29e-05)
[VisionTransformer] Train Epoch 13: Loss=0.01700, Acc=0.99429
[VisionTransformer] Val Epoch 13: Loss=0.13027, Acc=0.96667
[VisionTransformer] Warning: very low grad mean (5.80e-06)
[VisionTransformer] Warning: very low grad mean (2.65e-05)
[VisionTransformer] Warning: very low grad mean (8.50e-05)
[VisionTransformer] Warning: very low grad mean (9.37e-06)
[VisionTransformer] Warning: very low grad mean (4.35e-05)
[VisionTransformer] Warning: very low grad mean (1.09e-05)
[VisionTransformer] Warning: very low grad mean (5.03e-05)
[VisionTransformer] Warning: very low grad mean (9.89e-05)
[VisionTransformer] Warning: very low grad mean (2.06e-05)
[VisionTransformer] Warning: very low grad mean (8.58e-05)
[VisionTransformer] Warning: very low grad mean (8.52e-05)
[VisionTransformer] Warning: very low grad mean (3.78e-05)
[VisionTransformer] Warning: very low grad mean (7.74e-05)
[VisionTransformer] Warning: very low grad mean (2.74e-05)
[VisionTransformer] Train Epoch 14: Loss=0.04066, Acc=0.98429
[VisionTransformer] Val Epoch 14: Loss=0.21853, Acc=0.94000
[VisionTransformer] Early stopping on epoch 14
Accuracy on Test: 0.94222
=== Training finished for VisionTransformer ===

